#
# A fatal error has been detected by the Java Runtime Environment:
#
#  EXCEPTION_ACCESS_VIOLATION (0xc0000005) at pc=0x00007ff86ebf32a6, pid=9356, tid=18232
#
# JRE version: Java(TM) SE Runtime Environment (13.0.2+8) (build 13.0.2+8)
# Java VM: Java HotSpot(TM) 64-Bit Server VM (13.0.2+8, mixed mode, sharing, tiered, compressed oops, g1 gc, windows-amd64)
# Problematic frame:
# V  [jvm.dll+0x6b32a6]
#
# No core dump will be written. Minidumps are not enabled by default on client versions of Windows
#
# If you would like to submit a bug report, please visit:
#   http://bugreport.java.com/bugreport/crash.jsp
#

---------------  S U M M A R Y ------------

Command Line: -Dcom.sun.management.jmxremote -Dcom.sun.management.jmxremote.port=49929 -Dcom.sun.management.jmxremote.authenticate=false -Dcom.sun.management.jmxremote.ssl=false -Djava.rmi.server.hostname=localhost -Dspring.jmx.enabled=true -Dspring.application.admin.enabled=true -Xverify:none -XX:TieredStopAtLevel=1 -Dspring.boot.project.name=Assignment4 -Dfile.encoding=UTF-8 com.daneeats.auth.WebApplication --spring.output.ansi.enabled=always

Host: Intel(R) Core(TM) i7-1065G7 CPU @ 1.30GHz, 8 cores, 7G,  Windows 10 , 64 bit Build 18362 (10.0.18362.1110)
Time: Wed Oct 28 17:30:51 2020 Eastern Daylight Time elapsed time: 0 seconds (0d 0h 0m 0s)

---------------  T H R E A D  ---------------

Current thread (0x0000027e37310000):  WatcherThread [stack: 0x000000942af00000,0x000000942b000000] [id=18232]

Stack: [0x000000942af00000,0x000000942b000000],  sp=0x000000942afff8f0,  free space=1022k
Native frames: (J=compiled Java code, j=interpreted, Vv=VM code, C=native code)
V  [jvm.dll+0x6b32a6]
V  [jvm.dll+0x70285d]
V  [jvm.dll+0x736d1f]
V  [jvm.dll+0x72fcaa]
V  [jvm.dll+0x623ea6]
C  [ucrtbase.dll+0x210b2]
C  [KERNEL32.DLL+0x17c24]
C  [ntdll.dll+0x6cea1]


siginfo: EXCEPTION_ACCESS_VIOLATION (0xc0000005), reading address 0x0000000c0000000b


Register to memory mapping:

RIP=0x00007ff86ebf32a6 jvm.dll
RAX=0x0000000c0000000b is an unknown value
RBX=0x0 is NULL
RCX=0x0000027e37300da0 points into unknown readable memory: 58 14 e1 6e f8 7f 00 00
RDX=0x0000000000000033 is an unknown value
RSP=0x000000942afff8f0 points into unknown readable memory: fd ff ff ff 00 00 00 00
RBP=0x0000000000000002 is an unknown value
RSI=0x0000027e3726a670 points into unknown readable memory: 0b 00 00 00 0c 00 00 00
RDI=0x0000000000000001 is an unknown value
R8 =0x0000000000000031 is an unknown value
R9 =0x000000007ffe1000 points into unknown readable memory: 48 61 6c 54 00 00 00 00
R10=0x00000000546c6148 is an unknown value
R11=0xfffffffffd8e2075 is an unknown value
R12=0x0 is NULL
R13=0x0000027e37310000 points into unknown readable memory: 78 6c e1 6e f8 7f 00 00
R14=0x0000000000000002 is an unknown value
R15=0x0000027e3730e1c0 points into unknown readable memory: 00 00 00 00 00 00 00 00


Registers:
RAX=0x0000000c0000000b, RBX=0x0000000000000000, RCX=0x0000027e37300da0, RDX=0x0000000000000033
RSP=0x000000942afff8f0, RBP=0x0000000000000002, RSI=0x0000027e3726a670, RDI=0x0000000000000001
R8 =0x0000000000000031, R9 =0x000000007ffe1000, R10=0x00000000546c6148, R11=0xfffffffffd8e2075
R12=0x0000000000000000, R13=0x0000027e37310000, R14=0x0000000000000002, R15=0x0000027e3730e1c0
RIP=0x00007ff86ebf32a6, EFLAGS=0x0000000000010246

Top of Stack: (sp=0x000000942afff8f0)
0x000000942afff8f0:   00000000fffffffd 00007ff86eb64719
0x000000942afff900:   00001f800010001b 0000000000000033
0x000000942afff910:   00007ff86efe6ec8 00007ff86ec4285d
0x000000942afff920:   0000027e16ccf8c0 0000027e16ccf8c0
0x000000942afff930:   0000000000000001 0000000000000000
0x000000942afff940:   0000027e3730e1c0 0000003a73101b04
0x000000942afff950:   0000000000000001 00007ff86ec76d1f
0x000000942afff960:   0000000000000001 0000027e16ccf8c0
0x000000942afff970:   0000000000000002 0000000000000002
0x000000942afff980:   0000000000000000 00007ff86eb3a833
0x000000942afff990:   0000000000000000 00007ff86eb635ef
0x000000942afff9a0:   0000000000000000 0000000000000000
0x000000942afff9b0:   0000027e37310000 00007ff86ec750df
0x000000942afff9c0:   0000027e37310000 0000000000000000
0x000000942afff9d0:   0000000000000000 000000942afffcd0
0x000000942afff9e0:   0000027e37310000 00007ff86ec6fcaa 

Instructions: (pc=0x00007ff86ebf32a6)
0x00007ff86ebf31a6:   cc cc cc cc cc cc cc cc cc cc 48 83 ec 28 80 3d
0x00007ff86ebf31b6:   bf 2f 34 00 00 74 6c 48 83 3d 3b 1b 3e 00 00 75
0x00007ff86ebf31c6:   62 48 89 5c 24 20 e8 2f fb ff ff e8 0a aa f9 ff
0x00007ff86ebf31d6:   45 33 c0 48 89 05 28 1b 3e 00 41 8d 50 08 8d 4a
0x00007ff86ebf31e6:   08 e8 e4 5a a0 ff 48 8b d8 48 85 c0 74 1b 48 63
0x00007ff86ebf31f6:   15 ed 30 34 00 48 8b c8 e8 ad f3 04 00 48 8d 05
0x00007ff86ebf3206:   4e e2 21 00 48 89 03 eb 02 33 db 48 8b cb 48 89
0x00007ff86ebf3216:   1d e5 1a 3e 00 48 8b 5c 24 20 48 83 c4 28 e9 07
0x00007ff86ebf3226:   f5 04 00 48 83 c4 28 c3 cc cc 48 89 5c 24 10 56
0x00007ff86ebf3236:   48 83 ec 20 48 8b 01 33 db 48 8b f1 39 18 7e 2a
0x00007ff86ebf3246:   48 89 7c 24 30 8b fb 0f 1f 00 48 8b 40 18 48 8b
0x00007ff86ebf3256:   0c 07 48 8b 01 ff 50 08 48 8b 06 48 8d 7f 08 ff
0x00007ff86ebf3266:   c3 3b 18 7c e5 48 8b 7c 24 30 48 8b 5c 24 38 48
0x00007ff86ebf3276:   83 c4 20 5e c3 cc cc cc cc cc e9 3b b9 f6 ff cc
0x00007ff86ebf3286:   cc cc cc cc cc cc cc cc cc cc 48 89 5c 24 10 56
0x00007ff86ebf3296:   48 83 ec 20 48 8b 35 67 1a 3e 00 33 db 48 8b 06
0x00007ff86ebf32a6:   39 18 7e 27 48 89 7c 24 30 8b fb 48 8b 40 18 48
0x00007ff86ebf32b6:   8b 0c 07 48 8b 01 ff 50 08 48 8b 06 48 8d 7f 08
0x00007ff86ebf32c6:   ff c3 3b 18 7c e5 48 8b 7c 24 30 48 8b 5c 24 38
0x00007ff86ebf32d6:   48 83 c4 20 5e c3 cc cc cc cc 48 85 d2 48 8d 05
0x00007ff86ebf32e6:   46 5b 1c 00 48 89 01 4c 8d 0d f4 4b 1d 00 4c 89
0x00007ff86ebf32f6:   49 08 48 8d 41 08 48 0f 44 d1 4d 85 c0 48 89 51
0x00007ff86ebf3306:   10 49 0f 45 c0 48 89 41 18 48 8b c1 c3 cc cc cc
0x00007ff86ebf3316:   cc cc cc cc cc cc cc cc cc cc 40 53 48 81 ec b0
0x00007ff86ebf3326:   00 00 00 48 8b d9 48 8d 4c 24 20 e8 3a 02 00 00
0x00007ff86ebf3336:   48 8d 54 24 20 48 8b cb e8 0d 0e 00 00 48 81 c4
0x00007ff86ebf3346:   b0 00 00 00 5b c3 cc cc cc cc 48 83 ec 28 e8 67
0x00007ff86ebf3356:   67 95 ff 48 83 c4 28 e9 be 0f 00 00 cc cc cc cc
0x00007ff86ebf3366:   cc cc cc cc cc cc cc cc cc cc 40 53 48 83 ec 20
0x00007ff86ebf3376:   0f b6 d9 e8 e2 00 00 00 0f b6 cb 48 83 c4 20 5b
0x00007ff86ebf3386:   e9 b5 10 00 00 cc cc cc cc cc 48 89 5c 24 08 57
0x00007ff86ebf3396:   48 83 ec 20 8b da 48 8b f9 e8 ec 00 00 00 8b d3 


Stack slot to memory mapping:
stack at sp + 0 slots: 
[error occurred during error reporting (inspecting top of stack), id 0xc0000005, EXCEPTION_ACCESS_VIOLATION (0xc0000005) at pc=0x00007ff86e8269bf]


---------------  P R O C E S S  ---------------

Threads class SMR info:
_java_thread_list=0x0000027e373016c0, length=12, elements={
0x0000027e16cd3800, 0x0000027e36247000, 0x0000027e36248000, 0x0000027e36260000,
0x0000027e36261000, 0x0000027e36264000, 0x0000027e3626b000, 0x0000027e363f8000,
0x0000027e36430000, 0x0000027e372bd800, 0x0000027e372e6000, 0x0000027e37304800
}

Java Threads: ( => current thread )
  0x0000027e16cd3800 JavaThread "main" [_thread_blocked, id=18784, stack(0x0000009429d00000,0x0000009429e00000)]
  0x0000027e36247000 JavaThread "Reference Handler" daemon [_thread_blocked, id=18860, stack(0x000000942a400000,0x000000942a500000)]
  0x0000027e36248000 JavaThread "Finalizer" daemon [_thread_blocked, id=16976, stack(0x000000942a500000,0x000000942a600000)]
  0x0000027e36260000 JavaThread "Signal Dispatcher" daemon [_thread_blocked, id=10776, stack(0x000000942a600000,0x000000942a700000)]
  0x0000027e36261000 JavaThread "Attach Listener" daemon [_thread_blocked, id=8156, stack(0x000000942a700000,0x000000942a800000)]
  0x0000027e36264000 JavaThread "C1 CompilerThread0" daemon [_thread_blocked, id=14380, stack(0x000000942a800000,0x000000942a900000)]
  0x0000027e3626b000 JavaThread "Sweeper thread" daemon [_thread_blocked, id=5168, stack(0x000000942a900000,0x000000942aa00000)]
  0x0000027e363f8000 JavaThread "Common-Cleaner" daemon [_thread_blocked, id=13884, stack(0x000000942aa00000,0x000000942ab00000)]
  0x0000027e36430000 JavaThread "Service Thread" daemon [_thread_blocked, id=17640, stack(0x000000942ab00000,0x000000942ac00000)]
  0x0000027e372bd800 JavaThread "RMI TCP Accept-0" daemon [_thread_in_native, id=10360, stack(0x000000942ac00000,0x000000942ad00000)]
  0x0000027e372e6000 JavaThread "RMI TCP Accept-49929" daemon [_thread_in_native, id=4100, stack(0x000000942ad00000,0x000000942ae00000)]
  0x0000027e37304800 JavaThread "RMI TCP Accept-0" daemon [_thread_in_native, id=18208, stack(0x000000942ae00000,0x000000942af00000)]

Other Threads:
  0x0000027e36242000 VMThread "VM Thread" [stack: 0x000000942a300000,0x000000942a400000] [id=13420]
=>0x0000027e37310000 WatcherThread [stack: 0x000000942af00000,0x000000942b000000] [id=18232]
  0x0000027e16d18000 GCTaskThread "GC Thread#0" [stack: 0x0000009429e00000,0x0000009429f00000] [id=5508]
  0x0000027e37310800 GCTaskThread "GC Thread#1" [stack: 0x000000942b000000,0x000000942b100000] [id=15976]
  0x0000027e37311800 GCTaskThread "GC Thread#2" [stack: 0x000000942b100000,0x000000942b200000] [id=1588]
  0x0000027e16d29000 ConcurrentGCThread "G1 Main Marker" [stack: 0x0000009429f00000,0x000000942a000000] [id=17404]
  0x0000027e16d2b000 ConcurrentGCThread "G1 Conc#0" [stack: 0x000000942a000000,0x000000942a100000] [id=8136]
  0x0000027e3557b800 ConcurrentGCThread "G1 Refine#0" [stack: 0x000000942a100000,0x000000942a200000] [id=17092]
  0x0000027e3557e800 ConcurrentGCThread "G1 Young RemSet Sampling" [stack: 0x000000942a200000,0x000000942a300000] [id=8100]

Threads with active compile tasks:
C1 CompilerThread0      770  916       1       java.util.jar.Attributes$Name::hashCode (5 bytes)

VM state:at safepoint (normal execution)

VM Mutex/Monitor currently owned by a thread:  ([mutex/lock_event])
[0x0000027e16cd0130] Threads_lock - owner thread: 0x0000027e36242000
[0x0000027e16cd0880] Heap_lock - owner thread: 0x0000027e16cd3800
[0x0000027e16ccf8c0] PeriodicTask_lock - owner thread: 0x0000027e37310000

Heap address: 0x0000000083c00000, size: 1988 MB, Compressed Oops mode: 32-bit
Narrow klass base: 0x0000000800000000, Narrow klass shift: 3
Compressed class space size: 1073741824 Address: 0x0000000800b40000

Heap:
 garbage-first heap   total 129024K, used 43752K [0x0000000083c00000, 0x0000000100000000)
  region size 1024K, 27 young (27648K), 3 survivors (3072K)
 Metaspace       used 4177K, capacity 4946K, committed 4992K, reserved 1056768K
  class space    used 527K, capacity 596K, committed 640K, reserved 1048576K
Heap Regions: E=young(eden), S=young(survivor), O=old, HS=humongous(starts), HC=humongous(continues), CS=collection set, F=free, A=archive, TAMS=top-at-mark-start (previous, next)
|   0|0x0000000083c00000, 0x0000000083d00000, 0x0000000083d00000|100%|HS|  |TAMS 0x0000000083c00000, 0x0000000083c00000| Complete 
|   1|0x0000000083d00000, 0x0000000083e00000, 0x0000000083e00000|100%| O|  |TAMS 0x0000000083d00000, 0x0000000083d00000| Untracked 
|   2|0x0000000083e00000, 0x0000000083f00000, 0x0000000083f00000|100%| O|  |TAMS 0x0000000083e00000, 0x0000000083e00000| Untracked 
|   3|0x0000000083f00000, 0x0000000084000000, 0x0000000084000000|100%| O|  |TAMS 0x0000000083f00000, 0x0000000083f00000| Untracked 
|   4|0x0000000084000000, 0x0000000084100000, 0x0000000084100000|100%| O|  |TAMS 0x0000000084000000, 0x0000000084000000| Untracked 
|   5|0x0000000084100000, 0x0000000084200000, 0x0000000084200000|100%| O|  |TAMS 0x0000000084100000, 0x0000000084100000| Untracked 
|   6|0x0000000084200000, 0x0000000084300000, 0x0000000084300000|100%| O|  |TAMS 0x0000000084200000, 0x0000000084200000| Untracked 
|   7|0x0000000084300000, 0x0000000084400000, 0x0000000084400000|100%| O|  |TAMS 0x0000000084300000, 0x0000000084300000| Untracked 
|   8|0x0000000084400000, 0x0000000084500000, 0x0000000084500000|100%| O|  |TAMS 0x0000000084400000, 0x0000000084400000| Untracked 
|   9|0x0000000084500000, 0x0000000084600000, 0x0000000084600000|100%| O|  |TAMS 0x0000000084500000, 0x0000000084500000| Untracked 
|  10|0x0000000084600000, 0x0000000084700000, 0x0000000084700000|100%| O|  |TAMS 0x0000000084600000, 0x0000000084600000| Untracked 
|  11|0x0000000084700000, 0x0000000084800000, 0x0000000084800000|100%| O|  |TAMS 0x0000000084700000, 0x0000000084700000| Untracked 
|  12|0x0000000084800000, 0x0000000084900000, 0x0000000084900000|100%| O|  |TAMS 0x0000000084800000, 0x0000000084800000| Untracked 
|  13|0x0000000084900000, 0x0000000084a00000, 0x0000000084a00000|100%| O|  |TAMS 0x0000000084900000, 0x0000000084900000| Untracked 
|  14|0x0000000084a00000, 0x0000000084b00000, 0x0000000084b00000|100%| O|  |TAMS 0x0000000084a00000, 0x0000000084a00000| Untracked 
|  15|0x0000000084b00000, 0x0000000084bba208, 0x0000000084c00000| 72%| O|  |TAMS 0x0000000084b00000, 0x0000000084b00000| Untracked 
|  16|0x0000000084c00000, 0x0000000084c00000, 0x0000000084d00000|  0%| F|  |TAMS 0x0000000084c00000, 0x0000000084c00000| Untracked 
|  17|0x0000000084d00000, 0x0000000084d00000, 0x0000000084e00000|  0%| F|  |TAMS 0x0000000084d00000, 0x0000000084d00000| Untracked 
|  18|0x0000000084e00000, 0x0000000084e00000, 0x0000000084f00000|  0%| F|  |TAMS 0x0000000084e00000, 0x0000000084e00000| Untracked 
|  19|0x0000000084f00000, 0x0000000084f00000, 0x0000000085000000|  0%| F|  |TAMS 0x0000000084f00000, 0x0000000084f00000| Untracked 
|  20|0x0000000085000000, 0x0000000085000000, 0x0000000085100000|  0%| F|  |TAMS 0x0000000085000000, 0x0000000085000000| Untracked 
|  21|0x0000000085100000, 0x0000000085100000, 0x0000000085200000|  0%| F|  |TAMS 0x0000000085100000, 0x0000000085100000| Untracked 
|  22|0x0000000085200000, 0x0000000085200000, 0x0000000085300000|  0%| F|  |TAMS 0x0000000085200000, 0x0000000085200000| Untracked 
|  23|0x0000000085300000, 0x0000000085300000, 0x0000000085400000|  0%| F|  |TAMS 0x0000000085300000, 0x0000000085300000| Untracked 
|  24|0x0000000085400000, 0x0000000085400000, 0x0000000085500000|  0%| F|  |TAMS 0x0000000085400000, 0x0000000085400000| Untracked 
|  25|0x0000000085500000, 0x0000000085500000, 0x0000000085600000|  0%| F|  |TAMS 0x0000000085500000, 0x0000000085500000| Untracked 
|  26|0x0000000085600000, 0x0000000085600000, 0x0000000085700000|  0%| F|  |TAMS 0x0000000085600000, 0x0000000085600000| Untracked 
|  27|0x0000000085700000, 0x0000000085700000, 0x0000000085800000|  0%| F|  |TAMS 0x0000000085700000, 0x0000000085700000| Untracked 
|  28|0x0000000085800000, 0x0000000085800000, 0x0000000085900000|  0%| F|  |TAMS 0x0000000085800000, 0x0000000085800000| Untracked 
|  29|0x0000000085900000, 0x0000000085900000, 0x0000000085a00000|  0%| F|  |TAMS 0x0000000085900000, 0x0000000085900000| Untracked 
|  30|0x0000000085a00000, 0x0000000085a00000, 0x0000000085b00000|  0%| F|  |TAMS 0x0000000085a00000, 0x0000000085a00000| Untracked 
|  31|0x0000000085b00000, 0x0000000085b00000, 0x0000000085c00000|  0%| F|  |TAMS 0x0000000085b00000, 0x0000000085b00000| Untracked 
|  32|0x0000000085c00000, 0x0000000085c00000, 0x0000000085d00000|  0%| F|  |TAMS 0x0000000085c00000, 0x0000000085c00000| Untracked 
|  33|0x0000000085d00000, 0x0000000085d00000, 0x0000000085e00000|  0%| F|  |TAMS 0x0000000085d00000, 0x0000000085d00000| Untracked 
|  34|0x0000000085e00000, 0x0000000085e00000, 0x0000000085f00000|  0%| F|  |TAMS 0x0000000085e00000, 0x0000000085e00000| Untracked 
|  35|0x0000000085f00000, 0x0000000085f00000, 0x0000000086000000|  0%| F|  |TAMS 0x0000000085f00000, 0x0000000085f00000| Untracked 
|  36|0x0000000086000000, 0x0000000086000000, 0x0000000086100000|  0%| F|  |TAMS 0x0000000086000000, 0x0000000086000000| Untracked 
|  37|0x0000000086100000, 0x0000000086100000, 0x0000000086200000|  0%| F|  |TAMS 0x0000000086100000, 0x0000000086100000| Untracked 
|  38|0x0000000086200000, 0x0000000086200000, 0x0000000086300000|  0%| F|  |TAMS 0x0000000086200000, 0x0000000086200000| Untracked 
|  39|0x0000000086300000, 0x0000000086300000, 0x0000000086400000|  0%| F|  |TAMS 0x0000000086300000, 0x0000000086300000| Untracked 
|  40|0x0000000086400000, 0x0000000086400000, 0x0000000086500000|  0%| F|  |TAMS 0x0000000086400000, 0x0000000086400000| Untracked 
|  41|0x0000000086500000, 0x0000000086500000, 0x0000000086600000|  0%| F|  |TAMS 0x0000000086500000, 0x0000000086500000| Untracked 
|  42|0x0000000086600000, 0x0000000086600000, 0x0000000086700000|  0%| F|  |TAMS 0x0000000086600000, 0x0000000086600000| Untracked 
|  43|0x0000000086700000, 0x0000000086700000, 0x0000000086800000|  0%| F|  |TAMS 0x0000000086700000, 0x0000000086700000| Untracked 
|  44|0x0000000086800000, 0x0000000086800000, 0x0000000086900000|  0%| F|  |TAMS 0x0000000086800000, 0x0000000086800000| Untracked 
|  45|0x0000000086900000, 0x0000000086900000, 0x0000000086a00000|  0%| F|  |TAMS 0x0000000086900000, 0x0000000086900000| Untracked 
|  46|0x0000000086a00000, 0x0000000086a00000, 0x0000000086b00000|  0%| F|  |TAMS 0x0000000086a00000, 0x0000000086a00000| Untracked 
|  47|0x0000000086b00000, 0x0000000086b00000, 0x0000000086c00000|  0%| F|  |TAMS 0x0000000086b00000, 0x0000000086b00000| Untracked 
|  48|0x0000000086c00000, 0x0000000086c00000, 0x0000000086d00000|  0%| F|  |TAMS 0x0000000086c00000, 0x0000000086c00000| Untracked 
|  49|0x0000000086d00000, 0x0000000086d00000, 0x0000000086e00000|  0%| F|  |TAMS 0x0000000086d00000, 0x0000000086d00000| Untracked 
|  50|0x0000000086e00000, 0x0000000086e00000, 0x0000000086f00000|  0%| F|  |TAMS 0x0000000086e00000, 0x0000000086e00000| Untracked 
|  51|0x0000000086f00000, 0x0000000086f00000, 0x0000000087000000|  0%| F|  |TAMS 0x0000000086f00000, 0x0000000086f00000| Untracked 
|  52|0x0000000087000000, 0x0000000087000000, 0x0000000087100000|  0%| F|  |TAMS 0x0000000087000000, 0x0000000087000000| Untracked 
|  53|0x0000000087100000, 0x0000000087100000, 0x0000000087200000|  0%| F|  |TAMS 0x0000000087100000, 0x0000000087100000| Untracked 
|  54|0x0000000087200000, 0x0000000087200000, 0x0000000087300000|  0%| F|  |TAMS 0x0000000087200000, 0x0000000087200000| Untracked 
|  55|0x0000000087300000, 0x0000000087300000, 0x0000000087400000|  0%| F|  |TAMS 0x0000000087300000, 0x0000000087300000| Untracked 
|  56|0x0000000087400000, 0x0000000087400000, 0x0000000087500000|  0%| F|  |TAMS 0x0000000087400000, 0x0000000087400000| Untracked 
|  57|0x0000000087500000, 0x0000000087500000, 0x0000000087600000|  0%| F|  |TAMS 0x0000000087500000, 0x0000000087500000| Untracked 
|  58|0x0000000087600000, 0x0000000087600000, 0x0000000087700000|  0%| F|  |TAMS 0x0000000087600000, 0x0000000087600000| Untracked 
|  59|0x0000000087700000, 0x0000000087700000, 0x0000000087800000|  0%| F|  |TAMS 0x0000000087700000, 0x0000000087700000| Untracked 
|  60|0x0000000087800000, 0x0000000087800000, 0x0000000087900000|  0%| F|  |TAMS 0x0000000087800000, 0x0000000087800000| Untracked 
|  61|0x0000000087900000, 0x0000000087900000, 0x0000000087a00000|  0%| F|  |TAMS 0x0000000087900000, 0x0000000087900000| Untracked 
|  62|0x0000000087a00000, 0x0000000087a00000, 0x0000000087b00000|  0%| F|  |TAMS 0x0000000087a00000, 0x0000000087a00000| Untracked 
|  63|0x0000000087b00000, 0x0000000087b00000, 0x0000000087c00000|  0%| F|  |TAMS 0x0000000087b00000, 0x0000000087b00000| Untracked 
|  64|0x0000000087c00000, 0x0000000087c00000, 0x0000000087d00000|  0%| F|  |TAMS 0x0000000087c00000, 0x0000000087c00000| Untracked 
|  65|0x0000000087d00000, 0x0000000087d00000, 0x0000000087e00000|  0%| F|  |TAMS 0x0000000087d00000, 0x0000000087d00000| Untracked 
|  66|0x0000000087e00000, 0x0000000087e00000, 0x0000000087f00000|  0%| F|  |TAMS 0x0000000087e00000, 0x0000000087e00000| Untracked 
|  67|0x0000000087f00000, 0x0000000087f00000, 0x0000000088000000|  0%| F|  |TAMS 0x0000000087f00000, 0x0000000087f00000| Untracked 
|  68|0x0000000088000000, 0x0000000088000000, 0x0000000088100000|  0%| F|  |TAMS 0x0000000088000000, 0x0000000088000000| Untracked 
|  69|0x0000000088100000, 0x0000000088100000, 0x0000000088200000|  0%| F|  |TAMS 0x0000000088100000, 0x0000000088100000| Untracked 
|  70|0x0000000088200000, 0x0000000088200000, 0x0000000088300000|  0%| F|  |TAMS 0x0000000088200000, 0x0000000088200000| Untracked 
|  71|0x0000000088300000, 0x0000000088300000, 0x0000000088400000|  0%| F|  |TAMS 0x0000000088300000, 0x0000000088300000| Untracked 
|  72|0x0000000088400000, 0x0000000088400000, 0x0000000088500000|  0%| F|  |TAMS 0x0000000088400000, 0x0000000088400000| Untracked 
|  73|0x0000000088500000, 0x0000000088500000, 0x0000000088600000|  0%| F|  |TAMS 0x0000000088500000, 0x0000000088500000| Untracked 
|  74|0x0000000088600000, 0x0000000088600000, 0x0000000088700000|  0%| F|  |TAMS 0x0000000088600000, 0x0000000088600000| Untracked 
|  75|0x0000000088700000, 0x0000000088700000, 0x0000000088800000|  0%| F|  |TAMS 0x0000000088700000, 0x0000000088700000| Untracked 
|  76|0x0000000088800000, 0x0000000088800000, 0x0000000088900000|  0%| F|  |TAMS 0x0000000088800000, 0x0000000088800000| Untracked 
|  77|0x0000000088900000, 0x0000000088900000, 0x0000000088a00000|  0%| F|  |TAMS 0x0000000088900000, 0x0000000088900000| Untracked 
|  78|0x0000000088a00000, 0x0000000088a00000, 0x0000000088b00000|  0%| F|  |TAMS 0x0000000088a00000, 0x0000000088a00000| Untracked 
|  79|0x0000000088b00000, 0x0000000088b00000, 0x0000000088c00000|  0%| F|  |TAMS 0x0000000088b00000, 0x0000000088b00000| Untracked 
|  80|0x0000000088c00000, 0x0000000088c00000, 0x0000000088d00000|  0%| F|  |TAMS 0x0000000088c00000, 0x0000000088c00000| Untracked 
|  81|0x0000000088d00000, 0x0000000088d00000, 0x0000000088e00000|  0%| F|  |TAMS 0x0000000088d00000, 0x0000000088d00000| Untracked 
|  82|0x0000000088e00000, 0x0000000088e00000, 0x0000000088f00000|  0%| F|  |TAMS 0x0000000088e00000, 0x0000000088e00000| Untracked 
|  83|0x0000000088f00000, 0x0000000088f00000, 0x0000000089000000|  0%| F|  |TAMS 0x0000000088f00000, 0x0000000088f00000| Untracked 
|  84|0x0000000089000000, 0x0000000089000000, 0x0000000089100000|  0%| F|  |TAMS 0x0000000089000000, 0x0000000089000000| Untracked 
|  85|0x0000000089100000, 0x0000000089100000, 0x0000000089200000|  0%| F|  |TAMS 0x0000000089100000, 0x0000000089100000| Untracked 
|  86|0x0000000089200000, 0x0000000089200000, 0x0000000089300000|  0%| F|  |TAMS 0x0000000089200000, 0x0000000089200000| Untracked 
|  87|0x0000000089300000, 0x0000000089300000, 0x0000000089400000|  0%| F|  |TAMS 0x0000000089300000, 0x0000000089300000| Untracked 
|  88|0x0000000089400000, 0x0000000089400000, 0x0000000089500000|  0%| F|  |TAMS 0x0000000089400000, 0x0000000089400000| Untracked 
|  89|0x0000000089500000, 0x0000000089500000, 0x0000000089600000|  0%| F|  |TAMS 0x0000000089500000, 0x0000000089500000| Untracked 
|  90|0x0000000089600000, 0x0000000089600000, 0x0000000089700000|  0%| F|  |TAMS 0x0000000089600000, 0x0000000089600000| Untracked 
|  91|0x0000000089700000, 0x0000000089700000, 0x0000000089800000|  0%| F|  |TAMS 0x0000000089700000, 0x0000000089700000| Untracked 
|  92|0x0000000089800000, 0x0000000089800000, 0x0000000089900000|  0%| F|  |TAMS 0x0000000089800000, 0x0000000089800000| Untracked 
|  93|0x0000000089900000, 0x0000000089900000, 0x0000000089a00000|  0%| F|  |TAMS 0x0000000089900000, 0x0000000089900000| Untracked 
|  94|0x0000000089a00000, 0x0000000089a00000, 0x0000000089b00000|  0%| F|  |TAMS 0x0000000089a00000, 0x0000000089a00000| Untracked 
|  95|0x0000000089b00000, 0x0000000089b00000, 0x0000000089c00000|  0%| F|  |TAMS 0x0000000089b00000, 0x0000000089b00000| Untracked 
|  96|0x0000000089c00000, 0x0000000089c00000, 0x0000000089d00000|  0%| F|  |TAMS 0x0000000089c00000, 0x0000000089c00000| Untracked 
|  97|0x0000000089d00000, 0x0000000089d00000, 0x0000000089e00000|  0%| F|  |TAMS 0x0000000089d00000, 0x0000000089d00000| Untracked 
|  98|0x0000000089e00000, 0x0000000089e00000, 0x0000000089f00000|  0%| F|  |TAMS 0x0000000089e00000, 0x0000000089e00000| Untracked 
|  99|0x0000000089f00000, 0x000000008a000000, 0x000000008a000000|100%| S|  |TAMS 0x0000000089f00000, 0x0000000089f00000| Complete 
| 100|0x000000008a000000, 0x000000008a100000, 0x000000008a100000|100%| S|  |TAMS 0x000000008a000000, 0x000000008a000000| Complete 
| 101|0x000000008a100000, 0x000000008a200000, 0x000000008a200000|100%| S|  |TAMS 0x000000008a100000, 0x000000008a100000| Complete 
| 102|0x000000008a200000, 0x000000008a300000, 0x000000008a300000|100%| E|CS|TAMS 0x000000008a200000, 0x000000008a200000| Complete 
| 103|0x000000008a300000, 0x000000008a400000, 0x000000008a400000|100%| E|CS|TAMS 0x000000008a300000, 0x000000008a300000| Complete 
| 104|0x000000008a400000, 0x000000008a500000, 0x000000008a500000|100%| E|CS|TAMS 0x000000008a400000, 0x000000008a400000| Complete 
| 105|0x000000008a500000, 0x000000008a600000, 0x000000008a600000|100%| E|CS|TAMS 0x000000008a500000, 0x000000008a500000| Complete 
| 106|0x000000008a600000, 0x000000008a700000, 0x000000008a700000|100%| E|CS|TAMS 0x000000008a600000, 0x000000008a600000| Complete 
| 107|0x000000008a700000, 0x000000008a800000, 0x000000008a800000|100%| E|CS|TAMS 0x000000008a700000, 0x000000008a700000| Complete 
| 108|0x000000008a800000, 0x000000008a900000, 0x000000008a900000|100%| E|CS|TAMS 0x000000008a800000, 0x000000008a800000| Complete 
| 109|0x000000008a900000, 0x000000008aa00000, 0x000000008aa00000|100%| E|CS|TAMS 0x000000008a900000, 0x000000008a900000| Complete 
| 110|0x000000008aa00000, 0x000000008ab00000, 0x000000008ab00000|100%| E|CS|TAMS 0x000000008aa00000, 0x000000008aa00000| Complete 
| 111|0x000000008ab00000, 0x000000008ac00000, 0x000000008ac00000|100%| E|CS|TAMS 0x000000008ab00000, 0x000000008ab00000| Complete 
| 112|0x000000008ac00000, 0x000000008ad00000, 0x000000008ad00000|100%| E|CS|TAMS 0x000000008ac00000, 0x000000008ac00000| Complete 
| 113|0x000000008ad00000, 0x000000008ae00000, 0x000000008ae00000|100%| E|CS|TAMS 0x000000008ad00000, 0x000000008ad00000| Complete 
| 114|0x000000008ae00000, 0x000000008af00000, 0x000000008af00000|100%| E|CS|TAMS 0x000000008ae00000, 0x000000008ae00000| Complete 
| 115|0x000000008af00000, 0x000000008b000000, 0x000000008b000000|100%| E|CS|TAMS 0x000000008af00000, 0x000000008af00000| Complete 
| 116|0x000000008b000000, 0x000000008b100000, 0x000000008b100000|100%| E|CS|TAMS 0x000000008b000000, 0x000000008b000000| Complete 
| 117|0x000000008b100000, 0x000000008b200000, 0x000000008b200000|100%| E|CS|TAMS 0x000000008b100000, 0x000000008b100000| Complete 
| 118|0x000000008b200000, 0x000000008b300000, 0x000000008b300000|100%| E|CS|TAMS 0x000000008b200000, 0x000000008b200000| Complete 
| 119|0x000000008b300000, 0x000000008b400000, 0x000000008b400000|100%| E|CS|TAMS 0x000000008b300000, 0x000000008b300000| Complete 
| 120|0x000000008b400000, 0x000000008b500000, 0x000000008b500000|100%| E|CS|TAMS 0x000000008b400000, 0x000000008b400000| Complete 
| 121|0x000000008b500000, 0x000000008b600000, 0x000000008b600000|100%| E|CS|TAMS 0x000000008b500000, 0x000000008b500000| Complete 
| 122|0x000000008b600000, 0x000000008b700000, 0x000000008b700000|100%| E|CS|TAMS 0x000000008b600000, 0x000000008b600000| Complete 
| 123|0x000000008b700000, 0x000000008b800000, 0x000000008b800000|100%| E|CS|TAMS 0x000000008b700000, 0x000000008b700000| Complete 
| 124|0x000000008b800000, 0x000000008b900000, 0x000000008b900000|100%| E|CS|TAMS 0x000000008b800000, 0x000000008b800000| Complete 
| 125|0x000000008b900000, 0x000000008ba00000, 0x000000008ba00000|100%| E|CS|TAMS 0x000000008b900000, 0x000000008b900000| Complete 

Card table byte_map: [0x0000027e2e9a0000,0x0000027e2ed90000] _byte_map_base: 0x0000027e2e582000

Marking Bits (Prev, Next): (CMBitMap*) 0x0000027e16d18978, (CMBitMap*) 0x0000027e16d189b8
 Prev Bits: [0x0000027e2f180000, 0x0000027e31090000)
 Next Bits: [0x0000027e31090000, 0x0000027e32fa0000)

Polling page: 0x0000027e14be0000

Metaspace:

Usage:
  Non-class:      4.25 MB capacity,     3.56 MB ( 84%) used,   684.98 KB ( 16%) free+waste,    15.00 KB ( <1%) overhead. 
      Class:    596.00 KB capacity,   527.41 KB ( 88%) used,    59.47 KB ( 10%) free+waste,     9.13 KB (  2%) overhead. 
       Both:      4.83 MB capacity,     4.08 MB ( 84%) used,   744.45 KB ( 15%) free+waste,    24.13 KB ( <1%) overhead. 

Virtual space:
  Non-class space:        8.00 MB reserved,       4.25 MB ( 53%) committed 
      Class space:        1.00 GB reserved,     640.00 KB ( <1%) committed 
             Both:        1.01 GB reserved,       4.88 MB ( <1%) committed 

Chunk freelists:
   Non-Class:  2.00 KB
       Class:  0 bytes
        Both:  2.00 KB

MaxMetaspaceSize: 17179869184.00 GB
CompressedClassSpaceSize: 1.00 GB

CodeHeap 'non-profiled nmethods': size=238336Kb used=1294Kb max_used=1294Kb free=237041Kb
 bounds [0x0000027e1f8b0000, 0x0000027e1fb20000, 0x0000027e2e170000]
CodeHeap 'non-nmethods': size=7424Kb used=1179Kb max_used=1179Kb free=6244Kb
 bounds [0x0000027e1f170000, 0x0000027e1f3e0000, 0x0000027e1f8b0000]
 total_blobs=1608 nmethods=915 adapters=348
 compilation: enabled
              stopped_count=0, restarted_count=0
 full_count=0

Compilation events (20 events):
Event: 0.676 Thread 0x0000027e36264000 nmethod 903 0x0000027e1f9edd90 code [0x0000027e1f9edf40, 0x0000027e1f9ee150]
Event: 0.676 Thread 0x0000027e36264000  904   !   1       java.lang.invoke.MemberName::getFieldType (177 bytes)
Event: 0.677 Thread 0x0000027e36264000 nmethod 904 0x0000027e1f9ee290 code [0x0000027e1f9ee4e0, 0x0000027e1f9eeea0]
Event: 0.677 Thread 0x0000027e36264000  909       1       java.lang.invoke.LambdaForm$Name::replaceNames (174 bytes)
Event: 0.677 Thread 0x0000027e36264000 nmethod 909 0x0000027e1f9ef990 code [0x0000027e1f9efb80, 0x0000027e1f9f0120]
Event: 0.677 Thread 0x0000027e36264000  911       1       jdk.internal.org.objectweb.asm.SymbolTable::addType (81 bytes)
Event: 0.677 Thread 0x0000027e36264000 nmethod 911 0x0000027e1f9f0410 code [0x0000027e1f9f05e0, 0x0000027e1f9f0960]
Event: 0.677 Thread 0x0000027e36264000  907       1       java.lang.invoke.InvokerBytecodeGenerator::loadInsnOpcode (87 bytes)
Event: 0.678 Thread 0x0000027e36264000 nmethod 907 0x0000027e1f9f0b90 code [0x0000027e1f9f0da0, 0x0000027e1f9f12a0]
Event: 0.678 Thread 0x0000027e36264000  910       1       sun.invoke.util.VerifyType::isNullConversion (157 bytes)
Event: 0.678 Thread 0x0000027e36264000 nmethod 910 0x0000027e1f9f1510 code [0x0000027e1f9f1720, 0x0000027e1f9f1d30]
Event: 0.678 Thread 0x0000027e36264000  908       1       jdk.internal.org.objectweb.asm.Frame::pop (44 bytes)
Event: 0.678 Thread 0x0000027e36264000 nmethod 908 0x0000027e1f9f1f90 code [0x0000027e1f9f2120, 0x0000027e1f9f2298]
Event: 0.678 Thread 0x0000027e36264000  905       1       java.lang.StringBuilder::append (8 bytes)
Event: 0.678 Thread 0x0000027e36264000 nmethod 905 0x0000027e1f9f2310 code [0x0000027e1f9f24c0, 0x0000027e1f9f2630]
Event: 0.678 Thread 0x0000027e36264000  906       1       java.lang.AbstractStringBuilder::append (55 bytes)
Event: 0.678 Thread 0x0000027e36264000 nmethod 906 0x0000027e1f9f2690 code [0x0000027e1f9f2860, 0x0000027e1f9f2a80]
Event: 0.678 Thread 0x0000027e36264000  900       1       jdk.internal.org.objectweb.asm.SymbolTable::getConstantPoolCount (5 bytes)
Event: 0.678 Thread 0x0000027e36264000 nmethod 900 0x0000027e1f9f2b90 code [0x0000027e1f9f2d20, 0x0000027e1f9f2e58]
Event: 0.682 Thread 0x0000027e36264000  916       1       java.util.jar.Attributes$Name::hashCode (5 bytes)

GC Heap History (1 events):
Event: 0.682 GC heap before
{Heap before GC invocations=0 (full 0):
 garbage-first heap   total 129024K, used 24576K [0x0000000083c00000, 0x0000000100000000)
  region size 1024K, 24 young (24576K), 0 survivors (0K)
 Metaspace       used 4177K, capacity 4946K, committed 4992K, reserved 1056768K
  class space    used 527K, capacity 596K, committed 640K, reserved 1048576K
}

Deoptimization events (0 events):
No events

Classes unloaded (0 events):
No events

Classes redefined (0 events):
No events

Internal exceptions (8 events):
Event: 0.365 Thread 0x0000027e16cd3800 Exception <a 'java/lang/NoSuchMethodError'{0x000000008a51aa48}: 'java.lang.Object java.lang.invoke.DirectMethodHandle$Holder.invokeStaticInit(java.lang.Object, java.lang.Object, java.lang.Object)'> (0x000000008a51aa48) 
thrown [t:/workspace/open/src/hotspot/share/interpreter/linkResolver.cpp, line 767]
Event: 0.367 Thread 0x0000027e16cd3800 Exception <a 'java/lang/NoSuchMethodError'{0x000000008a533b50}: 'int java.lang.invoke.DirectMethodHandle$Holder.invokeInterface(java.lang.Object, java.lang.Object)'> (0x000000008a533b50) 
thrown [t:/workspace/open/src/hotspot/share/interpreter/linkResolver.cpp, line 767]
Event: 0.367 Thread 0x0000027e16cd3800 Exception <a 'java/lang/IncompatibleClassChangeError'{0x000000008a536658}: Found class java.lang.Object, but interface was expected> (0x000000008a536658) 
thrown [t:/workspace/open/src/hotspot/share/interpreter/linkResolver.cpp, line 833]
Event: 0.434 Thread 0x0000027e16cd3800 Exception <a 'java/lang/NoSuchMethodError'{0x000000008a300088}: 'int java.lang.invoke.DirectMethodHandle$Holder.invokeSpecialIFC(java.lang.Object, java.lang.Object, java.lang.Object)'> (0x000000008a300088) 
thrown [t:/workspace/open/src/hotspot/share/interpreter/linkResolver.cpp, line 767]
Event: 0.448 Thread 0x0000027e16cd3800 Exception <a 'java/lang/NoSuchMethodError'{0x000000008a363900}: 'java.lang.Object java.lang.invoke.DirectMethodHandle$Holder.invokeStaticInit(java.lang.Object, int, int, int, int)'> (0x000000008a363900) 
thrown [t:/workspace/open/src/hotspot/share/interpreter/linkResolver.cpp, line 767]
Event: 0.652 Thread 0x0000027e16cd3800 Exception <a 'java/lang/NoSuchMethodError'{0x000000008a3b9ec0}: 'java.lang.Object java.lang.invoke.DirectMethodHandle$Holder.invokeStaticInit(java.lang.Object, java.lang.Object, int, int, int, int)'> (0x000000008a3b9ec0) 
thrown [t:/workspace/open/src/hotspot/share/interpreter/linkResolver.cpp, line 767]
Event: 0.658 Thread 0x0000027e16cd3800 Exception <a 'java/lang/ClassNotFoundException'{0x000000008a3d3ab0}: javax/management/remote/rmi/RMIServerImpl_Skel> (0x000000008a3d3ab0) 
thrown [t:/workspace/open/src/hotspot/share/classfile/systemDictionary.cpp, line 232]
Event: 0.673 Thread 0x0000027e16cd3800 Exception <a 'java/lang/ClassNotFoundException'{0x000000008a22f248}: jdk/internal/agent/resources/spi/agentProvider> (0x000000008a22f248) 
thrown [t:/workspace/open/src/hotspot/share/classfile/systemDictionary.cpp, line 232]

Events (20 events):
Event: 0.677 loading class sun/management/counter/Units
Event: 0.677 loading class sun/management/counter/Units done
Event: 0.677 loading class jdk/internal/agent/ConnectorAddressLink$PerfHandle
Event: 0.677 loading class jdk/internal/agent/ConnectorAddressLink$PerfHandle done
Event: 0.677 loading class jdk/internal/vm/VMSupport
Event: 0.677 loading class jdk/internal/vm/VMSupport done
Event: 0.678 loading class sun/management/jmxremote/LocalRMIServerSocketFactory
Event: 0.678 loading class sun/management/jmxremote/LocalRMIServerSocketFactory done
Event: 0.679 loading class sun/management/jmxremote/LocalRMIServerSocketFactory$1
Event: 0.679 loading class sun/management/jmxremote/LocalRMIServerSocketFactory$1 done
Event: 0.680 Thread 0x0000027e37304800 Thread added: 0x0000027e37304800
Event: 0.680 Executing VM operation: EnableBiasedLocking
Event: 0.680 Executing VM operation: EnableBiasedLocking done
Event: 0.681 loading class com/daneeats/auth/WebApplication
Event: 0.681 loading class com/daneeats/auth/WebApplication done
Event: 0.681 loading class jdk/internal/loader/URLClassPath$FileLoader$1
Event: 0.681 loading class jdk/internal/loader/URLClassPath$FileLoader$1 done
Event: 0.682 loading class org/springframework/boot/SpringApplication
Event: 0.682 loading class org/springframework/boot/SpringApplication done
Event: 0.682 Executing VM operation: G1CollectForAllocation


Dynamic libraries:
0x00007ff7d30f0000 - 0x00007ff7d30ff000 	C:\Program Files\Java\jdk-13.0.2\bin\javaw.exe
0x00007ff8ef6a0000 - 0x00007ff8ef890000 	C:\windows\SYSTEM32\ntdll.dll
0x00007ff8eef50000 - 0x00007ff8ef002000 	C:\windows\System32\KERNEL32.DLL
0x00007ff8ec630000 - 0x00007ff8ec8d5000 	C:\windows\System32\KERNELBASE.dll
0x00007ff8ea3c0000 - 0x00007ff8ea44f000 	C:\windows\SYSTEM32\apphelp.dll
0x00007ff8621f0000 - 0x00007ff862682000 	C:\windows\SYSTEM32\AcLayers.DLL
0x00007ff8ee960000 - 0x00007ff8ee9fe000 	C:\windows\System32\msvcrt.dll
0x00007ff8ed8b0000 - 0x00007ff8eda44000 	C:\windows\System32\USER32.dll
0x00007ff8ed680000 - 0x00007ff8ed6a1000 	C:\windows\System32\win32u.dll
0x00007ff8ef2f0000 - 0x00007ff8ef316000 	C:\windows\System32\GDI32.dll
0x00007ff8ed290000 - 0x00007ff8ed426000 	C:\windows\System32\gdi32full.dll
0x00007ff8ed6b0000 - 0x00007ff8ed74e000 	C:\windows\System32\msvcp_win.dll
0x00007ff8ed430000 - 0x00007ff8ed52a000 	C:\windows\System32\ucrtbase.dll
0x00007ff8eea00000 - 0x00007ff8eea52000 	C:\windows\System32\SHLWAPI.dll
0x00007ff8eda50000 - 0x00007ff8edd85000 	C:\windows\System32\combase.dll
0x00007ff8edf00000 - 0x00007ff8ee020000 	C:\windows\System32\RPCRT4.dll
0x00007ff8ed210000 - 0x00007ff8ed290000 	C:\windows\System32\bcryptPrimitives.dll
0x00007ff8ee020000 - 0x00007ff8ee0c3000 	C:\windows\System32\ADVAPI32.dll
0x00007ff8edd90000 - 0x00007ff8ede27000 	C:\windows\System32\sechost.dll
0x0000027e14900000 - 0x0000027e14903000 	C:\windows\SYSTEM32\sfc.dll
0x00007ff8af0b0000 - 0x00007ff8af139000 	C:\windows\SYSTEM32\WINSPOOL.DRV
0x00007ff8ec610000 - 0x00007ff8ec621000 	C:\windows\System32\kernel.appcore.dll
0x00007ff8ed600000 - 0x00007ff8ed626000 	C:\windows\System32\bcrypt.dll
0x00007ff8e8650000 - 0x00007ff8e8740000 	C:\windows\SYSTEM32\PROPSYS.dll
0x00007ff8ede30000 - 0x00007ff8edef5000 	C:\windows\System32\OLEAUT32.dll
0x00007ff8ee8b0000 - 0x00007ff8ee959000 	C:\windows\System32\shcore.dll
0x00007ff8eba60000 - 0x00007ff8eba9a000 	C:\windows\SYSTEM32\IPHLPAPI.DLL
0x00007ff8d0100000 - 0x00007ff8d0111000 	C:\windows\SYSTEM32\sfc_os.DLL
0x00007ff8ee0e0000 - 0x00007ff8ee10e000 	C:\windows\System32\IMM32.DLL
0x00007ff8adcb0000 - 0x00007ff8adcc8000 	C:\Program Files\Java\jdk-13.0.2\bin\jli.dll
0x00007ff8adc90000 - 0x00007ff8adca5000 	C:\Program Files\Java\jdk-13.0.2\bin\VCRUNTIME140.dll
0x00007ff8d0930000 - 0x00007ff8d0bb4000 	C:\windows\WinSxS\amd64_microsoft.windows.common-controls_6595b64144ccf1df_6.0.18362.1139_none_9e7bf2d3e4605ac6\COMCTL32.dll
0x00007ff8e7180000 - 0x00007ff8e718a000 	C:\windows\SYSTEM32\VERSION.dll
0x00007ff86d010000 - 0x00007ff86d0ab000 	C:\Program Files\Java\jdk-13.0.2\bin\msvcp140.dll
0x00007ff86e540000 - 0x00007ff86f09d000 	C:\Program Files\Java\jdk-13.0.2\bin\server\jvm.dll
0x00007ff8ef2c0000 - 0x00007ff8ef2c8000 	C:\windows\System32\PSAPI.DLL
0x00007ff8d0910000 - 0x00007ff8d0919000 	C:\windows\SYSTEM32\WSOCK32.dll
0x00007ff8ea110000 - 0x00007ff8ea134000 	C:\windows\SYSTEM32\WINMM.dll
0x00007ff8ef1d0000 - 0x00007ff8ef23f000 	C:\windows\System32\WS2_32.dll
0x00007ff8e9b90000 - 0x00007ff8e9bbd000 	C:\windows\SYSTEM32\winmmbase.dll
0x00007ff8ed630000 - 0x00007ff8ed67a000 	C:\windows\System32\cfgmgr32.dll
0x00007ff8be2f0000 - 0x00007ff8be300000 	C:\Program Files\Java\jdk-13.0.2\bin\verify.dll
0x00007ff8eaf30000 - 0x00007ff8eb124000 	C:\windows\SYSTEM32\DBGHELP.DLL
0x00007ff8d5400000 - 0x00007ff8d542a000 	C:\windows\SYSTEM32\dbgcore.DLL
0x00007ff8be2c0000 - 0x00007ff8be2e6000 	C:\Program Files\Java\jdk-13.0.2\bin\java.dll
0x00007ff8be2a0000 - 0x00007ff8be2b7000 	C:\Program Files\Java\jdk-13.0.2\bin\zip.dll
0x00007ff8be290000 - 0x00007ff8be29a000 	C:\Program Files\Java\jdk-13.0.2\bin\jimage.dll
0x00007ff8ee110000 - 0x00007ff8ee7f7000 	C:\windows\System32\SHELL32.dll
0x00007ff8ec8e0000 - 0x00007ff8ed060000 	C:\windows\System32\windows.storage.dll
0x00007ff8ec5e0000 - 0x00007ff8ec603000 	C:\windows\System32\profapi.dll
0x00007ff8ec570000 - 0x00007ff8ec5ba000 	C:\windows\System32\powrprof.dll
0x00007ff8ec560000 - 0x00007ff8ec570000 	C:\windows\System32\UMPDC.dll
0x00007ff8ed530000 - 0x00007ff8ed547000 	C:\windows\System32\cryptsp.dll
0x00007ff8be270000 - 0x00007ff8be289000 	C:\Program Files\Java\jdk-13.0.2\bin\net.dll
0x00007ff8e2ae0000 - 0x00007ff8e2bd0000 	C:\windows\SYSTEM32\WINHTTP.dll
0x00007ff8ebd50000 - 0x00007ff8ebdb7000 	C:\windows\system32\mswsock.dll
0x00007ff8be250000 - 0x00007ff8be263000 	C:\Program Files\Java\jdk-13.0.2\bin\nio.dll
0x00007ff8e71a0000 - 0x00007ff8e71a9000 	C:\Program Files\Java\jdk-13.0.2\bin\management.dll
0x00007ff8adc80000 - 0x00007ff8adc8b000 	C:\Program Files\Java\jdk-13.0.2\bin\management_ext.dll
0x00007ff8c9240000 - 0x00007ff8c9256000 	C:\windows\system32\napinsp.dll
0x00007ff8c9220000 - 0x00007ff8c923a000 	C:\windows\system32\pnrpnsp.dll
0x00007ff8ebab0000 - 0x00007ff8ebb7b000 	C:\windows\SYSTEM32\DNSAPI.dll
0x00007ff8ef010000 - 0x00007ff8ef018000 	C:\windows\System32\NSI.dll
0x00007ff8c8fa0000 - 0x00007ff8c8fae000 	C:\windows\System32\winrnr.dll
0x00007ff8e88c0000 - 0x00007ff8e88dc000 	C:\windows\system32\NLAapi.dll
0x00007ff8c6ad0000 - 0x00007ff8c6ae5000 	C:\windows\system32\wshbth.dll
0x00007ff8e2ad0000 - 0x00007ff8e2ada000 	C:\Windows\System32\rasadhlp.dll
0x00007ff8e85d0000 - 0x00007ff8e8647000 	C:\windows\System32\fwpuclnt.dll
0x00007ff8eb8c0000 - 0x00007ff8eb8f3000 	C:\windows\system32\rsaenh.dll
0x00007ff8ec440000 - 0x00007ff8ec465000 	C:\windows\SYSTEM32\USERENV.dll
0x00007ff8ebf20000 - 0x00007ff8ebf2c000 	C:\windows\SYSTEM32\CRYPTBASE.dll
0x00007ff8ead20000 - 0x00007ff8ead36000 	C:\windows\SYSTEM32\dhcpcsvc6.DLL
0x00007ff8ead00000 - 0x00007ff8ead1c000 	C:\windows\SYSTEM32\dhcpcsvc.DLL

dbghelp: loaded successfully - version: 4.0.5 - missing functions: none
symbol engine: initialized successfully - sym options: 0x614 - pdb path: .;C:\Program Files\Java\jdk-13.0.2\bin;C:\windows\SYSTEM32;C:\windows\WinSxS\amd64_microsoft.windows.common-controls_6595b64144ccf1df_6.0.18362.1139_none_9e7bf2d3e4605ac6;C:\Program Files\Java\jdk-13.0.2\bin\server

VM Arguments:
jvm_args: -Dcom.sun.management.jmxremote -Dcom.sun.management.jmxremote.port=49929 -Dcom.sun.management.jmxremote.authenticate=false -Dcom.sun.management.jmxremote.ssl=false -Djava.rmi.server.hostname=localhost -Dspring.jmx.enabled=true -Dspring.application.admin.enabled=true -Xverify:none -XX:TieredStopAtLevel=1 -Dspring.boot.project.name=Assignment4 -Dfile.encoding=UTF-8 
java_command: com.daneeats.auth.WebApplication --spring.output.ansi.enabled=always
java_class_path (initial): C:\Users\Utsav\Documents\workspace-spring-tool-suite-4-4.7.1.RELEASE\Assignment4\target\classes;C:\Users\Utsav\.m2\repository\org\springframework\boot\spring-boot-starter-web\2.2.3.RELEASE\spring-boot-starter-web-2.2.3.RELEASE.jar;C:\Users\Utsav\.m2\repository\org\springframework\boot\spring-boot-starter\2.2.3.RELEASE\spring-boot-starter-2.2.3.RELEASE.jar;C:\Users\Utsav\.m2\repository\org\springframework\boot\spring-boot-starter-logging\2.2.3.RELEASE\spring-boot-starter-logging-2.2.3.RELEASE.jar;C:\Users\Utsav\.m2\repository\ch\qos\logback\logback-classic\1.2.3\logback-classic-1.2.3.jar;C:\Users\Utsav\.m2\repository\ch\qos\logback\logback-core\1.2.3\logback-core-1.2.3.jar;C:\Users\Utsav\.m2\repository\org\apache\logging\log4j\log4j-to-slf4j\2.12.1\log4j-to-slf4j-2.12.1.jar;C:\Users\Utsav\.m2\repository\org\apache\logging\log4j\log4j-api\2.12.1\log4j-api-2.12.1.jar;C:\Users\Utsav\.m2\repository\org\slf4j\jul-to-slf4j\1.7.30\jul-to-slf4j-1.7.30.jar;C:\Users\Utsav\.m2\repository\jakarta\annotation\jakarta.annotation-api\1.3.5\jakarta.annotation-api-1.3.5.jar;C:\Users\Utsav\.m2\repository\org\springframework\spring-core\5.2.3.RELEASE\spring-core-5.2.3.RELEASE.jar;C:\Users\Utsav\.m2\repository\org\springframework\spring-jcl\5.2.3.RELEASE\spring-jcl-5.2.3.RELEASE.jar;C:\Users\Utsav\.m2\repository\org\yaml\snakeyaml\1.25\snakeyaml-1.25.jar;C:\Users\Utsav\.m2\repository\org\springframework\boot\spring-boot-starter-json\2.2.3.RELEASE\spring-boot-starter-json-2.2.3.RELEASE.jar;C:\Users\Utsav\.m2\repository\com\fasterxml\jackson\core\jackson-databind\2.10.2\jackson-databind-2.10.2.jar;C:\Users\Utsav\.m2\repository\com\fasterxml\jackson\core\jackson-annotations\2.10.2\jackson-annotations-2.10.2.jar;C:\Users\Utsav\.m2\repository\com\fasterxml\jackson\core\jackson-core\2.10.2\jackson-core-2.10.2.jar;C:\Users\Utsav\.m2\repository\com\fasterxml\jackson\datatype\jackson-datatype-jdk8\2.10.2\jackson-datatype-jdk8-2.10.2.jar;C:\Users\Utsav\.m2\repository\c
Launcher Type: SUN_STANDARD

[Global flags]
     intx CICompilerCount                          = 4                                         {product} {ergonomic}
     uint ConcGCThreads                            = 2                                         {product} {ergonomic}
     uint G1ConcRefinementThreads                  = 8                                         {product} {ergonomic}
   size_t G1HeapRegionSize                         = 1048576                                   {product} {ergonomic}
    uintx GCDrainStackTargetSize                   = 64                                        {product} {ergonomic}
   size_t InitialHeapSize                          = 132120576                                 {product} {ergonomic}
     bool ManagementServer                         = true                                      {product} {command line}
   size_t MarkStackSize                            = 4194304                                   {product} {ergonomic}
   size_t MaxHeapSize                              = 2084569088                                {product} {ergonomic}
   size_t MaxNewSize                               = 1249902592                                {product} {ergonomic}
   size_t MinHeapDeltaBytes                        = 1048576                                   {product} {ergonomic}
   size_t MinHeapSize                              = 8388608                                   {product} {ergonomic}
    uintx NonNMethodCodeHeapSize                   = 7549744                                {pd product} {ergonomic}
    uintx NonProfiledCodeHeapSize                  = 244108496                              {pd product} {ergonomic}
    uintx ProfiledCodeHeapSize                     = 0                                      {pd product} {ergonomic}
    uintx ReservedCodeCacheSize                    = 251658240                              {pd product} {ergonomic}
     bool SegmentedCodeCache                       = true                                      {product} {ergonomic}
   size_t SoftMaxHeapSize                          = 2084569088                             {manageable} {ergonomic}
     intx TieredStopAtLevel                        = 1                                         {product} {command line}
     bool UseCompressedClassPointers               = true                                 {lp64_product} {ergonomic}
     bool UseCompressedOops                        = true                                 {lp64_product} {ergonomic}
     bool UseG1GC                                  = true                                      {product} {ergonomic}
     bool UseLargePagesIndividualAllocation        = false                                  {pd product} {ergonomic}

Logging:
Log output configuration:
 #0: stdout all=warning uptime,level,tags
 #1: stderr all=off uptime,level,tags

Environment Variables:
JAVA_HOME=C:\Program Files\Java\jdk-13.0.2
PATH=C:/Program Files/Java/jdk-13.0.2/bin/server;C:/Program Files/Java/jdk-13.0.2/bin;C:\windows\system32;C:\windows;C:\windows\System32\Wbem;C:\windows\System32\WindowsPowerShell\v1.0\;C:\windows\System32\OpenSSH\;C:\Program Files (x86)\SMLNJ\bin\;C:\Program Files\PuTTY\;C:\Program Files\Java\jdk-13.0.2\bin;C:\Program Files\nodejs\;D:\Ex_Files_Web_Apps_Ajax\Ex_Files_Web_Apps_Ajax\Exercise Files\Ch02\02_02\start;C:\Program Files\Notepad++;C:\Program Files (x86)\DevDesktop\tools;C:\Program Files (x86)\DevDesktop\drush_10;C:\Program Files\dotnet\;C:\Program Files\Microsoft SQL Server\130\Tools\Binn\;C:\Program Files\Microsoft SQL Server\Client SDK\ODBC\170\Tools\Binn\;C:\Program Files (x86)\Microsoft SQL Server\150\Tools\Binn\;C:\Program Files\Microsoft SQL Server\150\Tools\Binn\;C:\Program Files\Microsoft SQL Server\150\DTS\Binn\;C:\Program Files (x86)\Microsoft SQL Server\150\DTS\Binn\;C:\Program Files\Docker Toolbox;C:\Program Files\apache-maven-3.6.3\bin;C:\Program Files\Git\cmd;C:\Program Files\MySQL\MySQL Shell 8.0\bin\;C:\Python27;C:\Users\Utsav\AppData\Local\Programs\Microsoft VS Code\bin;C:\Users\Utsav\Downloads\sts-4.7.1.RELEASE;
USERNAME=Utsav
OS=Windows_NT
PROCESSOR_IDENTIFIER=Intel64 Family 6 Model 126 Stepping 5, GenuineIntel



---------------  S Y S T E M  ---------------

OS: Windows 10 , 64 bit Build 18362 (10.0.18362.1110)

CPU:total 8 (initial active 8) (4 cores per cpu, 2 threads per core) family 6 model 126 stepping 5, cmov, cx8, fxsr, mmx, sse, sse2, sse3, ssse3, sse4.1, sse4.2, popcnt, avx, avx2, aes, clmul, erms, 3dnowpref, lzcnt, ht, tsc, tscinvbit, bmi1, bmi2, adx, evex, sha, fma

Memory: 4k page, system-wide physical 7945M (1128M free)
TotalPageFile size 15369M (AvailPageFile size 6747M)
current process WorkingSet (physical memory assigned to process): 92M, peak: 92M
current process commit charge ("private bytes"): 229M, peak: 229M

vm_info: Java HotSpot(TM) 64-Bit Server VM (13.0.2+8) for windows-amd64 JRE (13.0.2+8), built on Dec 11 2019 09:20:33 by "mach5one" with unknown MS VC++:1916

END.
