#
# A fatal error has been detected by the Java Runtime Environment:
#
#  EXCEPTION_ACCESS_VIOLATION (0xc0000005) at pc=0x00007ff8ef745f94, pid=4000, tid=3596
#
# JRE version: Java(TM) SE Runtime Environment (13.0.2+8) (build 13.0.2+8)
# Java VM: Java HotSpot(TM) 64-Bit Server VM (13.0.2+8, mixed mode, sharing, tiered, compressed oops, g1 gc, windows-amd64)
# Problematic frame:
# C  [ntdll.dll+0xa5f94]
#
# No core dump will be written. Minidumps are not enabled by default on client versions of Windows
#
# If you would like to submit a bug report, please visit:
#   http://bugreport.java.com/bugreport/crash.jsp
#

---------------  S U M M A R Y ------------

Command Line: -Dcom.sun.management.jmxremote -Dcom.sun.management.jmxremote.port=52021 -Dcom.sun.management.jmxremote.authenticate=false -Dcom.sun.management.jmxremote.ssl=false -Djava.rmi.server.hostname=localhost -Dspring.jmx.enabled=true -Dspring.application.admin.enabled=true -Xverify:none -XX:TieredStopAtLevel=1 -Dspring.boot.project.name=Assignment4 -Dfile.encoding=UTF-8 com.daneeats.auth.WebApplication --spring.output.ansi.enabled=always

Host: Intel(R) Core(TM) i7-1065G7 CPU @ 1.30GHz, 8 cores, 7G,  Windows 10 , 64 bit Build 18362 (10.0.18362.1110)
Time: Wed Oct 28 18:36:28 2020 Eastern Daylight Time elapsed time: 1 seconds (0d 0h 0m 1s)

---------------  T H R E A D  ---------------

Current thread (0x0000028acaaf4000):  VMThread "VM Thread" [stack: 0x000000a507d00000,0x000000a507e00000] [id=3596]

Stack: [0x000000a507d00000,0x000000a507e00000],  sp=0x000000a507dfe8c0,  free space=1018k
Native frames: (J=compiled Java code, j=interpreted, Vv=VM code, C=native code)
C  [ntdll.dll+0xa5f94]
C  [ntdll.dll+0x3fba1]
C  [AcLayers.DLL+0x72af]
C  [ucrtbase.dll+0x114cb]
V  [jvm.dll+0x2e588a]
V  [jvm.dll+0x2e7f40]
V  [jvm.dll+0x2e32c9]
V  [jvm.dll+0x31bfea]
V  [jvm.dll+0x77372c]
V  [jvm.dll+0x777517]
V  [jvm.dll+0x777d48]
V  [jvm.dll+0x7780ec]
V  [jvm.dll+0x72fcaa]
V  [jvm.dll+0x623ea6]
C  [ucrtbase.dll+0x210b2]
C  [KERNEL32.DLL+0x17c24]
C  [ntdll.dll+0x6cea1]


siginfo: EXCEPTION_ACCESS_VIOLATION (0xc0000005), reading address 0x0000028a00000017


Register to memory mapping:

RIP=0x00007ff8ef745f94 ntdll.dll
RAX=0x0000028acbb2f430 points into unknown readable memory: 0f 00 00 00 8a 02 00 00
RBX=0x0000028a0000000f is an unknown value
RCX=0x00000000000012f0 is an unknown value
RDX=0x0000028acbb30730 points into unknown readable memory: 66 00 00 00 01 00 00 00
RSP=0x000000a507dfe8c0 points into unknown readable memory: 18 00 00 00 00 00 00 00
RBP=0x0000028aa9370000 points into unknown readable memory: 00 00 00 00 00 00 00 00
RSI=0x0000028acbb30730 points into unknown readable memory: 66 00 00 00 01 00 00 00
RDI=0x0 is NULL
R8 =0x0 is NULL
R9 =0x0000000053b84ebf is an unknown value
R10=0x0 is NULL
R11=0x000000a507dfea30 points into unknown readable memory: 90 28 59 ab 8a 02 00 00
R12=0x0 is NULL
R13=0x0000028acbb30720 points into unknown readable memory: 6c 00 6f 00 67 00 00 00
R14=0x0000028aab592890 points into unknown readable memory: c8 50 db 6e f8 7f 00 00
R15=0x0 is NULL


Registers:
RAX=0x0000028acbb2f430, RBX=0x0000028a0000000f, RCX=0x00000000000012f0, RDX=0x0000028acbb30730
RSP=0x000000a507dfe8c0, RBP=0x0000028aa9370000, RSI=0x0000028acbb30730, RDI=0x0000000000000000
R8 =0x0000000000000000, R9 =0x0000000053b84ebf, R10=0x0000000000000000, R11=0x000000a507dfea30
R12=0x0000000000000000, R13=0x0000028acbb30720, R14=0x0000028aab592890, R15=0x0000000000000000
RIP=0x00007ff8ef745f94, EFLAGS=0x0000000000010206

Top of Stack: (sp=0x000000a507dfe8c0)
0x000000a507dfe8c0:   0000000000000018 0000000000000005
0x000000a507dfe8d0:   0000028aab592b38 0000000000000001
0x000000a507dfe8e0:   00000000000000c0 00007ff8642f6e35
0x000000a507dfe8f0:   0000028a0000000f 00000000000000c0
0x000000a507dfe900:   0000028aa9370000 0000000000000000
0x000000a507dfe910:   0000000000000018 00007ff8ec671e93
0x000000a507dfe920:   0000028aab592b38 0000000000000000
0x000000a507dfe930:   00000000000000c0 00007ff8ed442596
0x000000a507dfe940:   0000000000000000 0000028aab592890
0x000000a507dfe950:   0000028aab592b38 0000000000000000
0x000000a507dfe960:   0000028acbb30730 00007ff8ef6dfba1
0x000000a507dfe970:   0000000000000000 0000028aa9370000
0x000000a507dfe980:   0000028aa9370000 0000000000000000
0x000000a507dfe990:   0000000000000000 0000000000000002
0x000000a507dfe9a0:   0000028acbb30730 00007ff8642f72af
0x000000a507dfe9b0:   0000000000000001 0000000000000001 

Instructions: (pc=0x00007ff8ef745f94)
0x00007ff8ef745e94:   39 7d 7c 74 1e 41 8b 45 08 89 44 24 50 85 45 7c
0x00007ff8ef745ea4:   74 0a 33 85 88 00 00 00 89 44 24 50 0f b7 44 24
0x00007ff8ef745eb4:   50 eb 05 41 0f b7 45 08 49 8b 4d f0 0f b7 c0 48
0x00007ff8ef745ec4:   2b c8 0f b7 c2 48 03 c8 eb 07 0f b7 ca 48 c1 e1
0x00007ff8ef745ed4:   04 4a 8d 04 29 48 3b c6 73 27 32 db 48 89 7c 24
0x00007ff8ef745ee4:   28 4c 8b ce 4d 8b c5 48 89 7c 24 20 48 8b d5 b9
0x00007ff8ef745ef4:   03 00 00 00 e8 97 48 06 00 84 db 0f 84 b2 fe ff
0x00007ff8ef745f04:   ff 41 f7 c7 02 01 00 3c 0f 85 70 a8 f9 ff 80 7e
0x00007ff8ef745f14:   ff 05 48 8d 4e f0 75 11 0f b6 41 0e 48 c1 e0 04
0x00007ff8ef745f24:   48 2b c8 48 83 c1 10 eb 03 48 8b cf 48 89 4c 24
0x00007ff8ef745f34:   20 41 b9 03 00 00 00 8b 4e f8 4c 8b c6 48 8b d5
0x00007ff8ef745f44:   e8 eb 9e 04 00 85 c0 0f 88 66 fe ff ff e9 2c a8
0x00007ff8ef745f54:   f9 ff 44 8b 0d 23 06 0c 00 49 8b cd 48 c1 e9 04
0x00007ff8ef745f64:   41 33 4d 08 41 33 c9 33 cd 66 85 c9 0f 85 1b 05
0x00007ff8ef745f74:   00 00 48 c1 e9 0c 49 8b c5 48 2b c1 48 8b 18 48
0x00007ff8ef745f84:   89 5c 24 30 48 85 db 0f 84 00 05 00 00 0f 0d 0b
0x00007ff8ef745f94:   4c 8b 43 08 41 8b 45 0c c1 e8 08 0f b7 d0 48 8b
0x00007ff8ef745fa4:   03 4c 89 44 24 48 89 54 24 3c 48 8b 08 41 8b 40
0x00007ff8ef745fb4:   18 41 33 c1 4c 8b 71 18 41 33 c6 41 33 c0 8b c8
0x00007ff8ef745fc4:   c1 e8 10 0f af c2 0f b7 c9 49 03 c0 48 03 c8 49
0x00007ff8ef745fd4:   3b cd 74 09 49 8b 56 18 e9 b3 04 00 00 e8 5a 9c
0x00007ff8ef745fe4:   f9 ff 85 c0 74 19 65 48 8b 04 25 60 00 00 00 48
0x00007ff8ef745ff4:   8b 88 90 00 00 00 48 81 c1 26 02 00 00 eb 05 b9
0x00007ff8ef746004:   80 03 fe 7f 40 38 39 74 25 65 48 8b 04 25 60 00
0x00007ff8ef746014:   00 00 f6 80 78 03 00 00 01 74 13 49 8b 4e 18 49
0x00007ff8ef746024:   8d 55 10 41 b8 02 00 00 00 e8 3e d5 05 00 66 83
0x00007ff8ef746034:   3c 25 6a 03 fe 7f 01 44 8b cf b8 64 00 00 00 44
0x00007ff8ef746044:   8b c7 44 0f 47 c8 41 ba 00 80 00 00 eb 05 48 8b
0x00007ff8ef746054:   5c 24 30 8b 5b 20 49 c7 c6 ff ff ff ff 48 8b 54
0x00007ff8ef746064:   24 30 8b c3 c1 e8 10 66 41 85 c2 75 11 8b cb 8b
0x00007ff8ef746074:   c3 81 c9 00 00 00 80 f0 0f b1 4a 20 74 0b 41 ff
0x00007ff8ef746084:   c0 45 3b c1 76 c8 41 8b de 41 c6 45 0f 80 4c 8d 


Stack slot to memory mapping:
stack at sp + 0 slots: 0x0000000000000018 is an unknown value
stack at sp + 1 slots: 0x0000000000000005 is an unknown value
stack at sp + 2 slots: 0x0000028aab592b38 points into unknown readable memory: 90 28 59 ab 8a 02 00 00
stack at sp + 3 slots: 0x0000000000000001 is an unknown value
stack at sp + 4 slots: 0x00000000000000c0 is an unknown value
stack at sp + 5 slots: 0x00007ff8642f6e35 AcLayers.DLL
stack at sp + 6 slots: 0x0000028a0000000f is an unknown value
stack at sp + 7 slots: 0x00000000000000c0 is an unknown value

VM_Operation (0x000000a5077fdbd0): G1CollectForAllocation, mode: safepoint, requested by thread 0x0000028aa946e000


---------------  P R O C E S S  ---------------

Threads class SMR info:
_java_thread_list=0x0000028acbb6b670, length=12, elements={
0x0000028aa946e000, 0x0000028acaaf9000, 0x0000028acaafa800, 0x0000028acab0f800,
0x0000028acab12800, 0x0000028acab15000, 0x0000028acab1a000, 0x0000028acacaa800,
0x0000028acacdf000, 0x0000028acbb85800, 0x0000028acbbad800, 0x0000028acbbbd000
}

Java Threads: ( => current thread )
  0x0000028aa946e000 JavaThread "main" [_thread_blocked, id=15840, stack(0x000000a507700000,0x000000a507800000)]
  0x0000028acaaf9000 JavaThread "Reference Handler" daemon [_thread_blocked, id=804, stack(0x000000a507e00000,0x000000a507f00000)]
  0x0000028acaafa800 JavaThread "Finalizer" daemon [_thread_blocked, id=13248, stack(0x000000a507f00000,0x000000a508000000)]
  0x0000028acab0f800 JavaThread "Signal Dispatcher" daemon [_thread_blocked, id=19132, stack(0x000000a508000000,0x000000a508100000)]
  0x0000028acab12800 JavaThread "Attach Listener" daemon [_thread_blocked, id=7184, stack(0x000000a508100000,0x000000a508200000)]
  0x0000028acab15000 JavaThread "C1 CompilerThread0" daemon [_thread_blocked, id=1384, stack(0x000000a508200000,0x000000a508300000)]
  0x0000028acab1a000 JavaThread "Sweeper thread" daemon [_thread_blocked, id=12268, stack(0x000000a508300000,0x000000a508400000)]
  0x0000028acacaa800 JavaThread "Common-Cleaner" daemon [_thread_blocked, id=13184, stack(0x000000a508400000,0x000000a508500000)]
  0x0000028acacdf000 JavaThread "Service Thread" daemon [_thread_blocked, id=768, stack(0x000000a508500000,0x000000a508600000)]
  0x0000028acbb85800 JavaThread "RMI TCP Accept-0" daemon [_thread_in_native, id=1300, stack(0x000000a508600000,0x000000a508700000)]
  0x0000028acbbad800 JavaThread "RMI TCP Accept-52021" daemon [_thread_in_native, id=1200, stack(0x000000a508700000,0x000000a508800000)]
  0x0000028acbbbd000 JavaThread "RMI TCP Accept-0" daemon [_thread_in_native, id=3040, stack(0x000000a508800000,0x000000a508900000)]

Other Threads:
=>0x0000028acaaf4000 VMThread "VM Thread" [stack: 0x000000a507d00000,0x000000a507e00000] [id=3596]
  0x0000028acbbc7800 WatcherThread [stack: 0x000000a508900000,0x000000a508a00000] [id=9788]
  0x0000028aab5c6800 GCTaskThread "GC Thread#0" [stack: 0x000000a507800000,0x000000a507900000] [id=884]
  0x0000028acbbca800 GCTaskThread "GC Thread#1" [stack: 0x000000a508a00000,0x000000a508b00000] [id=12764]
  0x0000028acbbbe000 GCTaskThread "GC Thread#2" [stack: 0x000000a508b00000,0x000000a508c00000] [id=4252]
  0x0000028aab5d8000 ConcurrentGCThread "G1 Main Marker" [stack: 0x000000a507900000,0x000000a507a00000] [id=9808]
  0x0000028aab5d9800 ConcurrentGCThread "G1 Conc#0" [stack: 0x000000a507a00000,0x000000a507b00000] [id=5164]
  0x0000028ac9e2c800 ConcurrentGCThread "G1 Refine#0" [stack: 0x000000a507b00000,0x000000a507c00000] [id=13704]
  0x0000028ac9e31800 ConcurrentGCThread "G1 Young RemSet Sampling" [stack: 0x000000a507c00000,0x000000a507d00000] [id=19808]

Threads with active compile tasks:
C1 CompilerThread0     1401  915       1       java.util.jar.Attributes$Name::hashCode (5 bytes)

VM state:at safepoint (normal execution)

VM Mutex/Monitor currently owned by a thread:  ([mutex/lock_event])
[0x0000028aa946a0e0] Threads_lock - owner thread: 0x0000028acaaf4000
[0x0000028aa946b130] Heap_lock - owner thread: 0x0000028aa946e000

Heap address: 0x0000000083c00000, size: 1988 MB, Compressed Oops mode: 32-bit
Narrow klass base: 0x0000000800000000, Narrow klass shift: 3
Compressed class space size: 1073741824 Address: 0x0000000800b40000

Heap:
 garbage-first heap   total 129024K, used 19274K [0x0000000083c00000, 0x0000000100000000)
  region size 1024K, 3 young (3072K), 3 survivors (3072K)
 Metaspace       used 4179K, capacity 4946K, committed 4992K, reserved 1056768K
  class space    used 527K, capacity 596K, committed 640K, reserved 1048576K
Heap Regions: E=young(eden), S=young(survivor), O=old, HS=humongous(starts), HC=humongous(continues), CS=collection set, F=free, A=archive, TAMS=top-at-mark-start (previous, next)
|   0|0x0000000083c00000, 0x0000000083d00000, 0x0000000083d00000|100%|HS|  |TAMS 0x0000000083c00000, 0x0000000083c00000| Complete 
|   1|0x0000000083d00000, 0x0000000083e00000, 0x0000000083e00000|100%| O|  |TAMS 0x0000000083d00000, 0x0000000083d00000| Untracked 
|   2|0x0000000083e00000, 0x0000000083f00000, 0x0000000083f00000|100%| O|  |TAMS 0x0000000083e00000, 0x0000000083e00000| Untracked 
|   3|0x0000000083f00000, 0x0000000084000000, 0x0000000084000000|100%| O|  |TAMS 0x0000000083f00000, 0x0000000083f00000| Untracked 
|   4|0x0000000084000000, 0x0000000084100000, 0x0000000084100000|100%| O|  |TAMS 0x0000000084000000, 0x0000000084000000| Untracked 
|   5|0x0000000084100000, 0x0000000084200000, 0x0000000084200000|100%| O|  |TAMS 0x0000000084100000, 0x0000000084100000| Untracked 
|   6|0x0000000084200000, 0x0000000084300000, 0x0000000084300000|100%| O|  |TAMS 0x0000000084200000, 0x0000000084200000| Untracked 
|   7|0x0000000084300000, 0x0000000084400000, 0x0000000084400000|100%| O|  |TAMS 0x0000000084300000, 0x0000000084300000| Untracked 
|   8|0x0000000084400000, 0x0000000084500000, 0x0000000084500000|100%| O|  |TAMS 0x0000000084400000, 0x0000000084400000| Untracked 
|   9|0x0000000084500000, 0x0000000084600000, 0x0000000084600000|100%| O|  |TAMS 0x0000000084500000, 0x0000000084500000| Untracked 
|  10|0x0000000084600000, 0x0000000084700000, 0x0000000084700000|100%| O|  |TAMS 0x0000000084600000, 0x0000000084600000| Untracked 
|  11|0x0000000084700000, 0x0000000084800000, 0x0000000084800000|100%| O|  |TAMS 0x0000000084700000, 0x0000000084700000| Untracked 
|  12|0x0000000084800000, 0x0000000084900000, 0x0000000084900000|100%| O|  |TAMS 0x0000000084800000, 0x0000000084800000| Untracked 
|  13|0x0000000084900000, 0x0000000084a00000, 0x0000000084a00000|100%| O|  |TAMS 0x0000000084900000, 0x0000000084900000| Untracked 
|  14|0x0000000084a00000, 0x0000000084b00000, 0x0000000084b00000|100%| O|  |TAMS 0x0000000084a00000, 0x0000000084a00000| Untracked 
|  15|0x0000000084b00000, 0x0000000084bd2a00, 0x0000000084c00000| 82%| O|  |TAMS 0x0000000084b00000, 0x0000000084b00000| Untracked 
|  16|0x0000000084c00000, 0x0000000084c00000, 0x0000000084d00000|  0%| F|  |TAMS 0x0000000084c00000, 0x0000000084c00000| Untracked 
|  17|0x0000000084d00000, 0x0000000084d00000, 0x0000000084e00000|  0%| F|  |TAMS 0x0000000084d00000, 0x0000000084d00000| Untracked 
|  18|0x0000000084e00000, 0x0000000084e00000, 0x0000000084f00000|  0%| F|  |TAMS 0x0000000084e00000, 0x0000000084e00000| Untracked 
|  19|0x0000000084f00000, 0x0000000084f00000, 0x0000000085000000|  0%| F|  |TAMS 0x0000000084f00000, 0x0000000084f00000| Untracked 
|  20|0x0000000085000000, 0x0000000085000000, 0x0000000085100000|  0%| F|  |TAMS 0x0000000085000000, 0x0000000085000000| Untracked 
|  21|0x0000000085100000, 0x0000000085100000, 0x0000000085200000|  0%| F|  |TAMS 0x0000000085100000, 0x0000000085100000| Untracked 
|  22|0x0000000085200000, 0x0000000085200000, 0x0000000085300000|  0%| F|  |TAMS 0x0000000085200000, 0x0000000085200000| Untracked 
|  23|0x0000000085300000, 0x0000000085300000, 0x0000000085400000|  0%| F|  |TAMS 0x0000000085300000, 0x0000000085300000| Untracked 
|  24|0x0000000085400000, 0x0000000085400000, 0x0000000085500000|  0%| F|  |TAMS 0x0000000085400000, 0x0000000085400000| Untracked 
|  25|0x0000000085500000, 0x0000000085500000, 0x0000000085600000|  0%| F|  |TAMS 0x0000000085500000, 0x0000000085500000| Untracked 
|  26|0x0000000085600000, 0x0000000085600000, 0x0000000085700000|  0%| F|  |TAMS 0x0000000085600000, 0x0000000085600000| Untracked 
|  27|0x0000000085700000, 0x0000000085700000, 0x0000000085800000|  0%| F|  |TAMS 0x0000000085700000, 0x0000000085700000| Untracked 
|  28|0x0000000085800000, 0x0000000085800000, 0x0000000085900000|  0%| F|  |TAMS 0x0000000085800000, 0x0000000085800000| Untracked 
|  29|0x0000000085900000, 0x0000000085900000, 0x0000000085a00000|  0%| F|  |TAMS 0x0000000085900000, 0x0000000085900000| Untracked 
|  30|0x0000000085a00000, 0x0000000085a00000, 0x0000000085b00000|  0%| F|  |TAMS 0x0000000085a00000, 0x0000000085a00000| Untracked 
|  31|0x0000000085b00000, 0x0000000085b00000, 0x0000000085c00000|  0%| F|  |TAMS 0x0000000085b00000, 0x0000000085b00000| Untracked 
|  32|0x0000000085c00000, 0x0000000085c00000, 0x0000000085d00000|  0%| F|  |TAMS 0x0000000085c00000, 0x0000000085c00000| Untracked 
|  33|0x0000000085d00000, 0x0000000085d00000, 0x0000000085e00000|  0%| F|  |TAMS 0x0000000085d00000, 0x0000000085d00000| Untracked 
|  34|0x0000000085e00000, 0x0000000085e00000, 0x0000000085f00000|  0%| F|  |TAMS 0x0000000085e00000, 0x0000000085e00000| Untracked 
|  35|0x0000000085f00000, 0x0000000085f00000, 0x0000000086000000|  0%| F|  |TAMS 0x0000000085f00000, 0x0000000085f00000| Untracked 
|  36|0x0000000086000000, 0x0000000086000000, 0x0000000086100000|  0%| F|  |TAMS 0x0000000086000000, 0x0000000086000000| Untracked 
|  37|0x0000000086100000, 0x0000000086100000, 0x0000000086200000|  0%| F|  |TAMS 0x0000000086100000, 0x0000000086100000| Untracked 
|  38|0x0000000086200000, 0x0000000086200000, 0x0000000086300000|  0%| F|  |TAMS 0x0000000086200000, 0x0000000086200000| Untracked 
|  39|0x0000000086300000, 0x0000000086300000, 0x0000000086400000|  0%| F|  |TAMS 0x0000000086300000, 0x0000000086300000| Untracked 
|  40|0x0000000086400000, 0x0000000086400000, 0x0000000086500000|  0%| F|  |TAMS 0x0000000086400000, 0x0000000086400000| Untracked 
|  41|0x0000000086500000, 0x0000000086500000, 0x0000000086600000|  0%| F|  |TAMS 0x0000000086500000, 0x0000000086500000| Untracked 
|  42|0x0000000086600000, 0x0000000086600000, 0x0000000086700000|  0%| F|  |TAMS 0x0000000086600000, 0x0000000086600000| Untracked 
|  43|0x0000000086700000, 0x0000000086700000, 0x0000000086800000|  0%| F|  |TAMS 0x0000000086700000, 0x0000000086700000| Untracked 
|  44|0x0000000086800000, 0x0000000086800000, 0x0000000086900000|  0%| F|  |TAMS 0x0000000086800000, 0x0000000086800000| Untracked 
|  45|0x0000000086900000, 0x0000000086900000, 0x0000000086a00000|  0%| F|  |TAMS 0x0000000086900000, 0x0000000086900000| Untracked 
|  46|0x0000000086a00000, 0x0000000086a00000, 0x0000000086b00000|  0%| F|  |TAMS 0x0000000086a00000, 0x0000000086a00000| Untracked 
|  47|0x0000000086b00000, 0x0000000086b00000, 0x0000000086c00000|  0%| F|  |TAMS 0x0000000086b00000, 0x0000000086b00000| Untracked 
|  48|0x0000000086c00000, 0x0000000086c00000, 0x0000000086d00000|  0%| F|  |TAMS 0x0000000086c00000, 0x0000000086c00000| Untracked 
|  49|0x0000000086d00000, 0x0000000086d00000, 0x0000000086e00000|  0%| F|  |TAMS 0x0000000086d00000, 0x0000000086d00000| Untracked 
|  50|0x0000000086e00000, 0x0000000086e00000, 0x0000000086f00000|  0%| F|  |TAMS 0x0000000086e00000, 0x0000000086e00000| Untracked 
|  51|0x0000000086f00000, 0x0000000086f00000, 0x0000000087000000|  0%| F|  |TAMS 0x0000000086f00000, 0x0000000086f00000| Untracked 
|  52|0x0000000087000000, 0x0000000087000000, 0x0000000087100000|  0%| F|  |TAMS 0x0000000087000000, 0x0000000087000000| Untracked 
|  53|0x0000000087100000, 0x0000000087100000, 0x0000000087200000|  0%| F|  |TAMS 0x0000000087100000, 0x0000000087100000| Untracked 
|  54|0x0000000087200000, 0x0000000087200000, 0x0000000087300000|  0%| F|  |TAMS 0x0000000087200000, 0x0000000087200000| Untracked 
|  55|0x0000000087300000, 0x0000000087300000, 0x0000000087400000|  0%| F|  |TAMS 0x0000000087300000, 0x0000000087300000| Untracked 
|  56|0x0000000087400000, 0x0000000087400000, 0x0000000087500000|  0%| F|  |TAMS 0x0000000087400000, 0x0000000087400000| Untracked 
|  57|0x0000000087500000, 0x0000000087500000, 0x0000000087600000|  0%| F|  |TAMS 0x0000000087500000, 0x0000000087500000| Untracked 
|  58|0x0000000087600000, 0x0000000087600000, 0x0000000087700000|  0%| F|  |TAMS 0x0000000087600000, 0x0000000087600000| Untracked 
|  59|0x0000000087700000, 0x0000000087700000, 0x0000000087800000|  0%| F|  |TAMS 0x0000000087700000, 0x0000000087700000| Untracked 
|  60|0x0000000087800000, 0x0000000087800000, 0x0000000087900000|  0%| F|  |TAMS 0x0000000087800000, 0x0000000087800000| Untracked 
|  61|0x0000000087900000, 0x0000000087900000, 0x0000000087a00000|  0%| F|  |TAMS 0x0000000087900000, 0x0000000087900000| Untracked 
|  62|0x0000000087a00000, 0x0000000087a00000, 0x0000000087b00000|  0%| F|  |TAMS 0x0000000087a00000, 0x0000000087a00000| Untracked 
|  63|0x0000000087b00000, 0x0000000087b00000, 0x0000000087c00000|  0%| F|  |TAMS 0x0000000087b00000, 0x0000000087b00000| Untracked 
|  64|0x0000000087c00000, 0x0000000087c00000, 0x0000000087d00000|  0%| F|  |TAMS 0x0000000087c00000, 0x0000000087c00000| Untracked 
|  65|0x0000000087d00000, 0x0000000087d00000, 0x0000000087e00000|  0%| F|  |TAMS 0x0000000087d00000, 0x0000000087d00000| Untracked 
|  66|0x0000000087e00000, 0x0000000087e00000, 0x0000000087f00000|  0%| F|  |TAMS 0x0000000087e00000, 0x0000000087e00000| Untracked 
|  67|0x0000000087f00000, 0x0000000087f00000, 0x0000000088000000|  0%| F|  |TAMS 0x0000000087f00000, 0x0000000087f00000| Untracked 
|  68|0x0000000088000000, 0x0000000088000000, 0x0000000088100000|  0%| F|  |TAMS 0x0000000088000000, 0x0000000088000000| Untracked 
|  69|0x0000000088100000, 0x0000000088100000, 0x0000000088200000|  0%| F|  |TAMS 0x0000000088100000, 0x0000000088100000| Untracked 
|  70|0x0000000088200000, 0x0000000088200000, 0x0000000088300000|  0%| F|  |TAMS 0x0000000088200000, 0x0000000088200000| Untracked 
|  71|0x0000000088300000, 0x0000000088300000, 0x0000000088400000|  0%| F|  |TAMS 0x0000000088300000, 0x0000000088300000| Untracked 
|  72|0x0000000088400000, 0x0000000088400000, 0x0000000088500000|  0%| F|  |TAMS 0x0000000088400000, 0x0000000088400000| Untracked 
|  73|0x0000000088500000, 0x0000000088500000, 0x0000000088600000|  0%| F|  |TAMS 0x0000000088500000, 0x0000000088500000| Untracked 
|  74|0x0000000088600000, 0x0000000088600000, 0x0000000088700000|  0%| F|  |TAMS 0x0000000088600000, 0x0000000088600000| Untracked 
|  75|0x0000000088700000, 0x0000000088700000, 0x0000000088800000|  0%| F|  |TAMS 0x0000000088700000, 0x0000000088700000| Untracked 
|  76|0x0000000088800000, 0x0000000088800000, 0x0000000088900000|  0%| F|  |TAMS 0x0000000088800000, 0x0000000088800000| Untracked 
|  77|0x0000000088900000, 0x0000000088900000, 0x0000000088a00000|  0%| F|  |TAMS 0x0000000088900000, 0x0000000088900000| Untracked 
|  78|0x0000000088a00000, 0x0000000088a00000, 0x0000000088b00000|  0%| F|  |TAMS 0x0000000088a00000, 0x0000000088a00000| Untracked 
|  79|0x0000000088b00000, 0x0000000088b00000, 0x0000000088c00000|  0%| F|  |TAMS 0x0000000088b00000, 0x0000000088b00000| Untracked 
|  80|0x0000000088c00000, 0x0000000088c00000, 0x0000000088d00000|  0%| F|  |TAMS 0x0000000088c00000, 0x0000000088c00000| Untracked 
|  81|0x0000000088d00000, 0x0000000088d00000, 0x0000000088e00000|  0%| F|  |TAMS 0x0000000088d00000, 0x0000000088d00000| Untracked 
|  82|0x0000000088e00000, 0x0000000088e00000, 0x0000000088f00000|  0%| F|  |TAMS 0x0000000088e00000, 0x0000000088e00000| Untracked 
|  83|0x0000000088f00000, 0x0000000088f00000, 0x0000000089000000|  0%| F|  |TAMS 0x0000000088f00000, 0x0000000088f00000| Untracked 
|  84|0x0000000089000000, 0x0000000089000000, 0x0000000089100000|  0%| F|  |TAMS 0x0000000089000000, 0x0000000089000000| Untracked 
|  85|0x0000000089100000, 0x0000000089100000, 0x0000000089200000|  0%| F|  |TAMS 0x0000000089100000, 0x0000000089100000| Untracked 
|  86|0x0000000089200000, 0x0000000089200000, 0x0000000089300000|  0%| F|  |TAMS 0x0000000089200000, 0x0000000089200000| Untracked 
|  87|0x0000000089300000, 0x0000000089300000, 0x0000000089400000|  0%| F|  |TAMS 0x0000000089300000, 0x0000000089300000| Untracked 
|  88|0x0000000089400000, 0x0000000089400000, 0x0000000089500000|  0%| F|  |TAMS 0x0000000089400000, 0x0000000089400000| Untracked 
|  89|0x0000000089500000, 0x0000000089500000, 0x0000000089600000|  0%| F|  |TAMS 0x0000000089500000, 0x0000000089500000| Untracked 
|  90|0x0000000089600000, 0x0000000089600000, 0x0000000089700000|  0%| F|  |TAMS 0x0000000089600000, 0x0000000089600000| Untracked 
|  91|0x0000000089700000, 0x0000000089700000, 0x0000000089800000|  0%| F|  |TAMS 0x0000000089700000, 0x0000000089700000| Untracked 
|  92|0x0000000089800000, 0x0000000089800000, 0x0000000089900000|  0%| F|  |TAMS 0x0000000089800000, 0x0000000089800000| Untracked 
|  93|0x0000000089900000, 0x0000000089900000, 0x0000000089a00000|  0%| F|  |TAMS 0x0000000089900000, 0x0000000089900000| Untracked 
|  94|0x0000000089a00000, 0x0000000089a00000, 0x0000000089b00000|  0%| F|  |TAMS 0x0000000089a00000, 0x0000000089a00000| Untracked 
|  95|0x0000000089b00000, 0x0000000089b00000, 0x0000000089c00000|  0%| F|  |TAMS 0x0000000089b00000, 0x0000000089b00000| Untracked 
|  96|0x0000000089c00000, 0x0000000089c00000, 0x0000000089d00000|  0%| F|  |TAMS 0x0000000089c00000, 0x0000000089c00000| Untracked 
|  97|0x0000000089d00000, 0x0000000089d00000, 0x0000000089e00000|  0%| F|  |TAMS 0x0000000089d00000, 0x0000000089d00000| Untracked 
|  98|0x0000000089e00000, 0x0000000089e00000, 0x0000000089f00000|  0%| F|  |TAMS 0x0000000089e00000, 0x0000000089e00000| Untracked 
|  99|0x0000000089f00000, 0x000000008a000000, 0x000000008a000000|100%| S|  |TAMS 0x0000000089f00000, 0x0000000089f00000| Complete 
| 100|0x000000008a000000, 0x000000008a100000, 0x000000008a100000|100%| S|  |TAMS 0x000000008a000000, 0x000000008a000000| Complete 
| 101|0x000000008a100000, 0x000000008a200000, 0x000000008a200000|100%| S|  |TAMS 0x000000008a100000, 0x000000008a100000| Complete 
| 102|0x000000008a200000, 0x000000008a200000, 0x000000008a300000|  0%| F|  |TAMS 0x000000008a200000, 0x000000008a200000| Untracked 
| 103|0x000000008a300000, 0x000000008a300000, 0x000000008a400000|  0%| F|  |TAMS 0x000000008a300000, 0x000000008a300000| Untracked 
| 104|0x000000008a400000, 0x000000008a400000, 0x000000008a500000|  0%| F|  |TAMS 0x000000008a400000, 0x000000008a400000| Untracked 
| 105|0x000000008a500000, 0x000000008a500000, 0x000000008a600000|  0%| F|  |TAMS 0x000000008a500000, 0x000000008a500000| Untracked 
| 106|0x000000008a600000, 0x000000008a600000, 0x000000008a700000|  0%| F|  |TAMS 0x000000008a600000, 0x000000008a600000| Untracked 
| 107|0x000000008a700000, 0x000000008a700000, 0x000000008a800000|  0%| F|  |TAMS 0x000000008a700000, 0x000000008a700000| Untracked 
| 108|0x000000008a800000, 0x000000008a800000, 0x000000008a900000|  0%| F|  |TAMS 0x000000008a800000, 0x000000008a800000| Untracked 
| 109|0x000000008a900000, 0x000000008a900000, 0x000000008aa00000|  0%| F|  |TAMS 0x000000008a900000, 0x000000008a900000| Untracked 
| 110|0x000000008aa00000, 0x000000008aa00000, 0x000000008ab00000|  0%| F|  |TAMS 0x000000008aa00000, 0x000000008aa00000| Untracked 
| 111|0x000000008ab00000, 0x000000008ab00000, 0x000000008ac00000|  0%| F|  |TAMS 0x000000008ab00000, 0x000000008ab00000| Untracked 
| 112|0x000000008ac00000, 0x000000008ac00000, 0x000000008ad00000|  0%| F|  |TAMS 0x000000008ac00000, 0x000000008ac00000| Untracked 
| 113|0x000000008ad00000, 0x000000008ad00000, 0x000000008ae00000|  0%| F|  |TAMS 0x000000008ad00000, 0x000000008ad00000| Untracked 
| 114|0x000000008ae00000, 0x000000008ae00000, 0x000000008af00000|  0%| F|  |TAMS 0x000000008ae00000, 0x000000008ae00000| Untracked 
| 115|0x000000008af00000, 0x000000008af00000, 0x000000008b000000|  0%| F|  |TAMS 0x000000008af00000, 0x000000008af00000| Untracked 
| 116|0x000000008b000000, 0x000000008b000000, 0x000000008b100000|  0%| F|  |TAMS 0x000000008b000000, 0x000000008b000000| Untracked 
| 117|0x000000008b100000, 0x000000008b100000, 0x000000008b200000|  0%| F|  |TAMS 0x000000008b100000, 0x000000008b100000| Untracked 
| 118|0x000000008b200000, 0x000000008b200000, 0x000000008b300000|  0%| F|  |TAMS 0x000000008b200000, 0x000000008b200000| Untracked 
| 119|0x000000008b300000, 0x000000008b300000, 0x000000008b400000|  0%| F|  |TAMS 0x000000008b300000, 0x000000008b300000| Untracked 
| 120|0x000000008b400000, 0x000000008b400000, 0x000000008b500000|  0%| F|  |TAMS 0x000000008b400000, 0x000000008b400000| Untracked 
| 121|0x000000008b500000, 0x000000008b500000, 0x000000008b600000|  0%| F|  |TAMS 0x000000008b500000, 0x000000008b500000| Untracked 
| 122|0x000000008b600000, 0x000000008b600000, 0x000000008b700000|  0%| F|  |TAMS 0x000000008b600000, 0x000000008b600000| Untracked 
| 123|0x000000008b700000, 0x000000008b700000, 0x000000008b800000|  0%| F|  |TAMS 0x000000008b700000, 0x000000008b700000| Untracked 
| 124|0x000000008b800000, 0x000000008b800000, 0x000000008b900000|  0%| F|  |TAMS 0x000000008b800000, 0x000000008b800000| Untracked 
| 125|0x000000008b900000, 0x000000008b900000, 0x000000008ba00000|  0%| F|  |TAMS 0x000000008b900000, 0x000000008b900000| Untracked 

Card table byte_map: [0x0000028ac3250000,0x0000028ac3640000] _byte_map_base: 0x0000028ac2e32000

Marking Bits (Prev, Next): (CMBitMap*) 0x0000028aab5c7758, (CMBitMap*) 0x0000028aab5c7798
 Prev Bits: [0x0000028ac3a30000, 0x0000028ac5940000)
 Next Bits: [0x0000028ac5940000, 0x0000028ac7850000)

Polling page: 0x0000028aa9360000

Metaspace:

Usage:
  Non-class:      4.25 MB capacity,     3.57 MB ( 84%) used,   682.80 KB ( 16%) free+waste,    15.00 KB ( <1%) overhead. 
      Class:    596.00 KB capacity,   527.41 KB ( 88%) used,    59.47 KB ( 10%) free+waste,     9.13 KB (  2%) overhead. 
       Both:      4.83 MB capacity,     4.08 MB ( 85%) used,   742.27 KB ( 15%) free+waste,    24.13 KB ( <1%) overhead. 

Virtual space:
  Non-class space:        8.00 MB reserved,       4.25 MB ( 53%) committed 
      Class space:        1.00 GB reserved,     640.00 KB ( <1%) committed 
             Both:        1.01 GB reserved,       4.88 MB ( <1%) committed 

Chunk freelists:
   Non-Class:  2.00 KB
       Class:  0 bytes
        Both:  2.00 KB

MaxMetaspaceSize: 17179869184.00 GB
CompressedClassSpaceSize: 1.00 GB

CodeHeap 'non-profiled nmethods': size=238336Kb used=1304Kb max_used=1304Kb free=237032Kb
 bounds [0x0000028ab4160000, 0x0000028ab43d0000, 0x0000028ac2a20000]
CodeHeap 'non-nmethods': size=7424Kb used=1179Kb max_used=1179Kb free=6244Kb
 bounds [0x0000028ab3a20000, 0x0000028ab3c90000, 0x0000028ab4160000]
 total_blobs=1607 nmethods=914 adapters=348
 compilation: enabled
              stopped_count=0, restarted_count=0
 full_count=0

Compilation events (20 events):
Event: 1.295 Thread 0x0000028acab15000 nmethod 901 0x0000028ab42a0d90 code [0x0000028ab42a0fe0, 0x0000028ab42a19a0]
Event: 1.295 Thread 0x0000028acab15000  904       1       jdk.internal.org.objectweb.asm.Frame::pop (42 bytes)
Event: 1.295 Thread 0x0000028acab15000 nmethod 904 0x0000028ab42a1e90 code [0x0000028ab42a2040, 0x0000028ab42a21d8]
Event: 1.295 Thread 0x0000028acab15000  905       1       java.lang.invoke.InvokerBytecodeGenerator::emitPushArgument (120 bytes)
Event: 1.296 Thread 0x0000028acab15000 nmethod 905 0x0000028ab42a2890 code [0x0000028ab42a2ae0, 0x0000028ab42a30b0]
Event: 1.296 Thread 0x0000028acab15000  906       1       java.lang.invoke.InvokerBytecodeGenerator::emitLoadInsn (21 bytes)
Event: 1.296 Thread 0x0000028acab15000 nmethod 906 0x0000028ab42a3410 code [0x0000028ab42a35c0, 0x0000028ab42a3780]
Event: 1.296 Thread 0x0000028acab15000  907       1       java.lang.invoke.InvokerBytecodeGenerator::loadInsnOpcode (87 bytes)
Event: 1.297 Thread 0x0000028acab15000 nmethod 907 0x0000028ab42a3890 code [0x0000028ab42a3aa0, 0x0000028ab42a3fa0]
Event: 1.297 Thread 0x0000028acab15000  902       1       java.lang.StringBuilder::append (8 bytes)
Event: 1.297 Thread 0x0000028acab15000 nmethod 902 0x0000028ab42a4210 code [0x0000028ab42a43c0, 0x0000028ab42a4530]
Event: 1.297 Thread 0x0000028acab15000  903       1       java.lang.AbstractStringBuilder::append (55 bytes)
Event: 1.297 Thread 0x0000028acab15000 nmethod 903 0x0000028ab42a4590 code [0x0000028ab42a4760, 0x0000028ab42a4980]
Event: 1.297 Thread 0x0000028acab15000  908       1       java.lang.invoke.LambdaForm::forceInterpretation (14 bytes)
Event: 1.297 Thread 0x0000028acab15000 nmethod 908 0x0000028ab42a4a90 code [0x0000028ab42a4c20, 0x0000028ab42a4d78]
Event: 1.297 Thread 0x0000028acab15000  909       1       java.util.ArrayList::iterator (9 bytes)
Event: 1.297 Thread 0x0000028acab15000 nmethod 909 0x0000028ab42a4e10 code [0x0000028ab42a4fc0, 0x0000028ab42a51b8]
Event: 1.297 Thread 0x0000028acab15000  910       1       java.util.ArrayList$Itr::<init> (26 bytes)
Event: 1.297 Thread 0x0000028acab15000 nmethod 910 0x0000028ab42a5290 code [0x0000028ab42a5420, 0x0000028ab42a55b8]
Event: 1.304 Thread 0x0000028acab15000  915       1       java.util.jar.Attributes$Name::hashCode (5 bytes)

GC Heap History (1 events):
Event: 1.304 GC heap before
{Heap before GC invocations=0 (full 0):
 garbage-first heap   total 129024K, used 24576K [0x0000000083c00000, 0x0000000100000000)
  region size 1024K, 24 young (24576K), 0 survivors (0K)
 Metaspace       used 4179K, capacity 4946K, committed 4992K, reserved 1056768K
  class space    used 527K, capacity 596K, committed 640K, reserved 1048576K
}

Deoptimization events (0 events):
No events

Classes unloaded (0 events):
No events

Classes redefined (0 events):
No events

Internal exceptions (8 events):
Event: 0.639 Thread 0x0000028aa946e000 Exception <a 'java/lang/NoSuchMethodError'{0x000000008a514b70}: 'java.lang.Object java.lang.invoke.DirectMethodHandle$Holder.invokeStaticInit(java.lang.Object, java.lang.Object, java.lang.Object)'> (0x000000008a514b70) 
thrown [t:/workspace/open/src/hotspot/share/interpreter/linkResolver.cpp, line 767]
Event: 0.642 Thread 0x0000028aa946e000 Exception <a 'java/lang/NoSuchMethodError'{0x000000008a52dc78}: 'int java.lang.invoke.DirectMethodHandle$Holder.invokeInterface(java.lang.Object, java.lang.Object)'> (0x000000008a52dc78) 
thrown [t:/workspace/open/src/hotspot/share/interpreter/linkResolver.cpp, line 767]
Event: 0.642 Thread 0x0000028aa946e000 Exception <a 'java/lang/IncompatibleClassChangeError'{0x000000008a530780}: Found class java.lang.Object, but interface was expected> (0x000000008a530780) 
thrown [t:/workspace/open/src/hotspot/share/interpreter/linkResolver.cpp, line 833]
Event: 0.758 Thread 0x0000028aa946e000 Exception <a 'java/lang/NoSuchMethodError'{0x000000008a4fa0d0}: 'int java.lang.invoke.DirectMethodHandle$Holder.invokeSpecialIFC(java.lang.Object, java.lang.Object, java.lang.Object)'> (0x000000008a4fa0d0) 
thrown [t:/workspace/open/src/hotspot/share/interpreter/linkResolver.cpp, line 767]
Event: 0.782 Thread 0x0000028aa946e000 Exception <a 'java/lang/NoSuchMethodError'{0x000000008a35da70}: 'java.lang.Object java.lang.invoke.DirectMethodHandle$Holder.invokeStaticInit(java.lang.Object, int, int, int, int)'> (0x000000008a35da70) 
thrown [t:/workspace/open/src/hotspot/share/interpreter/linkResolver.cpp, line 767]
Event: 1.258 Thread 0x0000028aa946e000 Exception <a 'java/lang/NoSuchMethodError'{0x000000008a3b53c8}: 'java.lang.Object java.lang.invoke.DirectMethodHandle$Holder.invokeStaticInit(java.lang.Object, java.lang.Object, int, int, int, int)'> (0x000000008a3b53c8) 
thrown [t:/workspace/open/src/hotspot/share/interpreter/linkResolver.cpp, line 767]
Event: 1.268 Thread 0x0000028aa946e000 Exception <a 'java/lang/ClassNotFoundException'{0x000000008a3cefb8}: javax/management/remote/rmi/RMIServerImpl_Skel> (0x000000008a3cefb8) 
thrown [t:/workspace/open/src/hotspot/share/classfile/systemDictionary.cpp, line 232]
Event: 1.290 Thread 0x0000028aa946e000 Exception <a 'java/lang/ClassNotFoundException'{0x000000008a22aa30}: jdk/internal/agent/resources/spi/agentProvider> (0x000000008a22aa30) 
thrown [t:/workspace/open/src/hotspot/share/classfile/systemDictionary.cpp, line 232]

Events (20 events):
Event: 1.296 loading class sun/management/counter/Units
Event: 1.296 loading class sun/management/counter/Units done
Event: 1.296 loading class jdk/internal/agent/ConnectorAddressLink$PerfHandle
Event: 1.296 loading class jdk/internal/agent/ConnectorAddressLink$PerfHandle done
Event: 1.296 loading class jdk/internal/vm/VMSupport
Event: 1.296 loading class jdk/internal/vm/VMSupport done
Event: 1.297 loading class sun/management/jmxremote/LocalRMIServerSocketFactory
Event: 1.297 loading class sun/management/jmxremote/LocalRMIServerSocketFactory done
Event: 1.298 loading class sun/management/jmxremote/LocalRMIServerSocketFactory$1
Event: 1.298 loading class sun/management/jmxremote/LocalRMIServerSocketFactory$1 done
Event: 1.299 Thread 0x0000028acbbbd000 Thread added: 0x0000028acbbbd000
Event: 1.300 Executing VM operation: EnableBiasedLocking
Event: 1.300 Executing VM operation: EnableBiasedLocking done
Event: 1.301 loading class com/daneeats/auth/WebApplication
Event: 1.301 loading class com/daneeats/auth/WebApplication done
Event: 1.301 loading class jdk/internal/loader/URLClassPath$FileLoader$1
Event: 1.301 loading class jdk/internal/loader/URLClassPath$FileLoader$1 done
Event: 1.303 loading class org/springframework/boot/SpringApplication
Event: 1.303 loading class org/springframework/boot/SpringApplication done
Event: 1.304 Executing VM operation: G1CollectForAllocation


Dynamic libraries:
0x00007ff7d30f0000 - 0x00007ff7d30ff000 	C:\Program Files\Java\jdk-13.0.2\bin\javaw.exe
0x00007ff8ef6a0000 - 0x00007ff8ef890000 	C:\windows\SYSTEM32\ntdll.dll
0x00007ff8eef50000 - 0x00007ff8ef002000 	C:\windows\System32\KERNEL32.DLL
0x00007ff8ec630000 - 0x00007ff8ec8d5000 	C:\windows\System32\KERNELBASE.dll
0x00007ff8ea3c0000 - 0x00007ff8ea44f000 	C:\windows\SYSTEM32\apphelp.dll
0x00007ff8642f0000 - 0x00007ff864782000 	C:\windows\SYSTEM32\AcLayers.DLL
0x00007ff8ee960000 - 0x00007ff8ee9fe000 	C:\windows\System32\msvcrt.dll
0x00007ff8ed8b0000 - 0x00007ff8eda44000 	C:\windows\System32\USER32.dll
0x00007ff8ed680000 - 0x00007ff8ed6a1000 	C:\windows\System32\win32u.dll
0x00007ff8ef2f0000 - 0x00007ff8ef316000 	C:\windows\System32\GDI32.dll
0x00007ff8ed290000 - 0x00007ff8ed426000 	C:\windows\System32\gdi32full.dll
0x00007ff8ed6b0000 - 0x00007ff8ed74e000 	C:\windows\System32\msvcp_win.dll
0x00007ff8ed430000 - 0x00007ff8ed52a000 	C:\windows\System32\ucrtbase.dll
0x00007ff8eea00000 - 0x00007ff8eea52000 	C:\windows\System32\SHLWAPI.dll
0x00007ff8eda50000 - 0x00007ff8edd85000 	C:\windows\System32\combase.dll
0x00007ff8edf00000 - 0x00007ff8ee020000 	C:\windows\System32\RPCRT4.dll
0x00007ff8ed210000 - 0x00007ff8ed290000 	C:\windows\System32\bcryptPrimitives.dll
0x00007ff8ee020000 - 0x00007ff8ee0c3000 	C:\windows\System32\ADVAPI32.dll
0x00007ff8edd90000 - 0x00007ff8ede27000 	C:\windows\System32\sechost.dll
0x0000028aa9180000 - 0x0000028aa9183000 	C:\windows\SYSTEM32\sfc.dll
0x00007ff8af0b0000 - 0x00007ff8af139000 	C:\windows\SYSTEM32\WINSPOOL.DRV
0x00007ff8ec610000 - 0x00007ff8ec621000 	C:\windows\System32\kernel.appcore.dll
0x00007ff8ed600000 - 0x00007ff8ed626000 	C:\windows\System32\bcrypt.dll
0x00007ff8e8650000 - 0x00007ff8e8740000 	C:\windows\SYSTEM32\PROPSYS.dll
0x00007ff8ede30000 - 0x00007ff8edef5000 	C:\windows\System32\OLEAUT32.dll
0x00007ff8ee8b0000 - 0x00007ff8ee959000 	C:\windows\System32\shcore.dll
0x00007ff8eba60000 - 0x00007ff8eba9a000 	C:\windows\SYSTEM32\IPHLPAPI.DLL
0x00007ff8d0100000 - 0x00007ff8d0111000 	C:\windows\SYSTEM32\sfc_os.DLL
0x00007ff8ee0e0000 - 0x00007ff8ee10e000 	C:\windows\System32\IMM32.DLL
0x00007ff8d8790000 - 0x00007ff8d87a8000 	C:\Program Files\Java\jdk-13.0.2\bin\jli.dll
0x00007ff8d8700000 - 0x00007ff8d8715000 	C:\Program Files\Java\jdk-13.0.2\bin\VCRUNTIME140.dll
0x00007ff8d0930000 - 0x00007ff8d0bb4000 	C:\windows\WinSxS\amd64_microsoft.windows.common-controls_6595b64144ccf1df_6.0.18362.1139_none_9e7bf2d3e4605ac6\COMCTL32.dll
0x00007ff8e7180000 - 0x00007ff8e718a000 	C:\windows\SYSTEM32\VERSION.dll
0x00007ff8c4be0000 - 0x00007ff8c4c7b000 	C:\Program Files\Java\jdk-13.0.2\bin\msvcp140.dll
0x00007ff86e540000 - 0x00007ff86f09d000 	C:\Program Files\Java\jdk-13.0.2\bin\server\jvm.dll
0x00007ff8ef2c0000 - 0x00007ff8ef2c8000 	C:\windows\System32\PSAPI.DLL
0x00007ff8ea110000 - 0x00007ff8ea134000 	C:\windows\SYSTEM32\WINMM.dll
0x00007ff8d0910000 - 0x00007ff8d0919000 	C:\windows\SYSTEM32\WSOCK32.dll
0x00007ff8ef1d0000 - 0x00007ff8ef23f000 	C:\windows\System32\WS2_32.dll
0x00007ff8e9b90000 - 0x00007ff8e9bbd000 	C:\windows\SYSTEM32\WINMMBASE.dll
0x00007ff8ed630000 - 0x00007ff8ed67a000 	C:\windows\System32\cfgmgr32.dll
0x00007ff8be2f0000 - 0x00007ff8be300000 	C:\Program Files\Java\jdk-13.0.2\bin\verify.dll
0x00007ff8eaf30000 - 0x00007ff8eb124000 	C:\windows\SYSTEM32\DBGHELP.DLL
0x00007ff8d5400000 - 0x00007ff8d542a000 	C:\windows\SYSTEM32\dbgcore.DLL
0x00007ff8be2c0000 - 0x00007ff8be2e6000 	C:\Program Files\Java\jdk-13.0.2\bin\java.dll
0x00007ff8be2a0000 - 0x00007ff8be2b7000 	C:\Program Files\Java\jdk-13.0.2\bin\zip.dll
0x00007ff8be290000 - 0x00007ff8be29a000 	C:\Program Files\Java\jdk-13.0.2\bin\jimage.dll
0x00007ff8ee110000 - 0x00007ff8ee7f7000 	C:\windows\System32\SHELL32.dll
0x00007ff8ec8e0000 - 0x00007ff8ed060000 	C:\windows\System32\windows.storage.dll
0x00007ff8ec5e0000 - 0x00007ff8ec603000 	C:\windows\System32\profapi.dll
0x00007ff8ec570000 - 0x00007ff8ec5ba000 	C:\windows\System32\powrprof.dll
0x00007ff8ec560000 - 0x00007ff8ec570000 	C:\windows\System32\UMPDC.dll
0x00007ff8ed530000 - 0x00007ff8ed547000 	C:\windows\System32\cryptsp.dll
0x00007ff8be270000 - 0x00007ff8be289000 	C:\Program Files\Java\jdk-13.0.2\bin\net.dll
0x00007ff8e2ae0000 - 0x00007ff8e2bd0000 	C:\windows\SYSTEM32\WINHTTP.dll
0x00007ff8ebd50000 - 0x00007ff8ebdb7000 	C:\windows\system32\mswsock.dll
0x00007ff8be250000 - 0x00007ff8be263000 	C:\Program Files\Java\jdk-13.0.2\bin\nio.dll
0x00007ff8e89c0000 - 0x00007ff8e89c9000 	C:\Program Files\Java\jdk-13.0.2\bin\management.dll
0x00007ff8e0390000 - 0x00007ff8e039b000 	C:\Program Files\Java\jdk-13.0.2\bin\management_ext.dll
0x00007ff8c9240000 - 0x00007ff8c9256000 	C:\windows\system32\napinsp.dll
0x00007ff8c9220000 - 0x00007ff8c923a000 	C:\windows\system32\pnrpnsp.dll
0x00007ff8ebab0000 - 0x00007ff8ebb7b000 	C:\windows\SYSTEM32\DNSAPI.dll
0x00007ff8ef010000 - 0x00007ff8ef018000 	C:\windows\System32\NSI.dll
0x00007ff8c8fa0000 - 0x00007ff8c8fae000 	C:\windows\System32\winrnr.dll
0x00007ff8e88c0000 - 0x00007ff8e88dc000 	C:\windows\system32\NLAapi.dll
0x00007ff8c6ad0000 - 0x00007ff8c6ae5000 	C:\windows\system32\wshbth.dll
0x00007ff8e2ad0000 - 0x00007ff8e2ada000 	C:\Windows\System32\rasadhlp.dll
0x00007ff8e85d0000 - 0x00007ff8e8647000 	C:\windows\System32\fwpuclnt.dll
0x00007ff8eb8c0000 - 0x00007ff8eb8f3000 	C:\windows\system32\rsaenh.dll
0x00007ff8ec440000 - 0x00007ff8ec465000 	C:\windows\SYSTEM32\USERENV.dll
0x00007ff8ebf20000 - 0x00007ff8ebf2c000 	C:\windows\SYSTEM32\CRYPTBASE.dll
0x00007ff8ead20000 - 0x00007ff8ead36000 	C:\windows\SYSTEM32\dhcpcsvc6.DLL
0x00007ff8ead00000 - 0x00007ff8ead1c000 	C:\windows\SYSTEM32\dhcpcsvc.DLL

dbghelp: loaded successfully - version: 4.0.5 - missing functions: none
symbol engine: initialized successfully - sym options: 0x614 - pdb path: .;C:\Program Files\Java\jdk-13.0.2\bin;C:\windows\SYSTEM32;C:\windows\WinSxS\amd64_microsoft.windows.common-controls_6595b64144ccf1df_6.0.18362.1139_none_9e7bf2d3e4605ac6;C:\Program Files\Java\jdk-13.0.2\bin\server

VM Arguments:
jvm_args: -Dcom.sun.management.jmxremote -Dcom.sun.management.jmxremote.port=52021 -Dcom.sun.management.jmxremote.authenticate=false -Dcom.sun.management.jmxremote.ssl=false -Djava.rmi.server.hostname=localhost -Dspring.jmx.enabled=true -Dspring.application.admin.enabled=true -Xverify:none -XX:TieredStopAtLevel=1 -Dspring.boot.project.name=Assignment4 -Dfile.encoding=UTF-8 
java_command: com.daneeats.auth.WebApplication --spring.output.ansi.enabled=always
java_class_path (initial): C:\Users\Utsav\Documents\workspace-spring-tool-suite-4-4.7.1.RELEASE\Assignment4\target\classes;C:\Users\Utsav\.m2\repository\org\springframework\boot\spring-boot-starter-web\2.2.3.RELEASE\spring-boot-starter-web-2.2.3.RELEASE.jar;C:\Users\Utsav\.m2\repository\org\springframework\boot\spring-boot-starter\2.2.3.RELEASE\spring-boot-starter-2.2.3.RELEASE.jar;C:\Users\Utsav\.m2\repository\org\springframework\boot\spring-boot-starter-logging\2.2.3.RELEASE\spring-boot-starter-logging-2.2.3.RELEASE.jar;C:\Users\Utsav\.m2\repository\ch\qos\logback\logback-classic\1.2.3\logback-classic-1.2.3.jar;C:\Users\Utsav\.m2\repository\ch\qos\logback\logback-core\1.2.3\logback-core-1.2.3.jar;C:\Users\Utsav\.m2\repository\org\apache\logging\log4j\log4j-to-slf4j\2.12.1\log4j-to-slf4j-2.12.1.jar;C:\Users\Utsav\.m2\repository\org\apache\logging\log4j\log4j-api\2.12.1\log4j-api-2.12.1.jar;C:\Users\Utsav\.m2\repository\org\slf4j\jul-to-slf4j\1.7.30\jul-to-slf4j-1.7.30.jar;C:\Users\Utsav\.m2\repository\org\springframework\spring-core\5.2.3.RELEASE\spring-core-5.2.3.RELEASE.jar;C:\Users\Utsav\.m2\repository\org\springframework\spring-jcl\5.2.3.RELEASE\spring-jcl-5.2.3.RELEASE.jar;C:\Users\Utsav\.m2\repository\org\yaml\snakeyaml\1.25\snakeyaml-1.25.jar;C:\Users\Utsav\.m2\repository\org\springframework\boot\spring-boot-starter-json\2.2.3.RELEASE\spring-boot-starter-json-2.2.3.RELEASE.jar;C:\Users\Utsav\.m2\repository\com\fasterxml\jackson\core\jackson-databind\2.10.2\jackson-databind-2.10.2.jar;C:\Users\Utsav\.m2\repository\com\fasterxml\jackson\core\jackson-annotations\2.10.2\jackson-annotations-2.10.2.jar;C:\Users\Utsav\.m2\repository\com\fasterxml\jackson\core\jackson-core\2.10.2\jackson-core-2.10.2.jar;C:\Users\Utsav\.m2\repository\com\fasterxml\jackson\datatype\jackson-datatype-jdk8\2.10.2\jackson-datatype-jdk8-2.10.2.jar;C:\Users\Utsav\.m2\repository\com\fasterxml\jackson\datatype\jackson-datatype-jsr310\2.10.2\jackson-datatype-jsr310-2.10.2.jar;C:\Users\Utsav\
Launcher Type: SUN_STANDARD

[Global flags]
     intx CICompilerCount                          = 4                                         {product} {ergonomic}
     uint ConcGCThreads                            = 2                                         {product} {ergonomic}
     uint G1ConcRefinementThreads                  = 8                                         {product} {ergonomic}
   size_t G1HeapRegionSize                         = 1048576                                   {product} {ergonomic}
    uintx GCDrainStackTargetSize                   = 64                                        {product} {ergonomic}
   size_t InitialHeapSize                          = 132120576                                 {product} {ergonomic}
     bool ManagementServer                         = true                                      {product} {command line}
   size_t MarkStackSize                            = 4194304                                   {product} {ergonomic}
   size_t MaxHeapSize                              = 2084569088                                {product} {ergonomic}
   size_t MaxNewSize                               = 1249902592                                {product} {ergonomic}
   size_t MinHeapDeltaBytes                        = 1048576                                   {product} {ergonomic}
   size_t MinHeapSize                              = 8388608                                   {product} {ergonomic}
    uintx NonNMethodCodeHeapSize                   = 7549744                                {pd product} {ergonomic}
    uintx NonProfiledCodeHeapSize                  = 244108496                              {pd product} {ergonomic}
    uintx ProfiledCodeHeapSize                     = 0                                      {pd product} {ergonomic}
    uintx ReservedCodeCacheSize                    = 251658240                              {pd product} {ergonomic}
     bool SegmentedCodeCache                       = true                                      {product} {ergonomic}
   size_t SoftMaxHeapSize                          = 2084569088                             {manageable} {ergonomic}
     intx TieredStopAtLevel                        = 1                                         {product} {command line}
     bool UseCompressedClassPointers               = true                                 {lp64_product} {ergonomic}
     bool UseCompressedOops                        = true                                 {lp64_product} {ergonomic}
     bool UseG1GC                                  = true                                      {product} {ergonomic}
     bool UseLargePagesIndividualAllocation        = false                                  {pd product} {ergonomic}

Logging:
Log output configuration:
 #0: stdout all=warning uptime,level,tags
 #1: stderr all=off uptime,level,tags

Environment Variables:
JAVA_HOME=C:\Program Files\Java\jdk-13.0.2
PATH=C:/Program Files/Java/jdk-13.0.2/bin/server;C:/Program Files/Java/jdk-13.0.2/bin;C:\windows\system32;C:\windows;C:\windows\System32\Wbem;C:\windows\System32\WindowsPowerShell\v1.0\;C:\windows\System32\OpenSSH\;C:\Program Files (x86)\SMLNJ\bin\;C:\Program Files\PuTTY\;C:\Program Files\Java\jdk-13.0.2\bin;C:\Program Files\nodejs\;D:\Ex_Files_Web_Apps_Ajax\Ex_Files_Web_Apps_Ajax\Exercise Files\Ch02\02_02\start;C:\Program Files\Notepad++;C:\Program Files (x86)\DevDesktop\tools;C:\Program Files (x86)\DevDesktop\drush_10;C:\Program Files\dotnet\;C:\Program Files\Microsoft SQL Server\130\Tools\Binn\;C:\Program Files\Microsoft SQL Server\Client SDK\ODBC\170\Tools\Binn\;C:\Program Files (x86)\Microsoft SQL Server\150\Tools\Binn\;C:\Program Files\Microsoft SQL Server\150\Tools\Binn\;C:\Program Files\Microsoft SQL Server\150\DTS\Binn\;C:\Program Files (x86)\Microsoft SQL Server\150\DTS\Binn\;C:\Program Files\Docker Toolbox;C:\Program Files\apache-maven-3.6.3\bin;C:\Program Files\Git\cmd;C:\Program Files\MySQL\MySQL Shell 8.0\bin\;C:\Python27;C:\Users\Utsav\AppData\Local\Programs\Microsoft VS Code\bin;C:\Users\Utsav\Downloads\sts-4.7.1.RELEASE;
USERNAME=Utsav
OS=Windows_NT
PROCESSOR_IDENTIFIER=Intel64 Family 6 Model 126 Stepping 5, GenuineIntel



---------------  S Y S T E M  ---------------

OS: Windows 10 , 64 bit Build 18362 (10.0.18362.1110)

CPU:total 8 (initial active 8) (4 cores per cpu, 2 threads per core) family 6 model 126 stepping 5, cmov, cx8, fxsr, mmx, sse, sse2, sse3, ssse3, sse4.1, sse4.2, popcnt, avx, avx2, aes, clmul, erms, 3dnowpref, lzcnt, ht, tsc, tscinvbit, bmi1, bmi2, adx, evex, sha, fma

Memory: 4k page, system-wide physical 7945M (1377M free)
TotalPageFile size 15369M (AvailPageFile size 5017M)
current process WorkingSet (physical memory assigned to process): 87M, peak: 87M
current process commit charge ("private bytes"): 229M, peak: 229M

vm_info: Java HotSpot(TM) 64-Bit Server VM (13.0.2+8) for windows-amd64 JRE (13.0.2+8), built on Dec 11 2019 09:20:33 by "mach5one" with unknown MS VC++:1916

END.
