#
# A fatal error has been detected by the Java Runtime Environment:
#
#  EXCEPTION_ACCESS_VIOLATION (0xc0000005) at pc=0x00007ff8f88c3d3a, pid=2720, tid=23328
#
# JRE version: Java(TM) SE Runtime Environment (13.0.2+8) (build 13.0.2+8)
# Java VM: Java HotSpot(TM) 64-Bit Server VM (13.0.2+8, mixed mode, sharing, tiered, compressed oops, g1 gc, windows-amd64)
# Problematic frame:
# V  [jvm.dll+0x2b3d3a]
#
# No core dump will be written. Minidumps are not enabled by default on client versions of Windows
#
# If you would like to submit a bug report, please visit:
#   http://bugreport.java.com/bugreport/crash.jsp
#

---------------  S U M M A R Y ------------

<<<<<<< HEAD
Command Line: -Dcom.sun.management.jmxremote -Dcom.sun.management.jmxremote.port=50981 -Dcom.sun.management.jmxremote.authenticate=false -Dcom.sun.management.jmxremote.ssl=false -Djava.rmi.server.hostname=localhost -Dspring.jmx.enabled=true -Dspring.application.admin.enabled=true -Xverify:none -XX:TieredStopAtLevel=1 -Dspring.boot.project.name=Assignment4 -Dfile.encoding=UTF-8 com.daneeats.auth.WebApplication --spring.output.ansi.enabled=always
=======
Command Line: -Dcom.sun.management.jmxremote -Dcom.sun.management.jmxremote.port=50981 -Dcom.sun.management.jmxremote.authenticate=false -Dcom.sun.management.jmxremote.ssl=false -Djava.rmi.server.hostname=localhost -Dspring.jmx.enabled=true -Dspring.application.admin.enabled=true -Xverify:none -XX:TieredStopAtLevel=1 -Dspring.boot.project.name=Assignment4 -Dfile.encoding=UTF-8 com.cloudpacks.site.WebApplication --spring.output.ansi.enabled=always
>>>>>>> a54f919673522c80f514cff5366626549ecf014d

Host: Intel(R) Core(TM) i7-1065G7 CPU @ 1.30GHz, 8 cores, 7G,  Windows 10 , 64 bit Build 18362 (10.0.18362.1110)
Time: Wed Oct 28 12:55:09 2020 Eastern Daylight Time elapsed time: 6 seconds (0d 0h 0m 6s)

---------------  T H R E A D  ---------------

Current thread (0x00000261e7e83000):  JavaThread "Service Thread" daemon [_thread_in_vm, id=23328, stack(0x0000009f61300000,0x0000009f61400000)]

Stack: [0x0000009f61300000,0x0000009f61400000],  sp=0x0000009f613ff130,  free space=1020k
Native frames: (J=compiled Java code, j=interpreted, Vv=VM code, C=native code)
V  [jvm.dll+0x2b3d3a]
V  [jvm.dll+0x1da0be]
V  [jvm.dll+0x65959e]
V  [jvm.dll+0x68eef1]
V  [jvm.dll+0x736bb6]
V  [jvm.dll+0x72fcaa]
V  [jvm.dll+0x623ea6]
C  [ucrtbase.dll+0x210b2]
C  [KERNEL32.DLL+0x17c24]
C  [ntdll.dll+0x6cea1]


siginfo: EXCEPTION_ACCESS_VIOLATION (0xc0000005), reading address 0x0000000c00000023


Register to memory mapping:

RIP=0x00007ff8f88c3d3a jvm.dll
RAX=0x0 is NULL
RBX=0x00000261c65baf20 points into unknown readable memory: 00 30 e8 e7 61 02 00 00
RCX=0x00000261c65baf28 points into unknown readable memory: ff ff ff ff ff ff ff ff
RDX=0x0000000000000007 is an unknown value
RSP=0x0000009f613ff130 is pointing into the stack for thread: 0x00000261e7e83000
RBP=0x0000000c0000000b is an unknown value
RSI=0x00000261e8c5d7a0 points into unknown readable memory: 01 00 00 00 61 76 61 2f
RDI=0x00000261e7e5c580 points into unknown readable memory: 02 00 00 00 00 00 00 00
R8 =0x0000000084f795d0 is an oop: jdk.internal.reflect.DelegatingClassLoader 
{0x0000000084f795d0} - klass: 'jdk/internal/reflect/DelegatingClassLoader'
R9 =0x0 is NULL
R10=0x0 is NULL
R11=0x0000009f613ff258 is pointing into the stack for thread: 0x00000261e7e83000
R12=0x0000000000000008 is an unknown value
R13=0x0 is NULL
R14=0x00000261e7caa198 points into unknown readable memory: 20 80 e7 e7 61 02 00 00
R15=0x0 is NULL


Registers:
RAX=0x0000000000000000, RBX=0x00000261c65baf20, RCX=0x00000261c65baf28, RDX=0x0000000000000007
RSP=0x0000009f613ff130, RBP=0x0000000c0000000b, RSI=0x00000261e8c5d7a0, RDI=0x00000261e7e5c580
R8 =0x0000000084f795d0, R9 =0x0000000000000000, R10=0x0000000000000000, R11=0x0000009f613ff258
R12=0x0000000000000008, R13=0x0000000000000000, R14=0x00000261e7caa198, R15=0x0000000000000000
RIP=0x00007ff8f88c3d3a, EFLAGS=0x0000000000010202

Top of Stack: (sp=0x0000009f613ff130)
0x0000009f613ff130:   00000261c65baf20 00007ff93e11c220
0x0000009f613ff140:   00000261c65baf20 00000261e8f7def0
0x0000009f613ff150:   00007ff900000000 00000261e8c5d7a0
0x0000009f613ff160:   0000000000000000 00007ff94528378d
0x0000009f613ff170:   00000261e7caa198 00000261c65baf20
0x0000009f613ff180:   0000026100000001 0000000000000000
0x0000009f613ff190:   00000261e7c86000 00007ff8f86d1fbc
0x0000009f613ff1a0:   00000261c866b220 00007ff9444c723b
0x0000009f613ff1b0:   0000000000000001 00007ff945261e93
0x0000009f613ff1c0:   0000000000040002 0000000000000140
0x0000009f613ff1d0:   00000261e7c7a6b0 00007ff93e11c1da
0x0000009f613ff1e0:   00007ff900000000 00000261c64d5010
0x0000009f613ff1f0:   0000000000000048 00007ff900000001
0x0000009f613ff200:   0000000000000000 0000000000000000
0x0000009f613ff210:   0000000000000000 0000000000000000
0x0000009f613ff220:   000029357fafb648 00007ff8f87b7156 

Instructions: (pc=0x00007ff8f88c3d3a)
0x00007ff8f88c3c3a:   00 48 39 87 80 00 00 00 75 0d 48 8b d6 41 ff d7
0x00007ff8f88c3c4a:   48 83 7e 08 00 75 14 48 8b 5b 08 48 83 e3 fe 75
0x00007ff8f88c3c5a:   d5 ff c5 49 83 c6 08 3b 2f 7c bb 48 8b 5c 24 40
0x00007ff8f88c3c6a:   4c 8b 74 24 48 48 8b 6c 24 50 48 83 c4 20 41 5f
0x00007ff8f88c3c7a:   5f 5e c3 cc cc cc 4c 8b dc 56 48 81 ec 20 01 00
0x00007ff8f88c3c8a:   00 48 8b 05 e6 5d 77 00 48 33 c4 48 89 84 24 f0
0x00007ff8f88c3c9a:   00 00 00 48 8b 05 9c 3e 7a 00 48 8b f1 48 89 4c
0x00007ff8f88c3caa:   24 28 48 39 81 80 00 00 00 0f 84 85 02 00 00 33
0x00007ff8f88c3cba:   c9 89 4c 24 20 39 0e 0f 8e 77 02 00 00 8b 15 c7
0x00007ff8f88c3cca:   1a 81 00 65 48 8b 04 25 58 00 00 00 49 89 5b 10
0x00007ff8f88c3cda:   49 89 6b 18 49 89 7b 20 4d 89 63 f0 4d 89 6b e8
0x00007ff8f88c3cea:   4d 89 73 e0 4c 8d 34 d0 33 d2 4d 89 7b d8 48 89
0x00007ff8f88c3cfa:   54 24 30 4c 89 74 24 40 41 bc 08 00 00 00 0f 1f
0x00007ff8f88c3d0a:   84 00 00 00 00 00 48 8b 46 08 48 8b 2c 02 48 85
0x00007ff8f88c3d1a:   ed 0f 84 ce 01 00 00 48 8b 1d 58 b7 7d 00 48 89
0x00007ff8f88c3d2a:   5c 24 48 48 85 db 74 08 48 8b cb e8 c6 6a 34 00
0x00007ff8f88c3d3a:   48 8b 7d 18 45 33 ff 48 85 ff 0f 84 7c 01 00 00
0x00007ff8f88c3d4a:   48 8b 5c 24 28 90 48 8b cf e8 e8 5b 3a 00 48 85
0x00007ff8f88c3d5a:   c0 0f 85 51 01 00 00 48 39 05 20 63 7a 00 0f 84
0x00007ff8f88c3d6a:   17 01 00 00 49 8b 06 ba 50 00 00 00 41 8b cc 48
0x00007ff8f88c3d7a:   8b 0c 01 48 8b b1 68 02 00 00 48 8d 4c 24 50 48
0x00007ff8f88c3d8a:   8b 46 28 4c 8b 76 10 4c 8b 66 18 4c 8b 6e 20 48
0x00007ff8f88c3d9a:   89 44 24 38 e8 8d 1b 37 00 48 8d 05 a6 f7 57 00
0x00007ff8f88c3daa:   48 8d 8c 24 88 00 00 00 48 89 44 24 50 e8 a4 dd
0x00007ff8f88c3dba:   27 00 48 8d 05 8d 62 7a 00 c7 84 24 e0 00 00 00
0x00007ff8f88c3dca:   02 00 00 00 48 8d 15 1b ba 5b 00 48 89 84 24 e8
0x00007ff8f88c3dda:   00 00 00 48 8d 4c 24 50 e8 f9 31 37 00 48 8d 15
0x00007ff8f88c3dea:   1a ba 5b 00 48 8d 4c 24 50 e8 b8 31 37 00 48 8b
0x00007ff8f88c3dfa:   83 80 00 00 00 48 8b 48 08 48 85 c9 75 04 33 c0
0x00007ff8f88c3e0a:   eb 06 ff 15 76 f4 73 00 48 8d 54 24 50 48 8b c8
0x00007ff8f88c3e1a:   e8 41 e3 35 00 48 8d 15 f2 b9 5b 00 48 8d 4c 24
0x00007ff8f88c3e2a:   50 e8 80 31 37 00 48 8b 4d 10 48 8d 54 24 50 48 


Stack slot to memory mapping:
stack at sp + 0 slots: 0x00000261c65baf20 points into unknown readable memory: 00 30 e8 e7 61 02 00 00
stack at sp + 1 slots: 0x00007ff93e11c220 VCRUNTIME140.dll
stack at sp + 2 slots: 0x00000261c65baf20 points into unknown readable memory: 00 30 e8 e7 61 02 00 00
stack at sp + 3 slots: 0x00000261e8f7def0 points into unknown readable memory: 01 00 00 00 76 61 2f 6c
stack at sp + 4 slots: 0x00007ff900000000 is an unknown value
stack at sp + 5 slots: 0x00000261e8c5d7a0 points into unknown readable memory: 01 00 00 00 61 76 61 2f
stack at sp + 6 slots: 0x0 is NULL
stack at sp + 7 slots: 0x00007ff94528378d KERNELBASE.dll


---------------  P R O C E S S  ---------------

Threads class SMR info:
_java_thread_list=0x00000261ebdc2530, length=22, elements={
0x00000261c65be000, 0x00000261e7c75800, 0x00000261e7c77800, 0x00000261e7c8c000,
0x00000261e7c8d000, 0x00000261e7c90000, 0x00000261e7c92800, 0x00000261e7127000,
0x00000261e7e83000, 0x00000261e8d80000, 0x00000261e8d91800, 0x00000261e8da2800,
0x00000261e8e17000, 0x00000261e8e33800, 0x00000261e9091800, 0x00000261e90e1800,
0x00000261e9186000, 0x00000261e9187000, 0x00000261eb705800, 0x00000261eb706800,
0x00000261eb704000, 0x00000261eb704800
}

Java Threads: ( => current thread )
  0x00000261c65be000 JavaThread "main" [_thread_blocked, id=5792, stack(0x0000009f60500000,0x0000009f60600000)]
  0x00000261e7c75800 JavaThread "Reference Handler" daemon [_thread_blocked, id=23172, stack(0x0000009f60c00000,0x0000009f60d00000)]
  0x00000261e7c77800 JavaThread "Finalizer" daemon [_thread_blocked, id=32628, stack(0x0000009f60d00000,0x0000009f60e00000)]
  0x00000261e7c8c000 JavaThread "Signal Dispatcher" daemon [_thread_blocked, id=29292, stack(0x0000009f60e00000,0x0000009f60f00000)]
  0x00000261e7c8d000 JavaThread "Attach Listener" daemon [_thread_blocked, id=13808, stack(0x0000009f60f00000,0x0000009f61000000)]
  0x00000261e7c90000 JavaThread "C1 CompilerThread0" daemon [_thread_blocked, id=32448, stack(0x0000009f61000000,0x0000009f61100000)]
  0x00000261e7c92800 JavaThread "Sweeper thread" daemon [_thread_blocked, id=31436, stack(0x0000009f61100000,0x0000009f61200000)]
  0x00000261e7127000 JavaThread "Common-Cleaner" daemon [_thread_blocked, id=17132, stack(0x0000009f61200000,0x0000009f61300000)]
=>0x00000261e7e83000 JavaThread "Service Thread" daemon [_thread_in_vm, id=23328, stack(0x0000009f61300000,0x0000009f61400000)]
  0x00000261e8d80000 JavaThread "RMI TCP Accept-0" daemon [_thread_in_native, id=30140, stack(0x0000009f61600000,0x0000009f61700000)]
  0x00000261e8d91800 JavaThread "RMI TCP Accept-50981" daemon [_thread_in_native, id=32544, stack(0x0000009f61700000,0x0000009f61800000)]
  0x00000261e8da2800 JavaThread "RMI TCP Accept-0" daemon [_thread_in_native, id=20164, stack(0x0000009f61800000,0x0000009f61900000)]
  0x00000261e8e17000 JavaThread "RMI TCP Connection(1)-127.0.0.1" daemon [_thread_in_native, id=10204, stack(0x0000009f61a00000,0x0000009f61b00000)]
  0x00000261e8e33800 JavaThread "RMI Scheduler(0)" daemon [_thread_blocked, id=11344, stack(0x0000009f61b00000,0x0000009f61c00000)]
  0x00000261e9091800 JavaThread "RMI TCP Connection(2)-127.0.0.1" daemon [_thread_in_native, id=33164, stack(0x0000009f61c00000,0x0000009f61d00000)]
  0x00000261e90e1800 JavaThread "JMX server connection timeout 20" daemon [_thread_blocked, id=26728, stack(0x0000009f61d00000,0x0000009f61e00000)]
  0x00000261e9186000 JavaThread "Thread-0" [_thread_blocked, id=11288, stack(0x0000009f61e00000,0x0000009f61f00000)]
  0x00000261e9187000 JavaThread "restartedMain" [_thread_blocked, id=19708, stack(0x0000009f61f00000,0x0000009f62000000)]
  0x00000261eb705800 JavaThread "Catalina-utility-1" [_thread_blocked, id=2624, stack(0x0000009f62600000,0x0000009f62700000)]
  0x00000261eb706800 JavaThread "Catalina-utility-2" [_thread_blocked, id=30020, stack(0x0000009f62700000,0x0000009f62800000)]
  0x00000261eb704000 JavaThread "container-0" [_thread_blocked, id=18624, stack(0x0000009f62800000,0x0000009f62900000)]
  0x00000261eb704800 JavaThread "mysql-cj-abandoned-connection-cleanup" daemon [_thread_blocked, id=13296, stack(0x0000009f62900000,0x0000009f62a00000)]

Other Threads:
  0x00000261e7c70800 VMThread "VM Thread" [stack: 0x0000009f60b00000,0x0000009f60c00000] [id=24112]
  0x00000261e8da3800 WatcherThread [stack: 0x0000009f61900000,0x0000009f61a00000] [id=17780]
  0x00000261c86c6800 GCTaskThread "GC Thread#0" [stack: 0x0000009f60600000,0x0000009f60700000] [id=20596]
  0x00000261e8d1e800 GCTaskThread "GC Thread#1" [stack: 0x0000009f61400000,0x0000009f61500000] [id=33508]
  0x00000261e8d4f800 GCTaskThread "GC Thread#2" [stack: 0x0000009f61500000,0x0000009f61600000] [id=2952]
  0x00000261e92e0000 GCTaskThread "GC Thread#3" [stack: 0x0000009f62100000,0x0000009f62200000] [id=28396]
  0x00000261e92e0800 GCTaskThread "GC Thread#4" [stack: 0x0000009f62200000,0x0000009f62300000] [id=1944]
  0x00000261e92e1000 GCTaskThread "GC Thread#5" [stack: 0x0000009f62300000,0x0000009f62400000] [id=26224]
  0x00000261e92e2000 GCTaskThread "GC Thread#6" [stack: 0x0000009f62400000,0x0000009f62500000] [id=11328]
  0x00000261e92e2800 GCTaskThread "GC Thread#7" [stack: 0x0000009f62500000,0x0000009f62600000] [id=32996]
  0x00000261c86d8000 ConcurrentGCThread "G1 Main Marker" [stack: 0x0000009f60700000,0x0000009f60800000] [id=28804]
  0x00000261c86d9800 ConcurrentGCThread "G1 Conc#0" [stack: 0x0000009f60800000,0x0000009f60900000] [id=11832]
  0x00000261ea843800 ConcurrentGCThread "G1 Conc#1" [stack: 0x0000009f62000000,0x0000009f62100000] [id=15044]
  0x00000261e6fba000 ConcurrentGCThread "G1 Refine#0" [stack: 0x0000009f60900000,0x0000009f60a00000] [id=23728]
  0x00000261e6fbc000 ConcurrentGCThread "G1 Young RemSet Sampling" [stack: 0x0000009f60a00000,0x0000009f60b00000] [id=23684]

Threads with active compile tasks:

VM state:not at safepoint (normal execution)

VM Mutex/Monitor currently owned by a thread:  ([mutex/lock_event])
[0x00000261c8682750] ClassLoaderDataGraph_lock - owner thread: 0x00000261e7e83000
[0x00000261c8682480] SystemDictionary_lock - owner thread: 0x00000261e7e83000
[0x00000261c65baf20] ProtectionDomainSet_lock - owner thread: 0x00000261e7e83000

Heap address: 0x0000000083c00000, size: 1988 MB, Compressed Oops mode: 32-bit
Narrow klass base: 0x0000000800000000, Narrow klass shift: 3
Compressed class space size: 1073741824 Address: 0x0000000800b40000

Heap:
 garbage-first heap   total 110592K, used 32970K [0x0000000083c00000, 0x0000000100000000)
  region size 1024K, 7 young (7168K), 5 survivors (5120K)
 Metaspace       used 34574K, capacity 35772K, committed 36096K, reserved 1079296K
  class space    used 4781K, capacity 5253K, committed 5376K, reserved 1048576K
Heap Regions: E=young(eden), S=young(survivor), O=old, HS=humongous(starts), HC=humongous(continues), CS=collection set, F=free, A=archive, TAMS=top-at-mark-start (previous, next)
|   0|0x0000000083c00000, 0x0000000083d00000, 0x0000000083d00000|100%|HS|  |TAMS 0x0000000083d00000, 0x0000000083c00000| Complete 
|   1|0x0000000083d00000, 0x0000000083e00000, 0x0000000083e00000|100%| O|  |TAMS 0x0000000083e00000, 0x0000000083d00000| Untracked 
|   2|0x0000000083e00000, 0x0000000083f00000, 0x0000000083f00000|100%| O|  |TAMS 0x0000000083f00000, 0x0000000083e00000| Untracked 
|   3|0x0000000083f00000, 0x0000000084000000, 0x0000000084000000|100%| O|  |TAMS 0x0000000084000000, 0x0000000083f00000| Untracked 
|   4|0x0000000084000000, 0x0000000084100000, 0x0000000084100000|100%| O|  |TAMS 0x0000000084100000, 0x0000000084000000| Untracked 
|   5|0x0000000084100000, 0x0000000084200000, 0x0000000084200000|100%| O|  |TAMS 0x0000000084200000, 0x0000000084100000| Untracked 
|   6|0x0000000084200000, 0x0000000084300000, 0x0000000084300000|100%| O|  |TAMS 0x0000000084300000, 0x0000000084200000| Untracked 
|   7|0x0000000084300000, 0x0000000084400000, 0x0000000084400000|100%| O|  |TAMS 0x0000000084400000, 0x0000000084300000| Untracked 
|   8|0x0000000084400000, 0x0000000084500000, 0x0000000084500000|100%| O|  |TAMS 0x0000000084500000, 0x0000000084400000| Untracked 
|   9|0x0000000084500000, 0x0000000084600000, 0x0000000084600000|100%| O|  |TAMS 0x0000000084600000, 0x0000000084500000| Untracked 
|  10|0x0000000084600000, 0x0000000084700000, 0x0000000084700000|100%| O|  |TAMS 0x0000000084700000, 0x0000000084600000| Untracked 
|  11|0x0000000084700000, 0x0000000084800000, 0x0000000084800000|100%| O|  |TAMS 0x0000000084800000, 0x0000000084700000| Untracked 
|  12|0x0000000084800000, 0x0000000084900000, 0x0000000084900000|100%| O|  |TAMS 0x0000000084900000, 0x0000000084800000| Untracked 
|  13|0x0000000084900000, 0x0000000084a00000, 0x0000000084a00000|100%| O|  |TAMS 0x0000000084a00000, 0x0000000084900000| Untracked 
|  14|0x0000000084a00000, 0x0000000084b00000, 0x0000000084b00000|100%| O|  |TAMS 0x0000000084b00000, 0x0000000084a00000| Untracked 
|  15|0x0000000084b00000, 0x0000000084c00000, 0x0000000084c00000|100%| O|  |TAMS 0x0000000084c00000, 0x0000000084b00000| Untracked 
|  16|0x0000000084c00000, 0x0000000084d00000, 0x0000000084d00000|100%| O|  |TAMS 0x0000000084d00000, 0x0000000084c00000| Untracked 
|  17|0x0000000084d00000, 0x0000000084e00000, 0x0000000084e00000|100%| O|  |TAMS 0x0000000084e00000, 0x0000000084d00000| Untracked 
|  18|0x0000000084e00000, 0x0000000084f00000, 0x0000000084f00000|100%| O|  |TAMS 0x0000000084f00000, 0x0000000084e00000| Untracked 
|  19|0x0000000084f00000, 0x0000000085000000, 0x0000000085000000|100%| O|  |TAMS 0x0000000085000000, 0x0000000084f00000| Untracked 
|  20|0x0000000085000000, 0x0000000085037400, 0x0000000085100000| 21%| O|  |TAMS 0x0000000085037400, 0x0000000085000000| Untracked 
|  21|0x0000000085100000, 0x0000000085200000, 0x0000000085200000|100%| O|  |TAMS 0x0000000085200000, 0x0000000085100000| Untracked 
|  22|0x0000000085200000, 0x0000000085300000, 0x0000000085300000|100%| O|  |TAMS 0x0000000085300000, 0x0000000085200000| Untracked 
|  23|0x0000000085300000, 0x0000000085400000, 0x0000000085400000|100%| O|  |TAMS 0x0000000085400000, 0x0000000085300000| Untracked 
|  24|0x0000000085400000, 0x0000000085500000, 0x0000000085500000|100%| O|  |TAMS 0x0000000085500000, 0x0000000085400000| Untracked 
|  25|0x0000000085500000, 0x0000000085600000, 0x0000000085600000|100%| O|  |TAMS 0x0000000085600000, 0x0000000085500000| Untracked 
|  26|0x0000000085600000, 0x0000000085700000, 0x0000000085700000|100%| O|  |TAMS 0x0000000085700000, 0x0000000085600000| Untracked 
|  27|0x0000000085700000, 0x00000000857ce000, 0x0000000085800000| 80%| O|  |TAMS 0x00000000857ce000, 0x0000000085700000| Untracked 
|  28|0x0000000085800000, 0x0000000085800000, 0x0000000085900000|  0%| F|  |TAMS 0x0000000085800000, 0x0000000085800000| Untracked 
|  29|0x0000000085900000, 0x0000000085900000, 0x0000000085a00000|  0%| F|  |TAMS 0x0000000085900000, 0x0000000085900000| Untracked 
|  30|0x0000000085a00000, 0x0000000085a00000, 0x0000000085b00000|  0%| F|  |TAMS 0x0000000085a00000, 0x0000000085a00000| Untracked 
|  31|0x0000000085b00000, 0x0000000085b00000, 0x0000000085c00000|  0%| F|  |TAMS 0x0000000085b00000, 0x0000000085b00000| Untracked 
|  32|0x0000000085c00000, 0x0000000085c00000, 0x0000000085d00000|  0%| F|  |TAMS 0x0000000085c00000, 0x0000000085c00000| Untracked 
|  33|0x0000000085d00000, 0x0000000085d00000, 0x0000000085e00000|  0%| F|  |TAMS 0x0000000085d00000, 0x0000000085d00000| Untracked 
|  34|0x0000000085e00000, 0x0000000085e00000, 0x0000000085f00000|  0%| F|  |TAMS 0x0000000085e00000, 0x0000000085e00000| Untracked 
|  35|0x0000000085f00000, 0x0000000085f00000, 0x0000000086000000|  0%| F|  |TAMS 0x0000000085f00000, 0x0000000085f00000| Untracked 
|  36|0x0000000086000000, 0x0000000086000000, 0x0000000086100000|  0%| F|  |TAMS 0x0000000086000000, 0x0000000086000000| Untracked 
|  37|0x0000000086100000, 0x0000000086100000, 0x0000000086200000|  0%| F|  |TAMS 0x0000000086100000, 0x0000000086100000| Untracked 
|  38|0x0000000086200000, 0x0000000086200000, 0x0000000086300000|  0%| F|  |TAMS 0x0000000086200000, 0x0000000086200000| Untracked 
|  39|0x0000000086300000, 0x0000000086300000, 0x0000000086400000|  0%| F|  |TAMS 0x0000000086300000, 0x0000000086300000| Untracked 
|  40|0x0000000086400000, 0x0000000086400000, 0x0000000086500000|  0%| F|  |TAMS 0x0000000086400000, 0x0000000086400000| Untracked 
|  41|0x0000000086500000, 0x0000000086500000, 0x0000000086600000|  0%| F|  |TAMS 0x0000000086500000, 0x0000000086500000| Untracked 
|  42|0x0000000086600000, 0x0000000086600000, 0x0000000086700000|  0%| F|  |TAMS 0x0000000086600000, 0x0000000086600000| Untracked 
|  43|0x0000000086700000, 0x0000000086700000, 0x0000000086800000|  0%| F|  |TAMS 0x0000000086700000, 0x0000000086700000| Untracked 
|  44|0x0000000086800000, 0x0000000086800000, 0x0000000086900000|  0%| F|  |TAMS 0x0000000086800000, 0x0000000086800000| Untracked 
|  45|0x0000000086900000, 0x0000000086900000, 0x0000000086a00000|  0%| F|  |TAMS 0x0000000086900000, 0x0000000086900000| Untracked 
|  46|0x0000000086a00000, 0x0000000086a00000, 0x0000000086b00000|  0%| F|  |TAMS 0x0000000086a00000, 0x0000000086a00000| Untracked 
|  47|0x0000000086b00000, 0x0000000086b00000, 0x0000000086c00000|  0%| F|  |TAMS 0x0000000086b00000, 0x0000000086b00000| Untracked 
|  48|0x0000000086c00000, 0x0000000086c00000, 0x0000000086d00000|  0%| F|  |TAMS 0x0000000086c00000, 0x0000000086c00000| Untracked 
|  49|0x0000000086d00000, 0x0000000086d00000, 0x0000000086e00000|  0%| F|  |TAMS 0x0000000086d00000, 0x0000000086d00000| Untracked 
|  50|0x0000000086e00000, 0x0000000086e00000, 0x0000000086f00000|  0%| F|  |TAMS 0x0000000086e00000, 0x0000000086e00000| Untracked 
|  51|0x0000000086f00000, 0x0000000086f00000, 0x0000000087000000|  0%| F|  |TAMS 0x0000000086f00000, 0x0000000086f00000| Untracked 
|  52|0x0000000087000000, 0x0000000087000000, 0x0000000087100000|  0%| F|  |TAMS 0x0000000087000000, 0x0000000087000000| Untracked 
|  53|0x0000000087100000, 0x0000000087100000, 0x0000000087200000|  0%| F|  |TAMS 0x0000000087100000, 0x0000000087100000| Untracked 
|  54|0x0000000087200000, 0x0000000087200000, 0x0000000087300000|  0%| F|  |TAMS 0x0000000087200000, 0x0000000087200000| Untracked 
|  55|0x0000000087300000, 0x0000000087300000, 0x0000000087400000|  0%| F|  |TAMS 0x0000000087300000, 0x0000000087300000| Untracked 
|  56|0x0000000087400000, 0x0000000087400000, 0x0000000087500000|  0%| F|  |TAMS 0x0000000087400000, 0x0000000087400000| Untracked 
|  57|0x0000000087500000, 0x0000000087500000, 0x0000000087600000|  0%| F|  |TAMS 0x0000000087500000, 0x0000000087500000| Untracked 
|  58|0x0000000087600000, 0x0000000087600000, 0x0000000087700000|  0%| F|  |TAMS 0x0000000087600000, 0x0000000087600000| Untracked 
|  59|0x0000000087700000, 0x0000000087700000, 0x0000000087800000|  0%| F|  |TAMS 0x0000000087700000, 0x0000000087700000| Untracked 
|  60|0x0000000087800000, 0x0000000087800000, 0x0000000087900000|  0%| F|  |TAMS 0x0000000087800000, 0x0000000087800000| Untracked 
|  61|0x0000000087900000, 0x0000000087900000, 0x0000000087a00000|  0%| F|  |TAMS 0x0000000087900000, 0x0000000087900000| Untracked 
|  62|0x0000000087a00000, 0x0000000087a00000, 0x0000000087b00000|  0%| F|  |TAMS 0x0000000087a00000, 0x0000000087a00000| Untracked 
|  63|0x0000000087b00000, 0x0000000087b00000, 0x0000000087c00000|  0%| F|  |TAMS 0x0000000087b00000, 0x0000000087b00000| Untracked 
|  64|0x0000000087c00000, 0x0000000087c00000, 0x0000000087d00000|  0%| F|  |TAMS 0x0000000087c00000, 0x0000000087c00000| Untracked 
|  65|0x0000000087d00000, 0x0000000087d00000, 0x0000000087e00000|  0%| F|  |TAMS 0x0000000087d00000, 0x0000000087d00000| Untracked 
|  66|0x0000000087e00000, 0x0000000087e00000, 0x0000000087f00000|  0%| F|  |TAMS 0x0000000087e00000, 0x0000000087e00000| Untracked 
|  67|0x0000000087f00000, 0x0000000087f00000, 0x0000000088000000|  0%| F|  |TAMS 0x0000000087f00000, 0x0000000087f00000| Untracked 
|  68|0x0000000088000000, 0x0000000088000000, 0x0000000088100000|  0%| F|  |TAMS 0x0000000088000000, 0x0000000088000000| Untracked 
|  69|0x0000000088100000, 0x0000000088100000, 0x0000000088200000|  0%| F|  |TAMS 0x0000000088100000, 0x0000000088100000| Untracked 
|  70|0x0000000088200000, 0x0000000088200000, 0x0000000088300000|  0%| F|  |TAMS 0x0000000088200000, 0x0000000088200000| Untracked 
|  71|0x0000000088300000, 0x0000000088300000, 0x0000000088400000|  0%| F|  |TAMS 0x0000000088300000, 0x0000000088300000| Untracked 
|  72|0x0000000088400000, 0x0000000088400000, 0x0000000088500000|  0%| F|  |TAMS 0x0000000088400000, 0x0000000088400000| Untracked 
|  73|0x0000000088500000, 0x0000000088500000, 0x0000000088600000|  0%| F|  |TAMS 0x0000000088500000, 0x0000000088500000| Untracked 
|  74|0x0000000088600000, 0x0000000088600000, 0x0000000088700000|  0%| F|  |TAMS 0x0000000088600000, 0x0000000088600000| Untracked 
|  75|0x0000000088700000, 0x0000000088700000, 0x0000000088800000|  0%| F|  |TAMS 0x0000000088700000, 0x0000000088700000| Untracked 
|  76|0x0000000088800000, 0x0000000088800000, 0x0000000088900000|  0%| F|  |TAMS 0x0000000088800000, 0x0000000088800000| Untracked 
|  77|0x0000000088900000, 0x0000000088900000, 0x0000000088a00000|  0%| F|  |TAMS 0x0000000088900000, 0x0000000088900000| Untracked 
|  78|0x0000000088a00000, 0x0000000088a00000, 0x0000000088b00000|  0%| F|  |TAMS 0x0000000088a00000, 0x0000000088a00000| Untracked 
|  79|0x0000000088b00000, 0x0000000088b00000, 0x0000000088c00000|  0%| F|  |TAMS 0x0000000088b00000, 0x0000000088b00000| Untracked 
|  80|0x0000000088c00000, 0x0000000088c00000, 0x0000000088d00000|  0%| F|  |TAMS 0x0000000088c00000, 0x0000000088c00000| Untracked 
|  81|0x0000000088d00000, 0x0000000088d00000, 0x0000000088e00000|  0%| F|  |TAMS 0x0000000088d00000, 0x0000000088d00000| Untracked 
|  82|0x0000000088e00000, 0x0000000088e00000, 0x0000000088f00000|  0%| F|  |TAMS 0x0000000088e00000, 0x0000000088e00000| Untracked 
|  83|0x0000000088f00000, 0x0000000088f00000, 0x0000000089000000|  0%| F|  |TAMS 0x0000000088f00000, 0x0000000088f00000| Untracked 
|  84|0x0000000089000000, 0x0000000089000000, 0x0000000089100000|  0%| F|  |TAMS 0x0000000089000000, 0x0000000089000000| Untracked 
|  85|0x0000000089100000, 0x0000000089100000, 0x0000000089200000|  0%| F|  |TAMS 0x0000000089100000, 0x0000000089100000| Untracked 
|  86|0x0000000089200000, 0x0000000089200000, 0x0000000089300000|  0%| F|  |TAMS 0x0000000089200000, 0x0000000089200000| Untracked 
|  87|0x0000000089300000, 0x0000000089300000, 0x0000000089400000|  0%| F|  |TAMS 0x0000000089300000, 0x0000000089300000| Untracked 
|  88|0x0000000089400000, 0x0000000089400000, 0x0000000089500000|  0%| F|  |TAMS 0x0000000089400000, 0x0000000089400000| Untracked 
|  89|0x0000000089500000, 0x0000000089500000, 0x0000000089600000|  0%| F|  |TAMS 0x0000000089500000, 0x0000000089500000| Untracked 
|  90|0x0000000089600000, 0x0000000089600000, 0x0000000089700000|  0%| F|  |TAMS 0x0000000089600000, 0x0000000089600000| Untracked 
|  91|0x0000000089700000, 0x0000000089700000, 0x0000000089800000|  0%| F|  |TAMS 0x0000000089700000, 0x0000000089700000| Untracked 
|  92|0x0000000089800000, 0x0000000089800000, 0x0000000089900000|  0%| F|  |TAMS 0x0000000089800000, 0x0000000089800000| Untracked 
|  93|0x0000000089900000, 0x0000000089900000, 0x0000000089a00000|  0%| F|  |TAMS 0x0000000089900000, 0x0000000089900000| Untracked 
|  94|0x0000000089a00000, 0x0000000089a00000, 0x0000000089b00000|  0%| F|  |TAMS 0x0000000089a00000, 0x0000000089a00000| Untracked 
|  95|0x0000000089b00000, 0x0000000089b00000, 0x0000000089c00000|  0%| F|  |TAMS 0x0000000089b00000, 0x0000000089b00000| Untracked 
|  96|0x0000000089c00000, 0x0000000089c00000, 0x0000000089d00000|  0%| F|  |TAMS 0x0000000089c00000, 0x0000000089c00000| Untracked 
|  97|0x0000000089d00000, 0x0000000089d00000, 0x0000000089e00000|  0%| F|  |TAMS 0x0000000089d00000, 0x0000000089d00000| Untracked 
|  98|0x0000000089e00000, 0x0000000089e2d790, 0x0000000089f00000| 17%| S|CS|TAMS 0x0000000089e00000, 0x0000000089e00000| Complete 
|  99|0x0000000089f00000, 0x000000008a000000, 0x000000008a000000|100%| S|CS|TAMS 0x0000000089f00000, 0x0000000089f00000| Complete 
| 100|0x000000008a000000, 0x000000008a100000, 0x000000008a100000|100%| S|CS|TAMS 0x000000008a000000, 0x000000008a000000| Complete 
| 101|0x000000008a100000, 0x000000008a200000, 0x000000008a200000|100%| S|CS|TAMS 0x000000008a100000, 0x000000008a100000| Complete 
| 102|0x000000008a200000, 0x000000008a300000, 0x000000008a300000|100%| S|CS|TAMS 0x000000008a200000, 0x000000008a200000| Complete 
| 103|0x000000008a300000, 0x000000008a300000, 0x000000008a400000|  0%| F|  |TAMS 0x000000008a300000, 0x000000008a300000| Untracked 
| 104|0x000000008a400000, 0x000000008a400000, 0x000000008a500000|  0%| F|  |TAMS 0x000000008a400000, 0x000000008a400000| Untracked 
| 105|0x000000008a500000, 0x000000008a500000, 0x000000008a600000|  0%| F|  |TAMS 0x000000008a500000, 0x000000008a500000| Untracked 
| 106|0x000000008a600000, 0x000000008a691cf0, 0x000000008a700000| 56%| E|  |TAMS 0x000000008a600000, 0x000000008a600000| Complete 
| 125|0x000000008b900000, 0x000000008ba00000, 0x000000008ba00000|100%| E|CS|TAMS 0x000000008b900000, 0x000000008b900000| Complete 

Card table byte_map: [0x00000261e0350000,0x00000261e0740000] _byte_map_base: 0x00000261dff32000

Marking Bits (Prev, Next): (CMBitMap*) 0x00000261c86c78b8, (CMBitMap*) 0x00000261c86c78f8
 Prev Bits: [0x00000261e0b30000, 0x00000261e2a40000)
 Next Bits: [0x00000261e2a40000, 0x00000261e4950000)

Polling page: 0x00000261c7df0000

Metaspace:

Usage:
  Non-class:     29.80 MB capacity,    29.09 MB ( 98%) used,   601.86 KB (  2%) free+waste,   124.88 KB ( <1%) overhead. 
      Class:      5.13 MB capacity,     4.67 MB ( 91%) used,   408.05 KB (  8%) free+waste,    63.13 KB (  1%) overhead. 
       Both:     34.93 MB capacity,    33.76 MB ( 97%) used,  1009.91 KB (  3%) free+waste,   188.00 KB ( <1%) overhead. 

Virtual space:
  Non-class space:       30.00 MB reserved,      30.00 MB (100%) committed 
      Class space:        1.00 GB reserved,       5.25 MB ( <1%) committed 
             Both:        1.03 GB reserved,      35.25 MB (  3%) committed 

Chunk freelists:
   Non-Class:  9.00 KB
       Class:  27.00 KB
        Both:  36.00 KB

MaxMetaspaceSize: 17179869184.00 GB
CompressedClassSpaceSize: 1.00 GB

CodeHeap 'non-profiled nmethods': size=238336Kb used=7009Kb max_used=7009Kb free=231327Kb
 bounds [0x00000261d1260000, 0x00000261d1940000, 0x00000261dfb20000]
CodeHeap 'non-nmethods': size=7424Kb used=1263Kb max_used=1263Kb free=6160Kb
 bounds [0x00000261d0b20000, 0x00000261d0d90000, 0x00000261d1260000]
 total_blobs=4865 nmethods=4040 adapters=451
 compilation: enabled
              stopped_count=0, restarted_count=0
 full_count=0

Compilation events (20 events):
Event: 5.972 Thread 0x00000261e7c90000 4055       1       com.mysql.cj.conf.AbstractPropertyDefinition::setSinceVersion (6 bytes)
Event: 5.972 Thread 0x00000261e7c90000 nmethod 4055 0x00000261d1934510 code [0x00000261d19346a0, 0x00000261d1934818]
Event: 5.972 Thread 0x00000261e7c90000 4056       1       com.mysql.cj.conf.AbstractPropertyDefinition::setCategory (6 bytes)
Event: 5.972 Thread 0x00000261e7c90000 nmethod 4056 0x00000261d1934890 code [0x00000261d1934a20, 0x00000261d1934b98]
Event: 5.972 Thread 0x00000261e7c90000 4057       1       com.mysql.cj.conf.AbstractPropertyDefinition::setOrder (6 bytes)
Event: 5.972 Thread 0x00000261e7c90000 nmethod 4057 0x00000261d1934c10 code [0x00000261d1934da0, 0x00000261d1934ed8]
Event: 5.975 Thread 0x00000261e7c90000 4058   !   1       java.util.Locale::getDefault (132 bytes)
Event: 5.975 Thread 0x00000261e7c90000 nmethod 4058 0x00000261d1934f90 code [0x00000261d1935180, 0x00000261d1935840]
Event: 5.976 Thread 0x00000261e7c90000 4059       1       java.lang.Enum::hashCode (5 bytes)
Event: 5.976 Thread 0x00000261e7c90000 nmethod 4059 0x00000261d1935a10 code [0x00000261d1935bc0, 0x00000261d1935d10]
Event: 5.976 Thread 0x00000261e7c90000 4060       1       com.mysql.cj.conf.AbstractPropertyDefinition::getPropertyKey (5 bytes)
Event: 5.976 Thread 0x00000261e7c90000 nmethod 4060 0x00000261d1935d90 code [0x00000261d1935f20, 0x00000261d1936058]
Event: 5.978 Thread 0x00000261e7c90000 4061       1       com.mysql.cj.conf.AbstractPropertyDefinition::getDefaultValue (5 bytes)
Event: 5.979 Thread 0x00000261e7c90000 nmethod 4061 0x00000261d1936110 code [0x00000261d19362a0, 0x00000261d19363d8]
Event: 5.979 Thread 0x00000261e7c90000 4062       1       com.mysql.cj.conf.AbstractRuntimeProperty::getPropertyDefinition (5 bytes)
Event: 5.979 Thread 0x00000261e7c90000 nmethod 4062 0x00000261d1936490 code [0x00000261d1936620, 0x00000261d1936758]
Event: 5.979 Thread 0x00000261e7c90000 4063       1       com.mysql.cj.conf.AbstractPropertyDefinition::getName (5 bytes)
Event: 5.979 Thread 0x00000261e7c90000 nmethod 4063 0x00000261d1936810 code [0x00000261d19369a0, 0x00000261d1936ad8]
Event: 5.979 Thread 0x00000261e7c90000 4064       1       com.mysql.cj.conf.AbstractPropertyDefinition::getCcAlias (5 bytes)
Event: 5.979 Thread 0x00000261e7c90000 nmethod 4064 0x00000261d1936b90 code [0x00000261d1936d20, 0x00000261d1936e58]

GC Heap History (20 events):
Event: 2.461 GC heap before
{Heap before GC invocations=4 (full 0):
 garbage-first heap   total 129024K, used 69080K [0x0000000083c00000, 0x0000000100000000)
  region size 1024K, 50 young (51200K), 3 survivors (3072K)
 Metaspace       used 16501K, capacity 17072K, committed 17408K, reserved 1064960K
  class space    used 2222K, capacity 2461K, committed 2560K, reserved 1048576K
}
Event: 2.465 GC heap after
{Heap after GC invocations=5 (full 0):
 garbage-first heap   total 129024K, used 23412K [0x0000000083c00000, 0x0000000100000000)
  region size 1024K, 4 young (4096K), 4 survivors (4096K)
 Metaspace       used 16501K, capacity 17072K, committed 17408K, reserved 1064960K
  class space    used 2222K, capacity 2461K, committed 2560K, reserved 1048576K
}
Event: 2.825 GC heap before
{Heap before GC invocations=5 (full 0):
 garbage-first heap   total 129024K, used 79732K [0x0000000083c00000, 0x0000000100000000)
  region size 1024K, 60 young (61440K), 4 survivors (4096K)
 Metaspace       used 18147K, capacity 18867K, committed 19072K, reserved 1064960K
  class space    used 2442K, capacity 2678K, committed 2688K, reserved 1048576K
}
Event: 2.829 GC heap after
{Heap after GC invocations=6 (full 0):
 garbage-first heap   total 129024K, used 24190K [0x0000000083c00000, 0x0000000100000000)
  region size 1024K, 5 young (5120K), 5 survivors (5120K)
 Metaspace       used 18147K, capacity 18867K, committed 19072K, reserved 1064960K
  class space    used 2442K, capacity 2678K, committed 2688K, reserved 1048576K
}
Event: 3.409 GC heap before
{Heap before GC invocations=6 (full 0):
 garbage-first heap   total 129024K, used 76414K [0x0000000083c00000, 0x0000000100000000)
  region size 1024K, 57 young (58368K), 5 survivors (5120K)
 Metaspace       used 20391K, capacity 21172K, committed 21248K, reserved 1067008K
  class space    used 2774K, capacity 3033K, committed 3072K, reserved 1048576K
}
Event: 3.417 GC heap after
{Heap after GC invocations=7 (full 0):
 garbage-first heap   total 129024K, used 25821K [0x0000000083c00000, 0x0000000100000000)
  region size 1024K, 5 young (5120K), 5 survivors (5120K)
 Metaspace       used 20391K, capacity 21172K, committed 21248K, reserved 1067008K
  class space    used 2774K, capacity 3033K, committed 3072K, reserved 1048576K
}
Event: 4.161 GC heap before
{Heap before GC invocations=8 (full 0):
 garbage-first heap   total 92160K, used 75997K [0x0000000083c00000, 0x0000000100000000)
  region size 1024K, 54 young (55296K), 5 survivors (5120K)
 Metaspace       used 24244K, capacity 25235K, committed 25344K, reserved 1071104K
  class space    used 3353K, capacity 3743K, committed 3840K, reserved 1048576K
}
Event: 4.166 GC heap after
{Heap after GC invocations=9 (full 0):
 garbage-first heap   total 92160K, used 28119K [0x0000000083c00000, 0x0000000100000000)
  region size 1024K, 5 young (5120K), 5 survivors (5120K)
 Metaspace       used 24244K, capacity 25235K, committed 25344K, reserved 1071104K
  class space    used 3353K, capacity 3743K, committed 3840K, reserved 1048576K
}
Event: 4.435 GC heap before
{Heap before GC invocations=9 (full 0):
 garbage-first heap   total 92160K, used 67031K [0x0000000083c00000, 0x0000000100000000)
  region size 1024K, 44 young (45056K), 5 survivors (5120K)
 Metaspace       used 25846K, capacity 26875K, committed 27008K, reserved 1073152K
  class space    used 3546K, capacity 3949K, committed 3968K, reserved 1048576K
}
Event: 4.441 GC heap after
{Heap after GC invocations=10 (full 0):
 garbage-first heap   total 110592K, used 29180K [0x0000000083c00000, 0x0000000100000000)
  region size 1024K, 4 young (4096K), 4 survivors (4096K)
 Metaspace       used 25846K, capacity 26875K, committed 27008K, reserved 1073152K
  class space    used 3546K, capacity 3949K, committed 3968K, reserved 1048576K
}
Event: 4.598 GC heap before
{Heap before GC invocations=10 (full 0):
 garbage-first heap   total 110592K, used 80380K [0x0000000083c00000, 0x0000000100000000)
  region size 1024K, 55 young (56320K), 4 survivors (4096K)
 Metaspace       used 26230K, capacity 27310K, committed 27648K, reserved 1073152K
  class space    used 3582K, capacity 3987K, committed 4096K, reserved 1048576K
}
Event: 4.602 GC heap after
{Heap after GC invocations=11 (full 0):
 garbage-first heap   total 110592K, used 29604K [0x0000000083c00000, 0x0000000100000000)
  region size 1024K, 5 young (5120K), 5 survivors (5120K)
 Metaspace       used 26230K, capacity 27310K, committed 27648K, reserved 1073152K
  class space    used 3582K, capacity 3987K, committed 4096K, reserved 1048576K
}
Event: 4.917 GC heap before
{Heap before GC invocations=11 (full 0):
 garbage-first heap   total 110592K, used 81828K [0x0000000083c00000, 0x0000000100000000)
  region size 1024K, 57 young (58368K), 5 survivors (5120K)
 Metaspace       used 27962K, capacity 29149K, committed 29312K, reserved 1075200K
  class space    used 3776K, capacity 4202K, committed 4224K, reserved 1048576K
}
Event: 4.921 GC heap after
{Heap after GC invocations=12 (full 0):
 garbage-first heap   total 110592K, used 29856K [0x0000000083c00000, 0x0000000100000000)
  region size 1024K, 5 young (5120K), 5 survivors (5120K)
 Metaspace       used 27962K, capacity 29149K, committed 29312K, reserved 1075200K
  class space    used 3776K, capacity 4202K, committed 4224K, reserved 1048576K
}
Event: 5.389 GC heap before
{Heap before GC invocations=12 (full 0):
 garbage-first heap   total 110592K, used 85152K [0x0000000083c00000, 0x0000000100000000)
  region size 1024K, 59 young (60416K), 5 survivors (5120K)
 Metaspace       used 30655K, capacity 31778K, committed 32128K, reserved 1077248K
  class space    used 4143K, capacity 4626K, committed 4736K, reserved 1048576K
}
Event: 5.395 GC heap after
{Heap after GC invocations=13 (full 0):
 garbage-first heap   total 110592K, used 31250K [0x0000000083c00000, 0x0000000100000000)
  region size 1024K, 4 young (4096K), 4 survivors (4096K)
 Metaspace       used 30655K, capacity 31778K, committed 32128K, reserved 1077248K
  class space    used 4143K, capacity 4626K, committed 4736K, reserved 1048576K
}
Event: 5.941 GC heap before
{Heap before GC invocations=13 (full 0):
 garbage-first heap   total 110592K, used 86546K [0x0000000083c00000, 0x0000000100000000)
  region size 1024K, 58 young (59392K), 4 survivors (4096K)
 Metaspace       used 33966K, capacity 35225K, committed 35456K, reserved 1079296K
  class space    used 4726K, capacity 5220K, committed 5248K, reserved 1048576K
}
Event: 5.947 GC heap after
{Heap after GC invocations=14 (full 0):
 garbage-first heap   total 110592K, used 32007K [0x0000000083c00000, 0x0000000100000000)
  region size 1024K, 5 young (5120K), 5 survivors (5120K)
 Metaspace       used 33966K, capacity 35225K, committed 35456K, reserved 1079296K
  class space    used 4726K, capacity 5220K, committed 5248K, reserved 1048576K
}
Event: 6.082 GC heap before
{Heap before GC invocations=14 (full 0):
 garbage-first heap   total 110592K, used 36103K [0x0000000083c00000, 0x0000000100000000)
  region size 1024K, 10 young (10240K), 5 survivors (5120K)
 Metaspace       used 34551K, capacity 35711K, committed 35840K, reserved 1079296K
  class space    used 4777K, capacity 5254K, committed 5376K, reserved 1048576K
}
Event: 6.087 GC heap after
{Heap after GC invocations=15 (full 0):
 garbage-first heap   total 110592K, used 31946K [0x0000000083c00000, 0x0000000100000000)
  region size 1024K, 5 young (5120K), 5 survivors (5120K)
 Metaspace       used 34551K, capacity 35711K, committed 35840K, reserved 1079296K
  class space    used 4777K, capacity 5254K, committed 5376K, reserved 1048576K
}

Deoptimization events (2 events):
Event: 3.496 Thread 0x00000261e9187000 DEOPT PACKING pc=0x00000261d12fc994 sp=0x0000009f61ffcca0
Event: 3.496 Thread 0x00000261e9187000 DEOPT UNPACKING pc=0x00000261d0b6845e sp=0x0000009f61ffc208 mode 0

Classes unloaded (1 events):
Event: 6.105 Thread 0x00000261e7c70800 Unloading class 0x0000000800c5f840 'org/springframework/core/GenericTypeResolver$$Lambda$157'

Classes redefined (0 events):
No events

Internal exceptions (20 events):
Event: 5.111 Thread 0x00000261e9187000 Implicit null exception at 0x00000261d162670d to 0x00000261d1626a4f
Event: 5.111 Thread 0x00000261e9187000 Exception <a 'java/lang/NullPointerException'{0x0000000088713668}> (0x0000000088713668) 
thrown [t:/workspace/open/src/hotspot/share/runtime/sharedRuntime.cpp, line 585]
Event: 5.115 Thread 0x00000261e9187000 Implicit null exception at 0x00000261d162670d to 0x00000261d1626a4f
Event: 5.115 Thread 0x00000261e9187000 Exception <a 'java/lang/NullPointerException'{0x000000008872f5e0}> (0x000000008872f5e0) 
thrown [t:/workspace/open/src/hotspot/share/runtime/sharedRuntime.cpp, line 585]
Event: 5.115 Thread 0x00000261e9187000 Implicit null exception at 0x00000261d162670d to 0x00000261d1626a4f
Event: 5.115 Thread 0x00000261e9187000 Exception <a 'java/lang/NullPointerException'{0x0000000088730468}> (0x0000000088730468) 
thrown [t:/workspace/open/src/hotspot/share/runtime/sharedRuntime.cpp, line 585]
Event: 5.115 Thread 0x00000261e9187000 Implicit null exception at 0x00000261d162670d to 0x00000261d1626a4f
Event: 5.115 Thread 0x00000261e9187000 Exception <a 'java/lang/NullPointerException'{0x0000000088731308}> (0x0000000088731308) 
thrown [t:/workspace/open/src/hotspot/share/runtime/sharedRuntime.cpp, line 585]
Event: 5.115 Thread 0x00000261e9187000 Implicit null exception at 0x00000261d162670d to 0x00000261d1626a4f
Event: 5.115 Thread 0x00000261e9187000 Exception <a 'java/lang/NullPointerException'{0x0000000088732140}> (0x0000000088732140) 
thrown [t:/workspace/open/src/hotspot/share/runtime/sharedRuntime.cpp, line 585]
Event: 5.115 Thread 0x00000261e9187000 Implicit null exception at 0x00000261d162670d to 0x00000261d1626a4f
Event: 5.116 Thread 0x00000261e9187000 Exception <a 'java/lang/NullPointerException'{0x0000000088732fc8}> (0x0000000088732fc8) 
thrown [t:/workspace/open/src/hotspot/share/runtime/sharedRuntime.cpp, line 585]
Event: 5.116 Thread 0x00000261e9187000 Implicit null exception at 0x00000261d162670d to 0x00000261d1626a4f
Event: 5.116 Thread 0x00000261e9187000 Exception <a 'java/lang/NullPointerException'{0x0000000088733dd8}> (0x0000000088733dd8) 
thrown [t:/workspace/open/src/hotspot/share/runtime/sharedRuntime.cpp, line 585]
Event: 5.116 Thread 0x00000261e9187000 Implicit null exception at 0x00000261d162670d to 0x00000261d1626a4f
Event: 5.116 Thread 0x00000261e9187000 Exception <a 'java/lang/NullPointerException'{0x0000000088734c60}> (0x0000000088734c60) 
thrown [t:/workspace/open/src/hotspot/share/runtime/sharedRuntime.cpp, line 585]
Event: 5.116 Thread 0x00000261e9187000 Implicit null exception at 0x00000261d162670d to 0x00000261d1626a4f
Event: 5.116 Thread 0x00000261e9187000 Exception <a 'java/lang/NullPointerException'{0x0000000088735b00}> (0x0000000088735b00) 
thrown [t:/workspace/open/src/hotspot/share/runtime/sharedRuntime.cpp, line 585]
Event: 5.360 Thread 0x00000261e9091800 Exception <a 'java/lang/reflect/InvocationTargetException'{0x0000000087482320}> (0x0000000087482320) 
thrown [t:/workspace/open/src/hotspot/share/runtime/reflection.cpp, line 1188]
Event: 5.862 Thread 0x00000261e9091800 Exception <a 'java/lang/reflect/InvocationTargetException'{0x00000000878a2490}> (0x00000000878a2490) 
thrown [t:/workspace/open/src/hotspot/share/runtime/reflection.cpp, line 1188]

Events (20 events):
Event: 6.087 Executing VM operation: CollectForMetadataAllocation done
Event: 6.088 loading class sun/net/spi/DefaultProxySelector done
Event: 6.088 loading class java/net/Proxy
Event: 6.088 loading class java/net/Proxy done
Event: 6.088 loading class java/net/Proxy$Type
Event: 6.088 loading class java/net/Proxy$Type done
Event: 6.088 loading class sun/net/spi/DefaultProxySelector$1
Event: 6.089 loading class sun/net/spi/DefaultProxySelector$1 done
Event: 6.089 loading class sun/net/spi/DefaultProxySelector$NonProxyInfo
Event: 6.089 loading class sun/net/spi/DefaultProxySelector$NonProxyInfo done
Event: 6.089 loading class sun/net/spi/DefaultProxySelector$4
Event: 6.089 loading class sun/net/spi/DefaultProxySelector$4 done
Event: 6.104 Executing VM operation: G1Concurrent
Event: 6.110 Executing VM operation: G1Concurrent done
Event: 6.120 Executing VM operation: G1Concurrent
Event: 6.125 Executing VM operation: G1Concurrent done
Event: 6.125 loading class com/mysql/cj/protocol/ReadAheadInputStream
Event: 6.125 loading class com/mysql/cj/protocol/ReadAheadInputStream done
Event: 6.127 loading class com/mysql/cj/protocol/FullReadInputStream
Event: 6.127 loading class com/mysql/cj/protocol/FullReadInputStream done


Dynamic libraries:
0x00007ff6f09c0000 - 0x00007ff6f09cf000 	C:\Program Files\Java\jdk-13.0.2\bin\javaw.exe
0x00007ff947600000 - 0x00007ff9477f0000 	C:\windows\SYSTEM32\ntdll.dll
0x00007ff945e70000 - 0x00007ff945f22000 	C:\windows\System32\KERNEL32.DLL
0x00007ff945220000 - 0x00007ff9454c5000 	C:\windows\System32\KERNELBASE.dll
0x00007ff941de0000 - 0x00007ff941e6f000 	C:\windows\SYSTEM32\apphelp.dll
0x00007ff8e7ca0000 - 0x00007ff8e8132000 	C:\windows\SYSTEM32\AcLayers.DLL
0x00007ff945f30000 - 0x00007ff945fce000 	C:\windows\System32\msvcrt.dll
0x00007ff946030000 - 0x00007ff9461c4000 	C:\windows\System32\USER32.dll
0x00007ff9454d0000 - 0x00007ff9454f1000 	C:\windows\System32\win32u.dll
0x00007ff945810000 - 0x00007ff945836000 	C:\windows\System32\GDI32.dll
0x00007ff944ed0000 - 0x00007ff945066000 	C:\windows\System32\gdi32full.dll
0x00007ff945610000 - 0x00007ff9456ae000 	C:\windows\System32\msvcp_win.dll
0x00007ff945120000 - 0x00007ff94521a000 	C:\windows\System32\ucrtbase.dll
0x00007ff945fd0000 - 0x00007ff946022000 	C:\windows\System32\SHLWAPI.dll
0x00007ff9458f0000 - 0x00007ff945c25000 	C:\windows\System32\combase.dll
0x00007ff945cd0000 - 0x00007ff945df0000 	C:\windows\System32\RPCRT4.dll
0x00007ff945530000 - 0x00007ff9455b0000 	C:\windows\System32\bcryptPrimitives.dll
0x00007ff946c60000 - 0x00007ff946d03000 	C:\windows\System32\ADVAPI32.dll
0x00007ff945c30000 - 0x00007ff945cc7000 	C:\windows\System32\sechost.dll
0x00000261c6360000 - 0x00000261c6363000 	C:\windows\SYSTEM32\sfc.dll
0x00007ff92f6f0000 - 0x00007ff92f779000 	C:\windows\SYSTEM32\WINSPOOL.DRV
0x00007ff9444d0000 - 0x00007ff9444e1000 	C:\windows\System32\kernel.appcore.dll
0x00007ff945500000 - 0x00007ff945526000 	C:\windows\System32\bcrypt.dll
0x00007ff941a90000 - 0x00007ff941b80000 	C:\windows\SYSTEM32\PROPSYS.dll
0x00007ff946b30000 - 0x00007ff946bf5000 	C:\windows\System32\OLEAUT32.dll
0x00007ff945840000 - 0x00007ff9458e9000 	C:\windows\System32\shcore.dll
0x00007ff9439c0000 - 0x00007ff9439fa000 	C:\windows\SYSTEM32\IPHLPAPI.DLL
0x00007ff924db0000 - 0x00007ff924dc1000 	C:\windows\SYSTEM32\sfc_os.DLL
0x00007ff946660000 - 0x00007ff94668e000 	C:\windows\System32\IMM32.DLL
0x00007ff932470000 - 0x00007ff932488000 	C:\Program Files\Java\jdk-13.0.2\bin\jli.dll
0x00007ff93e110000 - 0x00007ff93e125000 	C:\Program Files\Java\jdk-13.0.2\bin\VCRUNTIME140.dll
0x00007ff924870000 - 0x00007ff924af4000 	C:\windows\WinSxS\amd64_microsoft.windows.common-controls_6595b64144ccf1df_6.0.18362.1139_none_9e7bf2d3e4605ac6\COMCTL32.dll
0x00007ff93f470000 - 0x00007ff93f47a000 	C:\windows\SYSTEM32\VERSION.dll
0x00007ff9323d0000 - 0x00007ff93246b000 	C:\Program Files\Java\jdk-13.0.2\bin\msvcp140.dll
0x00007ff8f8610000 - 0x00007ff8f916d000 	C:\Program Files\Java\jdk-13.0.2\bin\server\jvm.dll
0x00007ff9461d0000 - 0x00007ff9461d8000 	C:\windows\System32\PSAPI.DLL
0x00007ff92d3d0000 - 0x00007ff92d3d9000 	C:\windows\SYSTEM32\WSOCK32.dll
0x00007ff9465f0000 - 0x00007ff94665f000 	C:\windows\System32\WS2_32.dll
0x00007ff941ce0000 - 0x00007ff941d04000 	C:\windows\SYSTEM32\WINMM.dll
0x00007ff941b80000 - 0x00007ff941bad000 	C:\windows\SYSTEM32\WINMMBASE.dll
0x00007ff944e60000 - 0x00007ff944eaa000 	C:\windows\System32\cfgmgr32.dll
0x00007ff9384e0000 - 0x00007ff9384f0000 	C:\Program Files\Java\jdk-13.0.2\bin\verify.dll
0x00007ff942e90000 - 0x00007ff943084000 	C:\windows\SYSTEM32\DBGHELP.DLL
0x00007ff933dc0000 - 0x00007ff933dea000 	C:\windows\SYSTEM32\dbgcore.DLL
0x00007ff932a10000 - 0x00007ff932a36000 	C:\Program Files\Java\jdk-13.0.2\bin\java.dll
0x00007ff933270000 - 0x00007ff933287000 	C:\Program Files\Java\jdk-13.0.2\bin\zip.dll
0x00007ff932af0000 - 0x00007ff932afa000 	C:\Program Files\Java\jdk-13.0.2\bin\jimage.dll
0x00007ff946d90000 - 0x00007ff947477000 	C:\windows\System32\SHELL32.dll
0x00007ff9446e0000 - 0x00007ff944e60000 	C:\windows\System32\windows.storage.dll
0x00007ff944560000 - 0x00007ff944583000 	C:\windows\System32\profapi.dll
0x00007ff9444f0000 - 0x00007ff94453a000 	C:\windows\System32\powrprof.dll
0x00007ff9444c0000 - 0x00007ff9444d0000 	C:\windows\System32\UMPDC.dll
0x00007ff944eb0000 - 0x00007ff944ec7000 	C:\windows\System32\cryptsp.dll
0x00007ff924f20000 - 0x00007ff924f39000 	C:\Program Files\Java\jdk-13.0.2\bin\net.dll
0x00007ff93aa40000 - 0x00007ff93ab30000 	C:\windows\SYSTEM32\WINHTTP.dll
0x00007ff943cb0000 - 0x00007ff943d17000 	C:\windows\system32\mswsock.dll
0x00007ff921f40000 - 0x00007ff921f53000 	C:\Program Files\Java\jdk-13.0.2\bin\nio.dll
0x00007ff93fcd0000 - 0x00007ff93fcd9000 	C:\Program Files\Java\jdk-13.0.2\bin\management.dll
0x00007ff93d8b0000 - 0x00007ff93d8bb000 	C:\Program Files\Java\jdk-13.0.2\bin\management_ext.dll
0x00007ff9212b0000 - 0x00007ff9212c6000 	C:\windows\system32\napinsp.dll
0x00007ff9210f0000 - 0x00007ff92110a000 	C:\windows\system32\pnrpnsp.dll
0x00007ff943a00000 - 0x00007ff943acb000 	C:\windows\SYSTEM32\DNSAPI.dll
0x00007ff9466b0000 - 0x00007ff9466b8000 	C:\windows\System32\NSI.dll
0x00007ff933470000 - 0x00007ff93347e000 	C:\windows\System32\winrnr.dll
0x00007ff93ee10000 - 0x00007ff93ee2c000 	C:\windows\system32\NLAapi.dll
0x00007ff9210d0000 - 0x00007ff9210e5000 	C:\windows\system32\wshbth.dll
0x00007ff93afa0000 - 0x00007ff93afaa000 	C:\Windows\System32\rasadhlp.dll
0x00007ff9423d0000 - 0x00007ff942447000 	C:\windows\System32\fwpuclnt.dll
0x00007ff943820000 - 0x00007ff943853000 	C:\windows\system32\rsaenh.dll
0x00007ff9443a0000 - 0x00007ff9443c5000 	C:\windows\SYSTEM32\USERENV.dll
0x00007ff943e80000 - 0x00007ff943e8c000 	C:\windows\SYSTEM32\CRYPTBASE.dll
0x00007ff942dc0000 - 0x00007ff942dd6000 	C:\windows\SYSTEM32\dhcpcsvc6.DLL
0x00007ff942da0000 - 0x00007ff942dbc000 	C:\windows\SYSTEM32\dhcpcsvc.DLL

dbghelp: loaded successfully - version: 4.0.5 - missing functions: none
symbol engine: initialized successfully - sym options: 0x614 - pdb path: .;C:\Program Files\Java\jdk-13.0.2\bin;C:\windows\SYSTEM32;C:\windows\WinSxS\amd64_microsoft.windows.common-controls_6595b64144ccf1df_6.0.18362.1139_none_9e7bf2d3e4605ac6;C:\Program Files\Java\jdk-13.0.2\bin\server

VM Arguments:
jvm_args: -Dcom.sun.management.jmxremote -Dcom.sun.management.jmxremote.port=50981 -Dcom.sun.management.jmxremote.authenticate=false -Dcom.sun.management.jmxremote.ssl=false -Djava.rmi.server.hostname=localhost -Dspring.jmx.enabled=true -Dspring.application.admin.enabled=true -Xverify:none -XX:TieredStopAtLevel=1 -Dspring.boot.project.name=Assignment4 -Dfile.encoding=UTF-8 
<<<<<<< HEAD
java_command: com.daneeats.auth.WebApplication --spring.output.ansi.enabled=always
=======
java_command: com.cloudpacks.site.WebApplication --spring.output.ansi.enabled=always
>>>>>>> a54f919673522c80f514cff5366626549ecf014d
java_class_path (initial): C:\Users\Utsav\Documents\workspace-spring-tool-suite-4-4.7.1.RELEASE\Assignment4\target\classes;C:\Users\Utsav\.m2\repository\org\springframework\boot\spring-boot-starter-web\2.2.3.RELEASE\spring-boot-starter-web-2.2.3.RELEASE.jar;C:\Users\Utsav\.m2\repository\org\springframework\boot\spring-boot-starter\2.2.3.RELEASE\spring-boot-starter-2.2.3.RELEASE.jar;C:\Users\Utsav\.m2\repository\org\springframework\boot\spring-boot-starter-logging\2.2.3.RELEASE\spring-boot-starter-logging-2.2.3.RELEASE.jar;C:\Users\Utsav\.m2\repository\ch\qos\logback\logback-classic\1.2.3\logback-classic-1.2.3.jar;C:\Users\Utsav\.m2\repository\ch\qos\logback\logback-core\1.2.3\logback-core-1.2.3.jar;C:\Users\Utsav\.m2\repository\org\apache\logging\log4j\log4j-to-slf4j\2.12.1\log4j-to-slf4j-2.12.1.jar;C:\Users\Utsav\.m2\repository\org\apache\logging\log4j\log4j-api\2.12.1\log4j-api-2.12.1.jar;C:\Users\Utsav\.m2\repository\org\slf4j\jul-to-slf4j\1.7.30\jul-to-slf4j-1.7.30.jar;C:\Users\Utsav\.m2\repository\jakarta\annotation\jakarta.annotation-api\1.3.5\jakarta.annotation-api-1.3.5.jar;C:\Users\Utsav\.m2\repository\org\springframework\spring-core\5.2.3.RELEASE\spring-core-5.2.3.RELEASE.jar;C:\Users\Utsav\.m2\repository\org\springframework\spring-jcl\5.2.3.RELEASE\spring-jcl-5.2.3.RELEASE.jar;C:\Users\Utsav\.m2\repository\org\yaml\snakeyaml\1.25\snakeyaml-1.25.jar;C:\Users\Utsav\.m2\repository\org\springframework\boot\spring-boot-starter-json\2.2.3.RELEASE\spring-boot-starter-json-2.2.3.RELEASE.jar;C:\Users\Utsav\.m2\repository\com\fasterxml\jackson\core\jackson-databind\2.10.2\jackson-databind-2.10.2.jar;C:\Users\Utsav\.m2\repository\com\fasterxml\jackson\core\jackson-annotations\2.10.2\jackson-annotations-2.10.2.jar;C:\Users\Utsav\.m2\repository\com\fasterxml\jackson\core\jackson-core\2.10.2\jackson-core-2.10.2.jar;C:\Users\Utsav\.m2\repository\com\fasterxml\jackson\datatype\jackson-datatype-jdk8\2.10.2\jackson-datatype-jdk8-2.10.2.jar;C:\Users\Utsav\.m2\repository\c
Launcher Type: SUN_STANDARD

[Global flags]
     intx CICompilerCount                          = 4                                         {product} {ergonomic}
     uint ConcGCThreads                            = 2                                         {product} {ergonomic}
     uint G1ConcRefinementThreads                  = 8                                         {product} {ergonomic}
   size_t G1HeapRegionSize                         = 1048576                                   {product} {ergonomic}
    uintx GCDrainStackTargetSize                   = 64                                        {product} {ergonomic}
   size_t InitialHeapSize                          = 132120576                                 {product} {ergonomic}
     bool ManagementServer                         = true                                      {product} {command line}
   size_t MarkStackSize                            = 4194304                                   {product} {ergonomic}
   size_t MaxHeapSize                              = 2084569088                                {product} {ergonomic}
   size_t MaxNewSize                               = 1249902592                                {product} {ergonomic}
   size_t MinHeapDeltaBytes                        = 1048576                                   {product} {ergonomic}
   size_t MinHeapSize                              = 8388608                                   {product} {ergonomic}
    uintx NonNMethodCodeHeapSize                   = 7549744                                {pd product} {ergonomic}
    uintx NonProfiledCodeHeapSize                  = 244108496                              {pd product} {ergonomic}
    uintx ProfiledCodeHeapSize                     = 0                                      {pd product} {ergonomic}
    uintx ReservedCodeCacheSize                    = 251658240                              {pd product} {ergonomic}
     bool SegmentedCodeCache                       = true                                      {product} {ergonomic}
   size_t SoftMaxHeapSize                          = 2084569088                             {manageable} {ergonomic}
     intx TieredStopAtLevel                        = 1                                         {product} {command line}
     bool UseCompressedClassPointers               = true                                 {lp64_product} {ergonomic}
     bool UseCompressedOops                        = true                                 {lp64_product} {ergonomic}
     bool UseG1GC                                  = true                                      {product} {ergonomic}
     bool UseLargePagesIndividualAllocation        = false                                  {pd product} {ergonomic}

Logging:
Log output configuration:
 #0: stdout all=warning uptime,level,tags
 #1: stderr all=off uptime,level,tags

Environment Variables:
JAVA_HOME=C:\Program Files\Java\jdk-13.0.2
PATH=C:/Program Files/Java/jdk-13.0.2/bin/server;C:/Program Files/Java/jdk-13.0.2/bin;C:\windows\system32;C:\windows;C:\windows\System32\Wbem;C:\windows\System32\WindowsPowerShell\v1.0\;C:\windows\System32\OpenSSH\;C:\Program Files (x86)\SMLNJ\bin\;C:\Program Files\PuTTY\;C:\Program Files\Java\jdk-13.0.2\bin;C:\Program Files\nodejs\;D:\Ex_Files_Web_Apps_Ajax\Ex_Files_Web_Apps_Ajax\Exercise Files\Ch02\02_02\start;C:\Program Files\Notepad++;C:\Program Files (x86)\DevDesktop\tools;C:\Program Files (x86)\DevDesktop\drush_10;C:\Program Files\dotnet\;C:\Program Files\Microsoft SQL Server\130\Tools\Binn\;C:\Program Files\Microsoft SQL Server\Client SDK\ODBC\170\Tools\Binn\;C:\Program Files (x86)\Microsoft SQL Server\150\Tools\Binn\;C:\Program Files\Microsoft SQL Server\150\Tools\Binn\;C:\Program Files\Microsoft SQL Server\150\DTS\Binn\;C:\Program Files (x86)\Microsoft SQL Server\150\DTS\Binn\;C:\Program Files\Docker Toolbox;C:\Program Files\apache-maven-3.6.3\bin;C:\Program Files\Git\cmd;C:\Program Files\MySQL\MySQL Shell 8.0\bin\;C:\Python27;C:\Users\Utsav\AppData\Local\Programs\Microsoft VS Code\bin;C:\Users\Utsav\Downloads\sts-4.7.1.RELEASE;
USERNAME=Utsav
OS=Windows_NT
PROCESSOR_IDENTIFIER=Intel64 Family 6 Model 126 Stepping 5, GenuineIntel



---------------  S Y S T E M  ---------------

OS: Windows 10 , 64 bit Build 18362 (10.0.18362.1110)

CPU:total 8 (initial active 8) (4 cores per cpu, 2 threads per core) family 6 model 126 stepping 5, cmov, cx8, fxsr, mmx, sse, sse2, sse3, ssse3, sse4.1, sse4.2, popcnt, avx, avx2, aes, clmul, erms, 3dnowpref, lzcnt, ht, tsc, tscinvbit, bmi1, bmi2, adx, evex, sha, fma

Memory: 4k page, system-wide physical 7945M (1104M free)
TotalPageFile size 16978M (AvailPageFile size 4279M)
current process WorkingSet (physical memory assigned to process): 212M, peak: 212M
current process commit charge ("private bytes"): 277M, peak: 277M

vm_info: Java HotSpot(TM) 64-Bit Server VM (13.0.2+8) for windows-amd64 JRE (13.0.2+8), built on Dec 11 2019 09:20:33 by "mach5one" with unknown MS VC++:1916

END.
