#
# A fatal error has been detected by the Java Runtime Environment:
#
#  EXCEPTION_ACCESS_VIOLATION (0xc0000005) at pc=0x00007ff947632508, pid=21704, tid=23276
#
# JRE version: Java(TM) SE Runtime Environment (13.0.2+8) (build 13.0.2+8)
# Java VM: Java HotSpot(TM) 64-Bit Server VM (13.0.2+8, mixed mode, sharing, tiered, compressed oops, g1 gc, windows-amd64)
# Problematic frame:
# C  [ntdll.dll+0x32508]
#
# No core dump will be written. Minidumps are not enabled by default on client versions of Windows
#
# If you would like to submit a bug report, please visit:
#   http://bugreport.java.com/bugreport/crash.jsp
# The crash happened outside the Java Virtual Machine in native code.
# See problematic frame for where to report the bug.
#

---------------  S U M M A R Y ------------

<<<<<<< HEAD
Command Line: -Dcom.sun.management.jmxremote -Dcom.sun.management.jmxremote.port=50284 -Dcom.sun.management.jmxremote.authenticate=false -Dcom.sun.management.jmxremote.ssl=false -Djava.rmi.server.hostname=localhost -Dspring.jmx.enabled=true -Dspring.application.admin.enabled=true -Xverify:none -XX:TieredStopAtLevel=1 -Dspring.boot.project.name=springboot-registration-login4 -Dfile.encoding=UTF-8 com.daneeats.auth.WebApplication --spring.output.ansi.enabled=always
=======
Command Line: -Dcom.sun.management.jmxremote -Dcom.sun.management.jmxremote.port=50284 -Dcom.sun.management.jmxremote.authenticate=false -Dcom.sun.management.jmxremote.ssl=false -Djava.rmi.server.hostname=localhost -Dspring.jmx.enabled=true -Dspring.application.admin.enabled=true -Xverify:none -XX:TieredStopAtLevel=1 -Dspring.boot.project.name=springboot-registration-login4 -Dfile.encoding=UTF-8 com.cloudpacks.site.WebApplication --spring.output.ansi.enabled=always
>>>>>>> a54f919673522c80f514cff5366626549ecf014d

Host: Intel(R) Core(TM) i7-1065G7 CPU @ 1.30GHz, 8 cores, 7G,  Windows 10 , 64 bit Build 18362 (10.0.18362.1110)
Time: Tue Oct 27 20:19:29 2020 Eastern Daylight Time elapsed time: 7 seconds (0d 0h 0m 7s)

---------------  T H R E A D  ---------------

Current thread (0x000002181e6db000):  JavaThread "restartedMain" [_thread_in_native, id=23276, stack(0x000000f717300000,0x000000f717400000)]

Stack: [0x000000f717300000,0x000000f717400000],  sp=0x000000f7173fc560,  free space=1009k
Native frames: (J=compiled Java code, j=interpreted, Vv=VM code, C=native code)
C  [ntdll.dll+0x32508]
C  [ntdll.dll+0x323b4]
C  [RPCRT4.dll+0x1ef3a]
C  [RPCRT4.dll+0x1e6bb]
C  [RPCRT4.dll+0x5c10e]
C  [RPCRT4.dll+0x4e0c9]
C  [dhcpcsvc6.DLL+0x1e14]

Java frames: (J=compiled Java code, j=interpreted, Vv=VM code)
j  java.net.NetworkInterface.getByInetAddress0(Ljava/net/InetAddress;)Ljava/net/NetworkInterface;+0 java.base@13.0.2
j  java.net.NetworkInterface.getByInetAddress(Ljava/net/InetAddress;)Ljava/net/NetworkInterface;+158 java.base@13.0.2
j  java.net.Inet6AddressImpl.loopbackAddress()Ljava/net/InetAddress;+195 java.base@13.0.2
j  java.net.InetAddress.getLoopbackAddress()Ljava/net/InetAddress;+3 java.base@13.0.2
j  sun.nio.ch.PipeImpl$Initializer$LoopbackConnector.run()V+20 java.base@13.0.2
j  sun.nio.ch.PipeImpl$Initializer.run()Ljava/lang/Void;+10 java.base@13.0.2
j  sun.nio.ch.PipeImpl$Initializer.run()Ljava/lang/Object;+1 java.base@13.0.2
J 396 c1 java.security.AccessController.executePrivileged(Ljava/security/PrivilegedExceptionAction;Ljava/security/AccessControlContext;Ljava/lang/Class;)Ljava/lang/Object; java.base@13.0.2 (65 bytes) @ 0x0000021808bf8c0c [0x0000021808bf8bc0+0x000000000000004c]
j  java.security.AccessController.doPrivileged(Ljava/security/PrivilegedExceptionAction;)Ljava/lang/Object;+9 java.base@13.0.2
j  sun.nio.ch.PipeImpl.<init>(Ljava/nio/channels/spi/SelectorProvider;)V+13 java.base@13.0.2
j  sun.nio.ch.SelectorProviderImpl.openPipe()Ljava/nio/channels/Pipe;+5 java.base@13.0.2
j  java.nio.channels.Pipe.open()Ljava/nio/channels/Pipe;+3 java.base@13.0.2
j  sun.nio.ch.WindowsSelectorImpl.<init>(Ljava/nio/channels/spi/SelectorProvider;)V+151 java.base@13.0.2
j  sun.nio.ch.WindowsSelectorProvider.openSelector()Ljava/nio/channels/spi/AbstractSelector;+5 java.base@13.0.2
j  java.nio.channels.Selector.open()Ljava/nio/channels/Selector;+3 java.base@13.0.2
j  org.apache.tomcat.util.net.NioSelectorPool.getSharedSelector()Ljava/nio/channels/Selector;+27
j  org.apache.tomcat.util.net.NioSelectorPool.open(Ljava/lang/String;)V+6
j  org.apache.tomcat.util.net.NioEndpoint.bind()V+28
j  org.apache.tomcat.util.net.AbstractEndpoint.bindWithCleanup()V+1
j  org.apache.tomcat.util.net.AbstractEndpoint.start()V+11
j  org.apache.coyote.AbstractProtocol.start()V+48
j  org.apache.catalina.connector.Connector.startInternal()V+48
j  org.apache.catalina.util.LifecycleBase.start()V+210
j  org.apache.catalina.core.StandardService.addConnector(Lorg/apache/catalina/connector/Connector;)V+74
j  org.springframework.boot.web.embedded.tomcat.TomcatWebServer.addPreviouslyRemovedConnectors()V+84
j  org.springframework.boot.web.embedded.tomcat.TomcatWebServer.start()V+18
j  org.springframework.boot.web.servlet.context.ServletWebServerApplicationContext.startWebServer()Lorg/springframework/boot/web/server/WebServer;+10
j  org.springframework.boot.web.servlet.context.ServletWebServerApplicationContext.finishRefresh()V+5
j  org.springframework.context.support.AbstractApplicationContext.refresh()V+58
j  org.springframework.boot.web.servlet.context.ServletWebServerApplicationContext.refresh()V+1
j  org.springframework.boot.SpringApplication.refresh(Lorg/springframework/context/ApplicationContext;)V+10
j  org.springframework.boot.SpringApplication.refreshContext(Lorg/springframework/context/ConfigurableApplicationContext;)V+2
j  org.springframework.boot.SpringApplication.run([Ljava/lang/String;)Lorg/springframework/context/ConfigurableApplicationContext;+118
j  org.springframework.boot.SpringApplication.run([Ljava/lang/Class;[Ljava/lang/String;)Lorg/springframework/context/ConfigurableApplicationContext;+9
j  org.springframework.boot.SpringApplication.run(Ljava/lang/Class;[Ljava/lang/String;)Lorg/springframework/context/ConfigurableApplicationContext;+9
<<<<<<< HEAD
j  com.daneeats.auth.WebApplication.main([Ljava/lang/String;)V+3
=======
j  com.cloudpacks.site.WebApplication.main([Ljava/lang/String;)V+3
>>>>>>> a54f919673522c80f514cff5366626549ecf014d
v  ~StubRoutines::call_stub
j  jdk.internal.reflect.NativeMethodAccessorImpl.invoke0(Ljava/lang/reflect/Method;Ljava/lang/Object;[Ljava/lang/Object;)Ljava/lang/Object;+0 java.base@13.0.2
j  jdk.internal.reflect.NativeMethodAccessorImpl.invoke(Ljava/lang/Object;[Ljava/lang/Object;)Ljava/lang/Object;+100 java.base@13.0.2
j  jdk.internal.reflect.DelegatingMethodAccessorImpl.invoke(Ljava/lang/Object;[Ljava/lang/Object;)Ljava/lang/Object;+6 java.base@13.0.2
j  java.lang.reflect.Method.invoke(Ljava/lang/Object;[Ljava/lang/Object;)Ljava/lang/Object;+59 java.base@13.0.2
j  org.springframework.boot.devtools.restart.RestartLauncher.run()V+41
v  ~StubRoutines::call_stub

siginfo: EXCEPTION_ACCESS_VIOLATION (0xc0000005), reading address 0x0000000400000164


Register to memory mapping:

RIP=0x00007ff947632508 ntdll.dll
RAX=0x0000000000007530 is an unknown value
RBX=0x0000000400000003 is an unknown value
RCX=0x0000000400000003 is an unknown value
RDX=0x0 is NULL
RSP=0x000000f7173fc560 is pointing into the stack for thread: 0x000002181e6db000
RBP=0x0000000000000001 is an unknown value
RSI=0x0000000000007530 is an unknown value
RDI=0x0 is NULL
R8 =0x0000000000000001 is an unknown value
R9 =0x0 is NULL
R10=0x0000000000008000 is an unknown value
R11=0x000000f7173fc490 is pointing into the stack for thread: 0x000002181e6db000
R12=0x000000f7173fc8b0 is pointing into the stack for thread: 0x000002181e6db000
R13=0x0 is NULL
R14=0x0 is NULL
R15=0x0 is NULL


Registers:
RAX=0x0000000000007530, RBX=0x0000000400000003, RCX=0x0000000400000003, RDX=0x0000000000000000
RSP=0x000000f7173fc560, RBP=0x0000000000000001, RSI=0x0000000000007530, RDI=0x0000000000000000
R8 =0x0000000000000001, R9 =0x0000000000000000, R10=0x0000000000008000, R11=0x000000f7173fc490
R12=0x000000f7173fc8b0, R13=0x0000000000000000, R14=0x0000000000000000, R15=0x0000000000000000
RIP=0x00007ff947632508, EFLAGS=0x0000000000010206

Top of Stack: (sp=0x000000f7173fc560)
0x000000f7173fc560:   0000000000000001 000002181e30dd00
0x000000f7173fc570:   000002181e30dd00 0000000000000001
0x000000f7173fc580:   0000000000000000 00007ff9476323b4
0x000000f7173fc590:   000002181e30dd00 0000000000000000
0x000000f7173fc5a0:   0000000000000000 0000000000007530
0x000000f7173fc5b0:   000002181e30df60 00007ff945ceef3a
0x000000f7173fc5c0:   0000021800000000 00007ff945ceebb4
0x000000f7173fc5d0:   000002181e30df60 0000000000000001
0x000000f7173fc5e0:   00000000000000e8 00007ff947632b7f
0x000000f7173fc5f0:   0000000000000000 0000000000000002
0x000000f7173fc600:   00000000000000e8 000000f7173fc8b0
0x000000f7173fc610:   000000f7173fc8b0 0000021821fc5668
0x000000f7173fc620:   0000000000000001 000002181e30df60
0x000000f7173fc630:   0000021821fc55b0 00007ff945cee6bb
0x000000f7173fc640:   0000000000000001 000000f7173fc8b0
0x000000f7173fc650:   0000021800000008 0000021821fc5668 

Instructions: (pc=0x00007ff947632508)
0x00007ff947632408:   48 83 ec 30 45 8b e8 4c 8b f2 45 33 c0 45 8b e1
0x00007ff947632418:   48 85 d2 48 8b d9 41 0f 95 c0 33 d2 e8 d3 00 00
0x00007ff947632428:   00 85 c0 0f 84 b1 00 00 00 4c 8b bb 90 00 00 00
0x00007ff947632438:   48 8d ab f0 00 00 00 4d 85 f6 48 8b cd 40 0f 95
0x00007ff947632448:   c7 e8 e2 6f 00 00 44 8a c7 49 8d 57 70 48 8b cb
0x00007ff947632458:   e8 1f 01 00 00 40 8a f0 4d 85 f6 74 09 80 bb 63
0x00007ff947632468:   01 00 00 00 75 78 40 84 f6 75 14 40 84 ff 74 33
0x00007ff947632478:   48 8b cb e8 20 ff ff ff 85 c0 75 1f f0 ff 03 40
0x00007ff947632488:   84 ff 74 40 45 8b cd 44 89 64 24 20 4d 8b c6 49
0x00007ff947632498:   8d 57 70 48 8b cb e8 fd 01 00 00 48 8b cd e8 85
0x00007ff9476324a8:   37 00 00 40 0f b6 c6 48 8b 5c 24 60 48 8b 6c 24
0x00007ff9476324b8:   68 48 8b 74 24 70 48 83 c4 30 41 5f 41 5e 41 5d
0x00007ff9476324c8:   41 5c 5f c3 40 84 f6 74 da 83 c8 ff f0 0f c1 03
0x00007ff9476324d8:   83 f8 01 75 ce e9 14 ef 07 00 33 c0 eb c9 48 8b
0x00007ff9476324e8:   cd e8 42 37 00 00 40 32 ff e9 78 ff ff ff cc cc
0x00007ff9476324f8:   cc cc cc cc 48 83 ec 28 45 33 c9 48 85 c9 74 49
0x00007ff947632508:   44 38 89 61 01 00 00 75 40 8b 81 a8 00 00 00 0f
0x00007ff947632518:   ba e0 10 72 34 0f ba e0 11 0f 82 e5 ee 07 00 48
0x00007ff947632528:   8d 05 42 5e 0e 00 48 39 41 08 75 1d 65 48 8b 04
0x00007ff947632538:   25 60 00 00 00 48 8b 48 18 44 38 49 48 75 0a b8
0x00007ff947632548:   01 00 00 00 48 83 c4 28 c3 45 85 c0 75 17 65 48
0x00007ff947632558:   8b 04 25 60 00 00 00 48 8b 48 18 44 38 49 48 74
0x00007ff947632568:   04 33 c0 eb df e8 56 cb 0d 00 eb f5 cc cc cc cc
0x00007ff947632578:   cc cc cc cc 48 89 5c 24 08 48 89 6c 24 10 48 89
0x00007ff947632588:   7c 24 18 41 55 41 56 41 57 48 83 ec 30 8a 81 62
0x00007ff947632598:   01 00 00 b3 01 40 8a e8 45 8a f8 40 d0 ed 4c 8b
0x00007ff9476325a8:   f2 40 22 eb 48 8b f9 84 c3 75 37 48 83 a1 48 01
0x00007ff9476325b8:   00 00 00 45 84 c0 74 1c 32 c0 48 8b 5c 24 50 48
0x00007ff9476325c8:   8b 6c 24 58 48 8b 7c 24 60 48 83 c4 30 41 5f 41
0x00007ff9476325d8:   5e 41 5d c3 48 81 c1 f0 00 00 00 e8 48 36 00 00
0x00007ff9476325e8:   eb d6 40 8a c5 4c 8d aa 80 00 00 00 f6 d8 48 1b
0x00007ff9476325f8:   c9 48 83 e1 88 4c 03 e9 e8 3b d6 00 00 85 c0 0f 


Stack slot to memory mapping:
stack at sp + 0 slots: 0x0000000000000001 is an unknown value
stack at sp + 1 slots: 0x000002181e30dd00 points into unknown readable memory: 40 ed da 45 f9 7f 00 00
stack at sp + 2 slots: 0x000002181e30dd00 points into unknown readable memory: 40 ed da 45 f9 7f 00 00
stack at sp + 3 slots: 0x0000000000000001 is an unknown value
stack at sp + 4 slots: 0x0 is NULL
stack at sp + 5 slots: 0x00007ff9476323b4 ntdll.dll
stack at sp + 6 slots: 0x000002181e30dd00 points into unknown readable memory: 40 ed da 45 f9 7f 00 00
stack at sp + 7 slots: 0x0 is NULL


---------------  P R O C E S S  ---------------

Threads class SMR info:
_java_thread_list=0x0000021822041680, length=26, elements={
0x000002187dc62800, 0x000002181d26b800, 0x000002181d26c800, 0x000002181d27f800,
0x000002181d280800, 0x000002181d282000, 0x000002181d28b000, 0x000002187f42d800,
0x000002181d455800, 0x000002181e321000, 0x000002181e2fd000, 0x000002181e30c800,
0x000002181e6d7000, 0x000002181e6db000, 0x000002181e778000, 0x000002181e78c000,
0x000002181e791800, 0x000002181e7a3000, 0x0000021820c94800, 0x0000021820c98800,
0x0000021820c92800, 0x0000021820c96000, 0x0000021820c95000, 0x0000021820c93800,
0x0000021820c97000, 0x0000021820c97800
}

Java Threads: ( => current thread )
  0x000002187dc62800 JavaThread "main" [_thread_blocked, id=2744, stack(0x000000f715d00000,0x000000f715e00000)]
  0x000002181d26b800 JavaThread "Reference Handler" daemon [_thread_blocked, id=9312, stack(0x000000f716400000,0x000000f716500000)]
  0x000002181d26c800 JavaThread "Finalizer" daemon [_thread_blocked, id=22580, stack(0x000000f716500000,0x000000f716600000)]
  0x000002181d27f800 JavaThread "Signal Dispatcher" daemon [_thread_blocked, id=30840, stack(0x000000f716600000,0x000000f716700000)]
  0x000002181d280800 JavaThread "Attach Listener" daemon [_thread_blocked, id=24688, stack(0x000000f716700000,0x000000f716800000)]
  0x000002181d282000 JavaThread "C1 CompilerThread0" daemon [_thread_blocked, id=29492, stack(0x000000f716800000,0x000000f716900000)]
  0x000002181d28b000 JavaThread "Sweeper thread" daemon [_thread_blocked, id=23676, stack(0x000000f716900000,0x000000f716a00000)]
  0x000002187f42d800 JavaThread "Common-Cleaner" daemon [_thread_blocked, id=14124, stack(0x000000f716a00000,0x000000f716b00000)]
  0x000002181d455800 JavaThread "Service Thread" daemon [_thread_blocked, id=22100, stack(0x000000f716b00000,0x000000f716c00000)]
  0x000002181e321000 JavaThread "RMI TCP Accept-0" daemon [_thread_in_native, id=15008, stack(0x000000f716c00000,0x000000f716d00000)]
  0x000002181e2fd000 JavaThread "RMI TCP Accept-50284" daemon [_thread_in_native, id=16992, stack(0x000000f716d00000,0x000000f716e00000)]
  0x000002181e30c800 JavaThread "RMI TCP Accept-0" daemon [_thread_in_native, id=31644, stack(0x000000f716e00000,0x000000f716f00000)]
  0x000002181e6d7000 JavaThread "Thread-0" [_thread_blocked, id=25440, stack(0x000000f717200000,0x000000f717300000)]
=>0x000002181e6db000 JavaThread "restartedMain" [_thread_in_native, id=23276, stack(0x000000f717300000,0x000000f717400000)]
  0x000002181e778000 JavaThread "RMI TCP Connection(1)-127.0.0.1" daemon [_thread_in_native, id=29652, stack(0x000000f717500000,0x000000f717600000)]
  0x000002181e78c000 JavaThread "RMI Scheduler(0)" daemon [_thread_blocked, id=30744, stack(0x000000f717600000,0x000000f717700000)]
  0x000002181e791800 JavaThread "RMI TCP Connection(2)-127.0.0.1" daemon [_thread_in_native, id=30716, stack(0x000000f717700000,0x000000f717800000)]
  0x000002181e7a3000 JavaThread "JMX server connection timeout 24" daemon [_thread_blocked, id=13704, stack(0x000000f717800000,0x000000f717900000)]
  0x0000021820c94800 JavaThread "Catalina-utility-1" [_thread_blocked, id=29100, stack(0x000000f717e00000,0x000000f717f00000)]
  0x0000021820c98800 JavaThread "Catalina-utility-2" [_thread_blocked, id=26584, stack(0x000000f717f00000,0x000000f718000000)]
  0x0000021820c92800 JavaThread "container-0" [_thread_blocked, id=31488, stack(0x000000f718000000,0x000000f718100000)]
  0x0000021820c96000 JavaThread "mysql-cj-abandoned-connection-cleanup" daemon [_thread_blocked, id=31716, stack(0x000000f718100000,0x000000f718200000)]
  0x0000021820c95000 JavaThread "HikariPool-1 housekeeper" daemon [_thread_blocked, id=23564, stack(0x000000f718300000,0x000000f718400000)]
  0x0000021820c93800 JavaThread "HikariPool-1 connection adder" daemon [_thread_blocked, id=30668, stack(0x000000f718400000,0x000000f718500000)]
  0x0000021820c97000 JavaThread "File Watcher" daemon [_thread_blocked, id=24552, stack(0x000000f718500000,0x000000f718600000)]
  0x0000021820c97800 JavaThread "Live Reload Server" daemon [_thread_in_native, id=13408, stack(0x000000f718600000,0x000000f718700000)]

Other Threads:
  0x000002181d267800 VMThread "VM Thread" [stack: 0x000000f716300000,0x000000f716400000] [id=16112]
  0x000002181e310800 WatcherThread [stack: 0x000000f716f00000,0x000000f717000000] [id=26100]
  0x000002187dca7000 GCTaskThread "GC Thread#0" [stack: 0x000000f715e00000,0x000000f715f00000] [id=30160]
  0x000002181e361800 GCTaskThread "GC Thread#1" [stack: 0x000000f717000000,0x000000f717100000] [id=3468]
  0x000002181e362000 GCTaskThread "GC Thread#2" [stack: 0x000000f717100000,0x000000f717200000] [id=19028]
  0x000002181e892800 GCTaskThread "GC Thread#3" [stack: 0x000000f717900000,0x000000f717a00000] [id=17600]
  0x000002181e893800 GCTaskThread "GC Thread#4" [stack: 0x000000f717a00000,0x000000f717b00000] [id=15668]
  0x000002181e894000 GCTaskThread "GC Thread#5" [stack: 0x000000f717b00000,0x000000f717c00000] [id=12096]
  0x000002181e8c8000 GCTaskThread "GC Thread#6" [stack: 0x000000f717c00000,0x000000f717d00000] [id=27332]
  0x000002181e8c8800 GCTaskThread "GC Thread#7" [stack: 0x000000f717d00000,0x000000f717e00000] [id=30420]
  0x000002187dcb8000 ConcurrentGCThread "G1 Main Marker" [stack: 0x000000f715f00000,0x000000f716000000] [id=24492]
  0x000002187dcb9800 ConcurrentGCThread "G1 Conc#0" [stack: 0x000000f716000000,0x000000f716100000] [id=5300]
  0x000002181fdee000 ConcurrentGCThread "G1 Conc#1" [stack: 0x000000f717400000,0x000000f717500000] [id=31044]
  0x000002187f2bc800 ConcurrentGCThread "G1 Refine#0" [stack: 0x000000f716100000,0x000000f716200000] [id=10336]
  0x000002187f2c1800 ConcurrentGCThread "G1 Young RemSet Sampling" [stack: 0x000000f716200000,0x000000f716300000] [id=16100]

Threads with active compile tasks:

VM state:not at safepoint (normal execution)

VM Mutex/Monitor currently owned by a thread: None

Heap address: 0x0000000083c00000, size: 1988 MB, Compressed Oops mode: 32-bit
Narrow klass base: 0x0000000800000000, Narrow klass shift: 3
Compressed class space size: 1073741824 Address: 0x0000000800b40000

Heap:
 garbage-first heap   total 140288K, used 45889K [0x0000000083c00000, 0x0000000100000000)
  region size 1024K, 9 young (9216K), 6 survivors (6144K)
 Metaspace       used 55305K, capacity 56973K, committed 57216K, reserved 1097728K
  class space    used 7635K, capacity 8269K, committed 8320K, reserved 1048576K
Heap Regions: E=young(eden), S=young(survivor), O=old, HS=humongous(starts), HC=humongous(continues), CS=collection set, F=free, A=archive, TAMS=top-at-mark-start (previous, next)
|   0|0x0000000083c00000, 0x0000000083d00000, 0x0000000083d00000|100%|HS|  |TAMS 0x0000000083d00000, 0x0000000083c00000| Complete 
|   1|0x0000000083d00000, 0x0000000083e00000, 0x0000000083e00000|100%| O|  |TAMS 0x0000000083e00000, 0x0000000083d00000| Untracked 
|   2|0x0000000083e00000, 0x0000000083f00000, 0x0000000083f00000|100%| O|  |TAMS 0x0000000083f00000, 0x0000000083e00000| Untracked 
|   3|0x0000000083f00000, 0x0000000084000000, 0x0000000084000000|100%| O|  |TAMS 0x0000000084000000, 0x0000000083f00000| Untracked 
|   4|0x0000000084000000, 0x0000000084100000, 0x0000000084100000|100%| O|  |TAMS 0x0000000084100000, 0x0000000084000000| Untracked 
|   5|0x0000000084100000, 0x0000000084200000, 0x0000000084200000|100%| O|  |TAMS 0x0000000084200000, 0x0000000084100000| Untracked 
|   6|0x0000000084200000, 0x0000000084300000, 0x0000000084300000|100%| O|  |TAMS 0x0000000084300000, 0x0000000084200000| Untracked 
|   7|0x0000000084300000, 0x0000000084400000, 0x0000000084400000|100%| O|  |TAMS 0x0000000084400000, 0x0000000084300000| Untracked 
|   8|0x0000000084400000, 0x0000000084500000, 0x0000000084500000|100%| O|  |TAMS 0x0000000084500000, 0x0000000084400000| Untracked 
|   9|0x0000000084500000, 0x0000000084600000, 0x0000000084600000|100%| O|  |TAMS 0x0000000084600000, 0x0000000084500000| Untracked 
|  10|0x0000000084600000, 0x0000000084700000, 0x0000000084700000|100%| O|  |TAMS 0x0000000084700000, 0x0000000084600000| Untracked 
|  11|0x0000000084700000, 0x0000000084800000, 0x0000000084800000|100%| O|  |TAMS 0x0000000084800000, 0x0000000084700000| Untracked 
|  12|0x0000000084800000, 0x0000000084900000, 0x0000000084900000|100%| O|  |TAMS 0x0000000084900000, 0x0000000084800000| Untracked 
|  13|0x0000000084900000, 0x0000000084a00000, 0x0000000084a00000|100%| O|  |TAMS 0x0000000084a00000, 0x0000000084900000| Untracked 
|  14|0x0000000084a00000, 0x0000000084b00000, 0x0000000084b00000|100%| O|  |TAMS 0x0000000084b00000, 0x0000000084a00000| Untracked 
|  15|0x0000000084b00000, 0x0000000084c00000, 0x0000000084c00000|100%| O|  |TAMS 0x0000000084c00000, 0x0000000084b00000| Untracked 
|  16|0x0000000084c00000, 0x0000000084d00000, 0x0000000084d00000|100%| O|  |TAMS 0x0000000084d00000, 0x0000000084c00000| Untracked 
|  17|0x0000000084d00000, 0x0000000084e00000, 0x0000000084e00000|100%| O|  |TAMS 0x0000000084e00000, 0x0000000084d00000| Untracked 
|  18|0x0000000084e00000, 0x0000000084eda600, 0x0000000084f00000| 85%| O|  |TAMS 0x0000000084eda600, 0x0000000084e00000| Untracked 
|  19|0x0000000084f00000, 0x0000000085000000, 0x0000000085000000|100%| O|  |TAMS 0x0000000085000000, 0x0000000084f00000| Untracked 
|  20|0x0000000085000000, 0x0000000085100000, 0x0000000085100000|100%| O|  |TAMS 0x0000000085100000, 0x0000000085000000| Untracked 
|  21|0x0000000085100000, 0x0000000085200000, 0x0000000085200000|100%| O|  |TAMS 0x0000000085200000, 0x0000000085100000| Untracked 
|  22|0x0000000085200000, 0x0000000085300000, 0x0000000085300000|100%| O|  |TAMS 0x0000000085300000, 0x0000000085200000| Untracked 
|  23|0x0000000085300000, 0x0000000085400000, 0x0000000085400000|100%| O|  |TAMS 0x0000000085400000, 0x0000000085300000| Untracked 
|  24|0x0000000085400000, 0x0000000085500000, 0x0000000085500000|100%| O|  |TAMS 0x0000000085500000, 0x0000000085400000| Untracked 
|  25|0x0000000085500000, 0x0000000085600000, 0x0000000085600000|100%| O|  |TAMS 0x0000000085600000, 0x0000000085500000| Untracked 
|  26|0x0000000085600000, 0x00000000856e7800, 0x0000000085700000| 90%| O|  |TAMS 0x00000000856e7800, 0x0000000085600000| Untracked 
|  27|0x0000000085700000, 0x0000000085800000, 0x0000000085800000|100%| O|  |TAMS 0x0000000085700000, 0x0000000085700000| Untracked 
|  28|0x0000000085800000, 0x0000000085900000, 0x0000000085900000|100%| O|  |TAMS 0x0000000085800000, 0x0000000085800000| Untracked 
|  29|0x0000000085900000, 0x0000000085a00000, 0x0000000085a00000|100%| O|  |TAMS 0x0000000085900000, 0x0000000085900000| Untracked 
|  30|0x0000000085a00000, 0x0000000085b00000, 0x0000000085b00000|100%| O|  |TAMS 0x0000000085a00000, 0x0000000085a00000| Untracked 
|  31|0x0000000085b00000, 0x0000000085c00000, 0x0000000085c00000|100%| O|  |TAMS 0x0000000085b00000, 0x0000000085b00000| Untracked 
|  32|0x0000000085c00000, 0x0000000085d00000, 0x0000000085d00000|100%| O|  |TAMS 0x0000000085c00000, 0x0000000085c00000| Untracked 
|  33|0x0000000085d00000, 0x0000000085e00000, 0x0000000085e00000|100%| O|  |TAMS 0x0000000085d00000, 0x0000000085d00000| Untracked 
|  34|0x0000000085e00000, 0x0000000085f00000, 0x0000000085f00000|100%| O|  |TAMS 0x0000000085e00000, 0x0000000085e00000| Untracked 
|  35|0x0000000085f00000, 0x0000000086000000, 0x0000000086000000|100%| O|  |TAMS 0x0000000085f00000, 0x0000000085f00000| Untracked 
|  36|0x0000000086000000, 0x0000000086100000, 0x0000000086100000|100%| O|  |TAMS 0x0000000086000000, 0x0000000086000000| Untracked 
|  37|0x0000000086100000, 0x0000000086100000, 0x0000000086200000|  0%| F|  |TAMS 0x0000000086100000, 0x0000000086100000| Untracked 
|  38|0x0000000086200000, 0x0000000086200000, 0x0000000086300000|  0%| F|  |TAMS 0x0000000086200000, 0x0000000086200000| Untracked 
|  39|0x0000000086300000, 0x0000000086300000, 0x0000000086400000|  0%| F|  |TAMS 0x0000000086300000, 0x0000000086300000| Untracked 
|  40|0x0000000086400000, 0x0000000086400000, 0x0000000086500000|  0%| F|  |TAMS 0x0000000086400000, 0x0000000086400000| Untracked 
|  41|0x0000000086500000, 0x0000000086500000, 0x0000000086600000|  0%| F|  |TAMS 0x0000000086500000, 0x0000000086500000| Untracked 
|  42|0x0000000086600000, 0x0000000086600000, 0x0000000086700000|  0%| F|  |TAMS 0x0000000086600000, 0x0000000086600000| Untracked 
|  43|0x0000000086700000, 0x0000000086700000, 0x0000000086800000|  0%| F|  |TAMS 0x0000000086700000, 0x0000000086700000| Untracked 
|  44|0x0000000086800000, 0x0000000086800000, 0x0000000086900000|  0%| F|  |TAMS 0x0000000086800000, 0x0000000086800000| Untracked 
|  45|0x0000000086900000, 0x0000000086900000, 0x0000000086a00000|  0%| F|  |TAMS 0x0000000086900000, 0x0000000086900000| Untracked 
|  46|0x0000000086a00000, 0x0000000086a18400, 0x0000000086b00000|  9%| O|  |TAMS 0x0000000086a00000, 0x0000000086a00000| Untracked 
|  47|0x0000000086b00000, 0x0000000086b00000, 0x0000000086c00000|  0%| F|  |TAMS 0x0000000086b00000, 0x0000000086b00000| Untracked 
|  48|0x0000000086c00000, 0x0000000086c00000, 0x0000000086d00000|  0%| F|  |TAMS 0x0000000086c00000, 0x0000000086c00000| Untracked 
|  49|0x0000000086d00000, 0x0000000086d00000, 0x0000000086e00000|  0%| F|  |TAMS 0x0000000086d00000, 0x0000000086d00000| Untracked 
|  50|0x0000000086e00000, 0x0000000086ef64d8, 0x0000000086f00000| 96%| S|CS|TAMS 0x0000000086e00000, 0x0000000086e00000| Complete 
|  51|0x0000000086f00000, 0x0000000087000000, 0x0000000087000000|100%| S|CS|TAMS 0x0000000086f00000, 0x0000000086f00000| Complete 
|  52|0x0000000087000000, 0x0000000087100000, 0x0000000087100000|100%| S|CS|TAMS 0x0000000087000000, 0x0000000087000000| Complete 
|  53|0x0000000087100000, 0x0000000087100000, 0x0000000087200000|  0%| F|  |TAMS 0x0000000087100000, 0x0000000087100000| Untracked 
|  54|0x0000000087200000, 0x0000000087200000, 0x0000000087300000|  0%| F|  |TAMS 0x0000000087200000, 0x0000000087200000| Untracked 
|  55|0x0000000087300000, 0x0000000087400000, 0x0000000087400000|100%| S|CS|TAMS 0x0000000087300000, 0x0000000087300000| Complete 
|  56|0x0000000087400000, 0x0000000087500000, 0x0000000087500000|100%| S|CS|TAMS 0x0000000087400000, 0x0000000087400000| Complete 
|  57|0x0000000087500000, 0x0000000087500000, 0x0000000087600000|  0%| F|  |TAMS 0x0000000087500000, 0x0000000087500000| Untracked 
|  58|0x0000000087600000, 0x0000000087600000, 0x0000000087700000|  0%| F|  |TAMS 0x0000000087600000, 0x0000000087600000| Untracked 
|  59|0x0000000087700000, 0x0000000087800000, 0x0000000087800000|100%| S|CS|TAMS 0x0000000087700000, 0x0000000087700000| Complete 
|  60|0x0000000087800000, 0x0000000087800000, 0x0000000087900000|  0%| F|  |TAMS 0x0000000087800000, 0x0000000087800000| Untracked 
|  61|0x0000000087900000, 0x0000000087900000, 0x0000000087a00000|  0%| F|  |TAMS 0x0000000087900000, 0x0000000087900000| Untracked 
|  62|0x0000000087a00000, 0x0000000087a00000, 0x0000000087b00000|  0%| F|  |TAMS 0x0000000087a00000, 0x0000000087a00000| Untracked 
|  63|0x0000000087b00000, 0x0000000087b00000, 0x0000000087c00000|  0%| F|  |TAMS 0x0000000087b00000, 0x0000000087b00000| Untracked 
|  64|0x0000000087c00000, 0x0000000087c00000, 0x0000000087d00000|  0%| F|  |TAMS 0x0000000087c00000, 0x0000000087c00000| Untracked 
|  65|0x0000000087d00000, 0x0000000087d00000, 0x0000000087e00000|  0%| F|  |TAMS 0x0000000087d00000, 0x0000000087d00000| Untracked 
|  66|0x0000000087e00000, 0x0000000087e00000, 0x0000000087f00000|  0%| F|  |TAMS 0x0000000087e00000, 0x0000000087e00000| Untracked 
|  67|0x0000000087f00000, 0x0000000087f00000, 0x0000000088000000|  0%| F|  |TAMS 0x0000000087f00000, 0x0000000087f00000| Untracked 
|  68|0x0000000088000000, 0x0000000088000000, 0x0000000088100000|  0%| F|  |TAMS 0x0000000088000000, 0x0000000088000000| Untracked 
|  69|0x0000000088100000, 0x0000000088100000, 0x0000000088200000|  0%| F|  |TAMS 0x0000000088100000, 0x0000000088100000| Untracked 
|  70|0x0000000088200000, 0x0000000088200000, 0x0000000088300000|  0%| F|  |TAMS 0x0000000088200000, 0x0000000088200000| Untracked 
|  71|0x0000000088300000, 0x0000000088300000, 0x0000000088400000|  0%| F|  |TAMS 0x0000000088300000, 0x0000000088300000| Untracked 
|  72|0x0000000088400000, 0x0000000088400000, 0x0000000088500000|  0%| F|  |TAMS 0x0000000088400000, 0x0000000088400000| Untracked 
|  73|0x0000000088500000, 0x0000000088500000, 0x0000000088600000|  0%| F|  |TAMS 0x0000000088500000, 0x0000000088500000| Untracked 
|  74|0x0000000088600000, 0x0000000088600000, 0x0000000088700000|  0%| F|  |TAMS 0x0000000088600000, 0x0000000088600000| Untracked 
|  75|0x0000000088700000, 0x0000000088700000, 0x0000000088800000|  0%| F|  |TAMS 0x0000000088700000, 0x0000000088700000| Untracked 
|  76|0x0000000088800000, 0x0000000088800000, 0x0000000088900000|  0%| F|  |TAMS 0x0000000088800000, 0x0000000088800000| Untracked 
|  77|0x0000000088900000, 0x0000000088900000, 0x0000000088a00000|  0%| F|  |TAMS 0x0000000088900000, 0x0000000088900000| Untracked 
|  78|0x0000000088a00000, 0x0000000088a00000, 0x0000000088b00000|  0%| F|  |TAMS 0x0000000088a00000, 0x0000000088a00000| Untracked 
|  79|0x0000000088b00000, 0x0000000088b00000, 0x0000000088c00000|  0%| F|  |TAMS 0x0000000088b00000, 0x0000000088b00000| Untracked 
|  80|0x0000000088c00000, 0x0000000088c00000, 0x0000000088d00000|  0%| F|  |TAMS 0x0000000088c00000, 0x0000000088c00000| Untracked 
|  81|0x0000000088d00000, 0x0000000088d00000, 0x0000000088e00000|  0%| F|  |TAMS 0x0000000088d00000, 0x0000000088d00000| Untracked 
|  82|0x0000000088e00000, 0x0000000088e00000, 0x0000000088f00000|  0%| F|  |TAMS 0x0000000088e00000, 0x0000000088e00000| Untracked 
|  83|0x0000000088f00000, 0x0000000088f00000, 0x0000000089000000|  0%| F|  |TAMS 0x0000000088f00000, 0x0000000088f00000| Untracked 
|  84|0x0000000089000000, 0x0000000089000000, 0x0000000089100000|  0%| F|  |TAMS 0x0000000089000000, 0x0000000089000000| Untracked 
|  85|0x0000000089100000, 0x0000000089100000, 0x0000000089200000|  0%| F|  |TAMS 0x0000000089100000, 0x0000000089100000| Untracked 
|  86|0x0000000089200000, 0x0000000089200000, 0x0000000089300000|  0%| F|  |TAMS 0x0000000089200000, 0x0000000089200000| Untracked 
|  87|0x0000000089300000, 0x0000000089300000, 0x0000000089400000|  0%| F|  |TAMS 0x0000000089300000, 0x0000000089300000| Untracked 
|  88|0x0000000089400000, 0x0000000089400000, 0x0000000089500000|  0%| F|  |TAMS 0x0000000089400000, 0x0000000089400000| Untracked 
|  89|0x0000000089500000, 0x0000000089500000, 0x0000000089600000|  0%| F|  |TAMS 0x0000000089500000, 0x0000000089500000| Untracked 
|  90|0x0000000089600000, 0x0000000089600000, 0x0000000089700000|  0%| F|  |TAMS 0x0000000089600000, 0x0000000089600000| Untracked 
|  91|0x0000000089700000, 0x0000000089700000, 0x0000000089800000|  0%| F|  |TAMS 0x0000000089700000, 0x0000000089700000| Untracked 
|  92|0x0000000089800000, 0x0000000089800000, 0x0000000089900000|  0%| F|  |TAMS 0x0000000089800000, 0x0000000089800000| Untracked 
|  93|0x0000000089900000, 0x0000000089900000, 0x0000000089a00000|  0%| F|  |TAMS 0x0000000089900000, 0x0000000089900000| Untracked 
|  94|0x0000000089a00000, 0x0000000089a00000, 0x0000000089b00000|  0%| F|  |TAMS 0x0000000089a00000, 0x0000000089a00000| Untracked 
|  95|0x0000000089b00000, 0x0000000089b00000, 0x0000000089c00000|  0%| F|  |TAMS 0x0000000089b00000, 0x0000000089b00000| Untracked 
|  96|0x0000000089c00000, 0x0000000089c00000, 0x0000000089d00000|  0%| F|  |TAMS 0x0000000089c00000, 0x0000000089c00000| Untracked 
|  97|0x0000000089d00000, 0x0000000089d00000, 0x0000000089e00000|  0%| F|  |TAMS 0x0000000089d00000, 0x0000000089d00000| Untracked 
|  98|0x0000000089e00000, 0x0000000089e00000, 0x0000000089f00000|  0%| F|  |TAMS 0x0000000089e00000, 0x0000000089e00000| Untracked 
|  99|0x0000000089f00000, 0x0000000089f00000, 0x000000008a000000|  0%| F|  |TAMS 0x0000000089f00000, 0x0000000089f00000| Untracked 
| 100|0x000000008a000000, 0x000000008a000000, 0x000000008a100000|  0%| F|  |TAMS 0x000000008a000000, 0x000000008a000000| Untracked 
| 101|0x000000008a100000, 0x000000008a100000, 0x000000008a200000|  0%| F|  |TAMS 0x000000008a100000, 0x000000008a100000| Untracked 
| 102|0x000000008a200000, 0x000000008a200000, 0x000000008a300000|  0%| F|  |TAMS 0x000000008a200000, 0x000000008a200000| Untracked 
| 103|0x000000008a300000, 0x000000008a300000, 0x000000008a400000|  0%| F|  |TAMS 0x000000008a300000, 0x000000008a300000| Untracked 
| 104|0x000000008a400000, 0x000000008a400000, 0x000000008a500000|  0%| F|  |TAMS 0x000000008a400000, 0x000000008a400000| Untracked 
| 105|0x000000008a500000, 0x000000008a500000, 0x000000008a600000|  0%| F|  |TAMS 0x000000008a500000, 0x000000008a500000| Untracked 
| 106|0x000000008a600000, 0x000000008a600000, 0x000000008a700000|  0%| F|  |TAMS 0x000000008a600000, 0x000000008a600000| Untracked 
| 107|0x000000008a700000, 0x000000008a700000, 0x000000008a800000|  0%| F|  |TAMS 0x000000008a700000, 0x000000008a700000| Untracked 
| 108|0x000000008a800000, 0x000000008a800000, 0x000000008a900000|  0%| F|  |TAMS 0x000000008a800000, 0x000000008a800000| Untracked 
| 109|0x000000008a900000, 0x000000008a900000, 0x000000008aa00000|  0%| F|  |TAMS 0x000000008a900000, 0x000000008a900000| Untracked 
| 110|0x000000008aa00000, 0x000000008aa00000, 0x000000008ab00000|  0%| F|  |TAMS 0x000000008aa00000, 0x000000008aa00000| Untracked 
| 111|0x000000008ab00000, 0x000000008ab00000, 0x000000008ac00000|  0%| F|  |TAMS 0x000000008ab00000, 0x000000008ab00000| Untracked 
| 112|0x000000008ac00000, 0x000000008ac00000, 0x000000008ad00000|  0%| F|  |TAMS 0x000000008ac00000, 0x000000008ac00000| Untracked 
| 113|0x000000008ad00000, 0x000000008ad00000, 0x000000008ae00000|  0%| F|  |TAMS 0x000000008ad00000, 0x000000008ad00000| Untracked 
| 114|0x000000008ae00000, 0x000000008ae00000, 0x000000008af00000|  0%| F|  |TAMS 0x000000008ae00000, 0x000000008ae00000| Untracked 
| 115|0x000000008af00000, 0x000000008af00000, 0x000000008b000000|  0%| F|  |TAMS 0x000000008af00000, 0x000000008af00000| Untracked 
| 116|0x000000008b000000, 0x000000008b000000, 0x000000008b100000|  0%| F|  |TAMS 0x000000008b000000, 0x000000008b000000| Untracked 
| 117|0x000000008b100000, 0x000000008b100000, 0x000000008b200000|  0%| F|  |TAMS 0x000000008b100000, 0x000000008b100000| Untracked 
| 118|0x000000008b200000, 0x000000008b200000, 0x000000008b300000|  0%| F|  |TAMS 0x000000008b200000, 0x000000008b200000| Untracked 
| 119|0x000000008b300000, 0x000000008b300000, 0x000000008b400000|  0%| F|  |TAMS 0x000000008b300000, 0x000000008b300000| Untracked 
| 120|0x000000008b400000, 0x000000008b400000, 0x000000008b500000|  0%| F|  |TAMS 0x000000008b400000, 0x000000008b400000| Untracked 
| 121|0x000000008b500000, 0x000000008b500000, 0x000000008b600000|  0%| F|  |TAMS 0x000000008b500000, 0x000000008b500000| Untracked 
| 122|0x000000008b600000, 0x000000008b600000, 0x000000008b700000|  0%| F|  |TAMS 0x000000008b600000, 0x000000008b600000| Untracked 
| 123|0x000000008b700000, 0x000000008b700000, 0x000000008b800000|  0%| F|  |TAMS 0x000000008b700000, 0x000000008b700000| Untracked 
| 124|0x000000008b800000, 0x000000008b800000, 0x000000008b900000|  0%| F|  |TAMS 0x000000008b800000, 0x000000008b800000| Untracked 
| 125|0x000000008b900000, 0x000000008b900000, 0x000000008ba00000|  0%| F|  |TAMS 0x000000008b900000, 0x000000008b900000| Untracked 
| 126|0x000000008ba00000, 0x000000008ba00000, 0x000000008bb00000|  0%| F|  |TAMS 0x000000008ba00000, 0x000000008ba00000| Untracked 
| 127|0x000000008bb00000, 0x000000008bb00000, 0x000000008bc00000|  0%| F|  |TAMS 0x000000008bb00000, 0x000000008bb00000| Untracked 
| 128|0x000000008bc00000, 0x000000008bc00000, 0x000000008bd00000|  0%| F|  |TAMS 0x000000008bc00000, 0x000000008bc00000| Untracked 
| 129|0x000000008bd00000, 0x000000008bd00000, 0x000000008be00000|  0%| F|  |TAMS 0x000000008bd00000, 0x000000008bd00000| Untracked 
| 130|0x000000008be00000, 0x000000008be00000, 0x000000008bf00000|  0%| F|  |TAMS 0x000000008be00000, 0x000000008be00000| Untracked 
| 131|0x000000008bf00000, 0x000000008bf00000, 0x000000008c000000|  0%| F|  |TAMS 0x000000008bf00000, 0x000000008bf00000| Untracked 
| 132|0x000000008c000000, 0x000000008c000000, 0x000000008c100000|  0%| F|  |TAMS 0x000000008c000000, 0x000000008c000000| Untracked 
| 133|0x000000008c100000, 0x000000008c100000, 0x000000008c200000|  0%| F|  |TAMS 0x000000008c100000, 0x000000008c100000| Untracked 
| 134|0x000000008c200000, 0x000000008c280800, 0x000000008c300000| 50%| E|  |TAMS 0x000000008c200000, 0x000000008c200000| Complete 
| 135|0x000000008c300000, 0x000000008c400000, 0x000000008c400000|100%| E|CS|TAMS 0x000000008c300000, 0x000000008c300000| Complete 
| 151|0x000000008d300000, 0x000000008d400000, 0x000000008d400000|100%| E|CS|TAMS 0x000000008d300000, 0x000000008d300000| Complete 

Card table byte_map: [0x000002187e500000,0x000002187e8f0000] _byte_map_base: 0x000002187e0e2000

Marking Bits (Prev, Next): (CMBitMap*) 0x000002187dca7ab8, (CMBitMap*) 0x000002187dca7af8
 Prev Bits: [0x0000021817430000, 0x0000021819340000)
 Next Bits: [0x0000021819340000, 0x000002181b250000)

Polling page: 0x000002187bbe0000

Metaspace:

Usage:
  Non-class:     47.56 MB capacity,    46.55 MB ( 98%) used,   844.52 KB (  2%) free+waste,   189.50 KB ( <1%) overhead. 
      Class:      8.08 MB capacity,     7.46 MB ( 92%) used,   540.48 KB (  7%) free+waste,    92.75 KB (  1%) overhead. 
       Both:     55.64 MB capacity,    54.01 MB ( 97%) used,     1.35 MB (  2%) free+waste,   282.25 KB ( <1%) overhead. 

Virtual space:
  Non-class space:       48.00 MB reserved,      47.75 MB (>99%) committed 
      Class space:        1.00 GB reserved,       8.13 MB ( <1%) committed 
             Both:        1.05 GB reserved,      55.88 MB (  5%) committed 

Chunk freelists:
   Non-Class:  0 bytes
       Class:  19.00 KB
        Both:  19.00 KB

MaxMetaspaceSize: 17179869184.00 GB
CompressedClassSpaceSize: 1.00 GB

CodeHeap 'non-profiled nmethods': size=238336Kb used=9873Kb max_used=9873Kb free=228462Kb
 bounds [0x0000021808b70000, 0x0000021809520000, 0x0000021817430000]
CodeHeap 'non-nmethods': size=7424Kb used=1339Kb max_used=1339Kb free=6084Kb
 bounds [0x0000021808430000, 0x00000218086a0000, 0x0000021808b70000]
 total_blobs=6507 nmethods=5591 adapters=550
 compilation: enabled
              stopped_count=0, restarted_count=0
 full_count=0

Compilation events (20 events):
Event: 7.083 Thread 0x000002181d282000 5599       1       org.springframework.jmx.export.assembler.MetadataMBeanInfoAssembler::includeBean (23 bytes)
Event: 7.084 Thread 0x000002181d282000 nmethod 5599 0x000002180950d690 code [0x000002180950d860, 0x000002180950db30]
Event: 7.084 Thread 0x000002181d282000 5600       1       com.sun.jmx.mbeanserver.MXBeanSupport::transitiveInterfaces (64 bytes)
Event: 7.084 Thread 0x000002181d282000 nmethod 5600 0x000002180950dd10 code [0x000002180950df00, 0x000002180950e160]
Event: 7.084 Thread 0x000002181d282000 5601       1       javax.management.ImmutableDescriptor::makeMap (123 bytes)
Event: 7.084 Thread 0x000002181d282000 nmethod 5601 0x000002180950e310 code [0x000002180950e540, 0x000002180950eba0]
Event: 7.084 Thread 0x000002181d282000 5597       1       org.springframework.jmx.export.MBeanExporter$$Lambda$999/0x0000000801347840::include (10 bytes)
Event: 7.085 Thread 0x000002181d282000 nmethod 5597 0x000002180950ee90 code [0x000002180950f040, 0x000002180950f1b0]
Event: 7.086 Thread 0x000002181d282000 5603       1       java.lang.invoke.MethodTypeForm::<init> (687 bytes)
Event: 7.088 Thread 0x000002181d282000 nmethod 5603 0x000002180950fe90 code [0x0000021809510120, 0x00000218095114b0]
Event: 7.088 Thread 0x000002181d282000 5607       1       org.springframework.boot.autoconfigure.condition.ConditionEvaluationReport$$Lambda$1004/0x0000000801346040::accept (20 bytes)
Event: 7.088 Thread 0x000002181d282000 nmethod 5607 0x0000021809511d90 code [0x0000021809511f40, 0x0000021809512130]
Event: 7.088 Thread 0x000002181d282000 5608       1       org.springframework.boot.autoconfigure.condition.ConditionEvaluationReport::lambda$addNoMatchOutcomeToAncestors$1 (54 bytes)
Event: 7.089 Thread 0x000002181d282000 nmethod 5608 0x0000021809512210 code [0x0000021809512460, 0x0000021809512c60]
Event: 7.092 Thread 0x000002181d282000 5609       1       org.springframework.boot.autoconfigure.condition.ConditionEvaluationReport$ConditionAndOutcome::getOutcome (5 bytes)
Event: 7.092 Thread 0x000002181d282000 nmethod 5609 0x0000021809513010 code [0x00000218095131a0, 0x00000218095132d8]
Event: 7.093 Thread 0x000002181d282000 5610       1       java.util.TreeMap::forEach (58 bytes)
Event: 7.093 Thread 0x000002181d282000 nmethod 5610 0x0000021809513390 code [0x0000021809513580, 0x00000218095138c0]
Event: 7.096 Thread 0x000002181d282000 5611   !   1       jdk.internal.loader.AbstractClassLoaderValue::get (21 bytes)
Event: 7.096 Thread 0x000002181d282000 nmethod 5611 0x0000021809513b10 code [0x0000021809513ce0, 0x0000021809513f90]

GC Heap History (20 events):
Event: 3.819 GC heap before
{Heap before GC invocations=10 (full 0):
 garbage-first heap   total 92160K, used 69296K [0x0000000083c00000, 0x0000000100000000)
  region size 1024K, 45 young (46080K), 5 survivors (5120K)
 Metaspace       used 26277K, capacity 27312K, committed 27648K, reserved 1073152K
  class space    used 3583K, capacity 3987K, committed 4096K, reserved 1048576K
}
Event: 3.824 GC heap after
{Heap after GC invocations=11 (full 0):
 garbage-first heap   total 110592K, used 29441K [0x0000000083c00000, 0x0000000100000000)
  region size 1024K, 2 young (2048K), 2 survivors (2048K)
 Metaspace       used 26277K, capacity 27312K, committed 27648K, reserved 1073152K
  class space    used 3583K, capacity 3987K, committed 4096K, reserved 1048576K
}
Event: 4.092 GC heap before
{Heap before GC invocations=11 (full 0):
 garbage-first heap   total 110592K, used 85761K [0x0000000083c00000, 0x0000000100000000)
  region size 1024K, 58 young (59392K), 2 survivors (2048K)
 Metaspace       used 28003K, capacity 29152K, committed 29312K, reserved 1075200K
  class space    used 3777K, capacity 4202K, committed 4224K, reserved 1048576K
}
Event: 4.096 GC heap after
{Heap after GC invocations=12 (full 0):
 garbage-first heap   total 110592K, used 29827K [0x0000000083c00000, 0x0000000100000000)
  region size 1024K, 3 young (3072K), 3 survivors (3072K)
 Metaspace       used 28003K, capacity 29152K, committed 29312K, reserved 1075200K
  class space    used 3777K, capacity 4202K, committed 4224K, reserved 1048576K
}
Event: 4.432 GC heap before
{Heap before GC invocations=12 (full 0):
 garbage-first heap   total 110592K, used 86147K [0x0000000083c00000, 0x0000000100000000)
  region size 1024K, 58 young (59392K), 3 survivors (3072K)
 Metaspace       used 30095K, capacity 31269K, committed 31488K, reserved 1077248K
  class space    used 4000K, capacity 4498K, committed 4608K, reserved 1048576K
}
Event: 4.436 GC heap after
{Heap after GC invocations=13 (full 0):
 garbage-first heap   total 110592K, used 30910K [0x0000000083c00000, 0x0000000100000000)
  region size 1024K, 4 young (4096K), 4 survivors (4096K)
 Metaspace       used 30095K, capacity 31269K, committed 31488K, reserved 1077248K
  class space    used 4000K, capacity 4498K, committed 4608K, reserved 1048576K
}
Event: 4.796 GC heap before
{Heap before GC invocations=13 (full 0):
 garbage-first heap   total 110592K, used 87230K [0x0000000083c00000, 0x0000000100000000)
  region size 1024K, 59 young (60416K), 4 survivors (4096K)
 Metaspace       used 33408K, capacity 34563K, committed 34688K, reserved 1079296K
  class space    used 4662K, capacity 5147K, committed 5248K, reserved 1048576K
}
Event: 4.800 GC heap after
{Heap after GC invocations=14 (full 0):
 garbage-first heap   total 110592K, used 31569K [0x0000000083c00000, 0x0000000100000000)
  region size 1024K, 5 young (5120K), 5 survivors (5120K)
 Metaspace       used 33408K, capacity 34563K, committed 34688K, reserved 1079296K
  class space    used 4662K, capacity 5147K, committed 5248K, reserved 1048576K
}
Event: 4.903 GC heap before
{Heap before GC invocations=14 (full 0):
 garbage-first heap   total 110592K, used 43857K [0x0000000083c00000, 0x0000000100000000)
  region size 1024K, 18 young (18432K), 5 survivors (5120K)
 Metaspace       used 34569K, capacity 35714K, committed 35840K, reserved 1079296K
  class space    used 4775K, capacity 5254K, committed 5376K, reserved 1048576K
}
Event: 4.910 GC heap after
{Heap after GC invocations=15 (full 0):
 garbage-first heap   total 133120K, used 32023K [0x0000000083c00000, 0x0000000100000000)
  region size 1024K, 5 young (5120K), 5 survivors (5120K)
 Metaspace       used 34569K, capacity 35714K, committed 35840K, reserved 1079296K
  class space    used 4775K, capacity 5254K, committed 5376K, reserved 1048576K
}
Event: 5.530 GC heap before
{Heap before GC invocations=16 (full 0):
 garbage-first heap   total 116736K, used 95511K [0x0000000083c00000, 0x0000000100000000)
  region size 1024K, 68 young (69632K), 5 survivors (5120K)
 Metaspace       used 42018K, capacity 43280K, committed 43392K, reserved 1087488K
  class space    used 5677K, capacity 6166K, committed 6272K, reserved 1048576K
}
Event: 5.536 GC heap after
{Heap after GC invocations=17 (full 0):
 garbage-first heap   total 116736K, used 37747K [0x0000000083c00000, 0x0000000100000000)
  region size 1024K, 9 young (9216K), 9 survivors (9216K)
 Metaspace       used 42018K, capacity 43280K, committed 43392K, reserved 1087488K
  class space    used 5677K, capacity 6166K, committed 6272K, reserved 1048576K
}
Event: 5.854 GC heap before
{Heap before GC invocations=17 (full 0):
 garbage-first heap   total 116736K, used 94067K [0x0000000083c00000, 0x0000000100000000)
  region size 1024K, 64 young (65536K), 9 survivors (9216K)
 Metaspace       used 45780K, capacity 47070K, committed 47232K, reserved 1089536K
  class space    used 6234K, capacity 6725K, committed 6784K, reserved 1048576K
}
Event: 5.862 GC heap after
{Heap after GC invocations=18 (full 0):
 garbage-first heap   total 116736K, used 39458K [0x0000000083c00000, 0x0000000100000000)
  region size 1024K, 2 young (2048K), 2 survivors (2048K)
 Metaspace       used 45780K, capacity 47070K, committed 47232K, reserved 1089536K
  class space    used 6234K, capacity 6725K, committed 6784K, reserved 1048576K
}
Event: 6.240 GC heap before
{Heap before GC invocations=18 (full 0):
 garbage-first heap   total 116736K, used 94754K [0x0000000083c00000, 0x0000000100000000)
  region size 1024K, 56 young (57344K), 2 survivors (2048K)
 Metaspace       used 48607K, capacity 49976K, committed 50304K, reserved 1091584K
  class space    used 6668K, capacity 7173K, committed 7296K, reserved 1048576K
}
Event: 6.243 GC heap after
{Heap after GC invocations=19 (full 0):
 garbage-first heap   total 116736K, used 39893K [0x0000000083c00000, 0x0000000100000000)
  region size 1024K, 3 young (3072K), 3 survivors (3072K)
 Metaspace       used 48607K, capacity 49976K, committed 50304K, reserved 1091584K
  class space    used 6668K, capacity 7173K, committed 7296K, reserved 1048576K
}
Event: 6.595 GC heap before
{Heap before GC invocations=19 (full 0):
 garbage-first heap   total 116736K, used 95189K [0x0000000083c00000, 0x0000000100000000)
  region size 1024K, 57 young (58368K), 3 survivors (3072K)
 Metaspace       used 51997K, capacity 53553K, committed 53632K, reserved 1095680K
  class space    used 7161K, capacity 7748K, committed 7808K, reserved 1048576K
}
Event: 6.599 GC heap after
{Heap after GC invocations=20 (full 0):
 garbage-first heap   total 116736K, used 41396K [0x0000000083c00000, 0x0000000100000000)
  region size 1024K, 4 young (4096K), 4 survivors (4096K)
 Metaspace       used 51997K, capacity 53553K, committed 53632K, reserved 1095680K
  class space    used 7161K, capacity 7748K, committed 7808K, reserved 1048576K
}
Event: 7.035 GC heap before
{Heap before GC invocations=20 (full 0):
 garbage-first heap   total 116736K, used 96692K [0x0000000083c00000, 0x0000000100000000)
  region size 1024K, 58 young (59392K), 4 survivors (4096K)
 Metaspace       used 55002K, capacity 56612K, committed 56832K, reserved 1097728K
  class space    used 7594K, capacity 8191K, committed 8192K, reserved 1048576K
}
Event: 7.041 GC heap after
{Heap after GC invocations=21 (full 0):
 garbage-first heap   total 140288K, used 43841K [0x0000000083c00000, 0x0000000100000000)
  region size 1024K, 6 young (6144K), 6 survivors (6144K)
 Metaspace       used 55002K, capacity 56612K, committed 56832K, reserved 1097728K
  class space    used 7594K, capacity 8191K, committed 8192K, reserved 1048576K
}

Deoptimization events (4 events):
Event: 2.916 Thread 0x000002181e6db000 DEOPT PACKING pc=0x0000021808ec7694 sp=0x000000f7173fcc50
Event: 2.916 Thread 0x000002181e6db000 DEOPT UNPACKING pc=0x000002180847845e sp=0x000000f7173fc1b8 mode 0
Event: 6.840 Thread 0x000002181e6db000 DEOPT PACKING pc=0x0000021808e71383 sp=0x000000f7173fa210
Event: 6.840 Thread 0x000002181e6db000 DEOPT UNPACKING pc=0x000002180847845e sp=0x000000f7173f9718 mode 3

Classes unloaded (1 events):
Event: 4.930 Thread 0x000002181d267800 Unloading class 0x0000000800c3f840 'org/springframework/core/GenericTypeResolver$$Lambda$142'

Classes redefined (0 events):
No events

Internal exceptions (20 events):
Event: 6.377 Thread 0x000002181e6db000 Exception <a 'java/lang/ClassNotFoundException'{0x00000000899e82d0}: java/lang/ObjectCustomizer> (0x00000000899e82d0) 
thrown [t:/workspace/open/src/hotspot/share/classfile/systemDictionary.cpp, line 232]
Event: 6.378 Thread 0x000002181e6db000 Exception <a 'java/lang/ClassNotFoundException'{0x000000008980d948}: com/daneeats/auth/model/UserCustomizer> (0x000000008980d948) 
thrown [t:/workspace/open/src/hotspot/share/classfile/systemDictionary.cpp, line 232]
Event: 6.395 Thread 0x000002181e6db000 Exception <a 'java/lang/NoSuchMethodError'{0x00000000897a5770}: 'int java.lang.invoke.DirectMethodHandle$Holder.invokeVirtual(java.lang.Object, java.lang.Object, java.lang.Object)'> (0x00000000897a5770) 
thrown [t:/workspace/open/src/hotspot/share/interpreter/linkResolver.cpp, line 767]
Event: 6.404 Thread 0x000002181e6db000 Exception <a 'java/lang/ClassNotFoundException'{0x00000000896351d8}: java/lang/ObjectCustomizer> (0x00000000896351d8) 
thrown [t:/workspace/open/src/hotspot/share/classfile/systemDictionary.cpp, line 232]
Event: 6.406 Thread 0x000002181e6db000 Exception <a 'java/lang/ClassNotFoundException'{0x000000008965a3c0}: com/daneeats/auth/model/RoleCustomizer> (0x000000008965a3c0) 
thrown [t:/workspace/open/src/hotspot/share/classfile/systemDictionary.cpp, line 232]
Event: 6.421 Thread 0x000002181e6db000 Exception <a 'java/lang/IncompatibleClassChangeError'{0x0000000089426b40}: Found class java.lang.Object, but interface was expected> (0x0000000089426b40) 
thrown [t:/workspace/open/src/hotspot/share/interpreter/linkResolver.cpp, line 833]
Event: 6.489 Thread 0x000002181e6db000 Exception <a 'java/lang/reflect/InvocationTargetException'{0x0000000088ab77a8}> (0x0000000088ab77a8) 
thrown [t:/workspace/open/src/hotspot/share/runtime/reflection.cpp, line 1188]
Event: 6.499 Thread 0x000002181e6db000 Exception <a 'java/lang/NoSuchMethodError'{0x00000000889795f8}: 'int java.lang.invoke.DirectMethodHandle$Holder.invokeStatic(java.lang.Object, java.lang.Object, int)'> (0x00000000889795f8) 
thrown [t:/workspace/open/src/hotspot/share/interpreter/linkResolver.cpp, line 767]
Event: 6.501 Thread 0x000002181e6db000 Exception <a 'java/lang/NoSuchMethodError'{0x00000000889b8700}: 'java.lang.Object java.lang.invoke.Invokers$Holder.linkToTargetMethod(java.lang.Object, int, java.lang.Object)'> (0x00000000889b8700) 
thrown [t:/workspace/open/src/hotspot/share/interpreter/linkResolver.cpp, line 767]
Event: 6.504 Thread 0x000002181e6db000 Exception <a 'java/lang/IncompatibleClassChangeError'{0x0000000088821dd0}: Found class java.lang.Object, but interface was expected> (0x0000000088821dd0) 
thrown [t:/workspace/open/src/hotspot/share/interpreter/linkResolver.cpp, line 833]
Event: 6.626 Thread 0x000002181e6db000 Exception <a 'java/lang/ClassNotFoundException'{0x000000008a9470e8}: java/lang/ObjectCustomizer> (0x000000008a9470e8) 
thrown [t:/workspace/open/src/hotspot/share/classfile/systemDictionary.cpp, line 232]
Event: 6.627 Thread 0x000002181e6db000 Exception <a 'java/lang/ClassNotFoundException'{0x000000008a981a50}: org/springframework/security/config/annotation/web/configuration/WebSecurityConfigurationCustomizer> (0x000000008a981a50) 
thrown [t:/workspace/open/src/hotspot/share/classfile/systemDictionary.cpp, line 232]
Event: 6.627 Thread 0x000002181e6db000 Exception <a 'java/lang/ClassNotFoundException'{0x000000008a9b4e58}: org/springframework/context/annotation/ImportAwareCustomizer> (0x000000008a9b4e58) 
thrown [t:/workspace/open/src/hotspot/share/classfile/systemDictionary.cpp, line 232]
Event: 6.628 Thread 0x000002181e6db000 Exception <a 'java/lang/ClassNotFoundException'{0x000000008a9d8c58}: org/springframework/beans/factory/AwareCustomizer> (0x000000008a9d8c58) 
thrown [t:/workspace/open/src/hotspot/share/classfile/systemDictionary.cpp, line 232]
Event: 6.629 Thread 0x000002181e6db000 Exception <a 'java/lang/ClassNotFoundException'{0x000000008a801d60}: org/springframework/beans/factory/BeanClassLoaderAwareCustomizer> (0x000000008a801d60) 
thrown [t:/workspace/open/src/hotspot/share/classfile/systemDictionary.cpp, line 232]
Event: 6.629 Thread 0x000002181e6db000 Exception <a 'java/lang/ClassNotFoundException'{0x000000008a825b70}: org/springframework/beans/factory/AwareCustomizer> (0x000000008a825b70) 
thrown [t:/workspace/open/src/hotspot/share/classfile/systemDictionary.cpp, line 232]
Event: 6.692 Thread 0x000002181e791800 Exception <a 'java/lang/reflect/InvocationTargetException'{0x0000000089a81db8}> (0x0000000089a81db8) 
thrown [t:/workspace/open/src/hotspot/share/runtime/reflection.cpp, line 1188]
Event: 6.750 Thread 0x000002181e6db000 Exception <a 'java/lang/NoSuchMethodError'{0x00000000893202a0}: 'java.lang.Object java.lang.invoke.DirectMethodHandle$Holder.invokeInterface(java.lang.Object, java.lang.Object, java.lang.Object, java.lang.Object)'> (0x00000000893202a0) 
thrown [t:/workspace/open/src/hotspot/share/interpreter/linkResolver.cpp, line 767]
Event: 6.864 Thread 0x000002181e6db000 Exception <a 'java/lang/NoSuchMethodError'{0x0000000088643f90}: 'void java.lang.invoke.DirectMethodHandle$Holder.invokeVirtual(java.lang.Object, java.lang.Object, int)'> (0x0000000088643f90) 
thrown [t:/workspace/open/src/hotspot/share/interpreter/linkResolver.cpp, line 767]
Event: 6.941 Thread 0x000002181e6db000 Exception <a 'java/lang/IncompatibleClassChangeError'{0x00000000881fc460}: Found class java.lang.Object, but interface was expected> (0x00000000881fc460) 
thrown [t:/workspace/open/src/hotspot/share/interpreter/linkResolver.cpp, line 833]

Events (20 events):
Event: 7.099 loading class sun/nio/ch/WindowsSelectorImpl$SubSelector
Event: 7.099 loading class sun/nio/ch/WindowsSelectorImpl$SubSelector done
Event: 7.099 loading class sun/nio/ch/WindowsSelectorImpl$StartLock
Event: 7.099 loading class sun/nio/ch/WindowsSelectorImpl$StartLock done
Event: 7.099 loading class sun/nio/ch/WindowsSelectorImpl$FinishLock
Event: 7.099 loading class sun/nio/ch/WindowsSelectorImpl$FinishLock done
Event: 7.099 loading class sun/nio/ch/PollArrayWrapper
Event: 7.099 loading class sun/nio/ch/PollArrayWrapper done
Event: 7.099 loading class sun/nio/ch/AllocatedNativeObject
Event: 7.099 loading class sun/nio/ch/NativeObject
Event: 7.099 loading class sun/nio/ch/NativeObject done
Event: 7.099 loading class sun/nio/ch/AllocatedNativeObject done
Event: 7.099 loading class java/nio/channels/Pipe
Event: 7.099 loading class java/nio/channels/Pipe done
Event: 7.099 loading class sun/nio/ch/PipeImpl
Event: 7.099 loading class sun/nio/ch/PipeImpl done
Event: 7.099 loading class sun/nio/ch/PipeImpl$Initializer
Event: 7.099 loading class sun/nio/ch/PipeImpl$Initializer done
Event: 7.099 loading class sun/nio/ch/PipeImpl$Initializer$LoopbackConnector
Event: 7.099 loading class sun/nio/ch/PipeImpl$Initializer$LoopbackConnector done


Dynamic libraries:
0x00007ff7d6640000 - 0x00007ff7d664f000 	C:\Program Files\Java\jdk-13.0.2\bin\javaw.exe
0x00007ff947600000 - 0x00007ff9477f0000 	C:\windows\SYSTEM32\ntdll.dll
0x00007ff945e70000 - 0x00007ff945f22000 	C:\windows\System32\KERNEL32.DLL
0x00007ff945220000 - 0x00007ff9454c5000 	C:\windows\System32\KERNELBASE.dll
0x00007ff941de0000 - 0x00007ff941e6f000 	C:\windows\SYSTEM32\apphelp.dll
0x00007ff8e6e90000 - 0x00007ff8e7322000 	C:\windows\SYSTEM32\AcLayers.DLL
0x00007ff945f30000 - 0x00007ff945fce000 	C:\windows\System32\msvcrt.dll
0x00007ff946030000 - 0x00007ff9461c4000 	C:\windows\System32\USER32.dll
0x00007ff9454d0000 - 0x00007ff9454f1000 	C:\windows\System32\win32u.dll
0x00007ff945810000 - 0x00007ff945836000 	C:\windows\System32\GDI32.dll
0x00007ff944ed0000 - 0x00007ff945066000 	C:\windows\System32\gdi32full.dll
0x00007ff945610000 - 0x00007ff9456ae000 	C:\windows\System32\msvcp_win.dll
0x00007ff945120000 - 0x00007ff94521a000 	C:\windows\System32\ucrtbase.dll
0x00007ff945fd0000 - 0x00007ff946022000 	C:\windows\System32\SHLWAPI.dll
0x00007ff9458f0000 - 0x00007ff945c25000 	C:\windows\System32\combase.dll
0x00007ff945cd0000 - 0x00007ff945df0000 	C:\windows\System32\RPCRT4.dll
0x00007ff945530000 - 0x00007ff9455b0000 	C:\windows\System32\bcryptPrimitives.dll
0x00007ff946c60000 - 0x00007ff946d03000 	C:\windows\System32\ADVAPI32.dll
0x00007ff945c30000 - 0x00007ff945cc7000 	C:\windows\System32\sechost.dll
0x000002187b900000 - 0x000002187b903000 	C:\windows\SYSTEM32\sfc.dll
0x00007ff92f6f0000 - 0x00007ff92f779000 	C:\windows\SYSTEM32\WINSPOOL.DRV
0x00007ff9444d0000 - 0x00007ff9444e1000 	C:\windows\System32\kernel.appcore.dll
0x00007ff945500000 - 0x00007ff945526000 	C:\windows\System32\bcrypt.dll
0x00007ff941a90000 - 0x00007ff941b80000 	C:\windows\SYSTEM32\PROPSYS.dll
0x00007ff946b30000 - 0x00007ff946bf5000 	C:\windows\System32\OLEAUT32.dll
0x00007ff945840000 - 0x00007ff9458e9000 	C:\windows\System32\shcore.dll
0x00007ff9439c0000 - 0x00007ff9439fa000 	C:\windows\SYSTEM32\IPHLPAPI.DLL
0x00007ff924db0000 - 0x00007ff924dc1000 	C:\windows\SYSTEM32\sfc_os.DLL
0x00007ff946660000 - 0x00007ff94668e000 	C:\windows\System32\IMM32.DLL
0x00007ff914c80000 - 0x00007ff914c98000 	C:\Program Files\Java\jdk-13.0.2\bin\jli.dll
0x00007ff90f130000 - 0x00007ff90f145000 	C:\Program Files\Java\jdk-13.0.2\bin\VCRUNTIME140.dll
0x00007ff93f470000 - 0x00007ff93f47a000 	C:\windows\SYSTEM32\VERSION.dll
0x00007ff924870000 - 0x00007ff924af4000 	C:\windows\WinSxS\amd64_microsoft.windows.common-controls_6595b64144ccf1df_6.0.18362.1139_none_9e7bf2d3e4605ac6\COMCTL32.dll
0x00007ff901ff0000 - 0x00007ff90208b000 	C:\Program Files\Java\jdk-13.0.2\bin\msvcp140.dll
0x00007ff8e8670000 - 0x00007ff8e91cd000 	C:\Program Files\Java\jdk-13.0.2\bin\server\jvm.dll
0x00007ff9461d0000 - 0x00007ff9461d8000 	C:\windows\System32\PSAPI.DLL
0x00007ff941ce0000 - 0x00007ff941d04000 	C:\windows\SYSTEM32\WINMM.dll
0x00007ff92d3d0000 - 0x00007ff92d3d9000 	C:\windows\SYSTEM32\WSOCK32.dll
0x00007ff9465f0000 - 0x00007ff94665f000 	C:\windows\System32\WS2_32.dll
0x00007ff941b80000 - 0x00007ff941bad000 	C:\windows\SYSTEM32\WINMMBASE.dll
0x00007ff944e60000 - 0x00007ff944eaa000 	C:\windows\System32\cfgmgr32.dll
0x00007ff92ce50000 - 0x00007ff92ce60000 	C:\Program Files\Java\jdk-13.0.2\bin\verify.dll
0x00007ff942e90000 - 0x00007ff943084000 	C:\windows\SYSTEM32\DBGHELP.DLL
0x00007ff933dc0000 - 0x00007ff933dea000 	C:\windows\SYSTEM32\dbgcore.DLL
0x00007ff902dd0000 - 0x00007ff902df6000 	C:\Program Files\Java\jdk-13.0.2\bin\java.dll
0x00007ff905060000 - 0x00007ff905077000 	C:\Program Files\Java\jdk-13.0.2\bin\zip.dll
0x00007ff92ce10000 - 0x00007ff92ce1a000 	C:\Program Files\Java\jdk-13.0.2\bin\jimage.dll
0x00007ff946d90000 - 0x00007ff947477000 	C:\windows\System32\SHELL32.dll
0x00007ff9446e0000 - 0x00007ff944e60000 	C:\windows\System32\windows.storage.dll
0x00007ff944560000 - 0x00007ff944583000 	C:\windows\System32\profapi.dll
0x00007ff9444f0000 - 0x00007ff94453a000 	C:\windows\System32\powrprof.dll
0x00007ff9444c0000 - 0x00007ff9444d0000 	C:\windows\System32\UMPDC.dll
0x00007ff944eb0000 - 0x00007ff944ec7000 	C:\windows\System32\cryptsp.dll
0x00007ff904de0000 - 0x00007ff904df9000 	C:\Program Files\Java\jdk-13.0.2\bin\net.dll
0x00007ff93aa40000 - 0x00007ff93ab30000 	C:\windows\SYSTEM32\WINHTTP.dll
0x00007ff943cb0000 - 0x00007ff943d17000 	C:\windows\system32\mswsock.dll
0x00007ff9040b0000 - 0x00007ff9040c3000 	C:\Program Files\Java\jdk-13.0.2\bin\nio.dll
0x00007ff93fcd0000 - 0x00007ff93fcd9000 	C:\Program Files\Java\jdk-13.0.2\bin\management.dll
0x00007ff934cb0000 - 0x00007ff934cbb000 	C:\Program Files\Java\jdk-13.0.2\bin\management_ext.dll
0x00007ff9212b0000 - 0x00007ff9212c6000 	C:\windows\system32\napinsp.dll
0x00007ff9210f0000 - 0x00007ff92110a000 	C:\windows\system32\pnrpnsp.dll
0x00007ff943a00000 - 0x00007ff943acb000 	C:\windows\SYSTEM32\DNSAPI.dll
0x00007ff9466b0000 - 0x00007ff9466b8000 	C:\windows\System32\NSI.dll
0x00007ff933470000 - 0x00007ff93347e000 	C:\windows\System32\winrnr.dll
0x00007ff93ee10000 - 0x00007ff93ee2c000 	C:\windows\system32\NLAapi.dll
0x00007ff9210d0000 - 0x00007ff9210e5000 	C:\windows\system32\wshbth.dll
0x00007ff93afa0000 - 0x00007ff93afaa000 	C:\Windows\System32\rasadhlp.dll
0x00007ff9423d0000 - 0x00007ff942447000 	C:\windows\System32\fwpuclnt.dll
0x00007ff943820000 - 0x00007ff943853000 	C:\windows\system32\rsaenh.dll
0x00007ff9443a0000 - 0x00007ff9443c5000 	C:\windows\SYSTEM32\USERENV.dll
0x00007ff943e80000 - 0x00007ff943e8c000 	C:\windows\SYSTEM32\CRYPTBASE.dll
0x00007ff942dc0000 - 0x00007ff942dd6000 	C:\windows\SYSTEM32\dhcpcsvc6.DLL
0x00007ff942da0000 - 0x00007ff942dbc000 	C:\windows\SYSTEM32\dhcpcsvc.DLL
0x00007ff933670000 - 0x00007ff93367e000 	C:\Program Files\Java\jdk-13.0.2\bin\sunmscapi.dll
0x00007ff944590000 - 0x00007ff9446d9000 	C:\windows\System32\CRYPT32.dll
0x00007ff944540000 - 0x00007ff944552000 	C:\windows\System32\MSASN1.dll
0x00007ff943f80000 - 0x00007ff943fa6000 	C:\windows\SYSTEM32\ncrypt.dll
0x00007ff943f40000 - 0x00007ff943f7b000 	C:\windows\SYSTEM32\NTASN1.dll
0x00007ff914cd0000 - 0x00007ff914cf5000 	C:\Program Files\Java\jdk-13.0.2\bin\sunec.dll

dbghelp: loaded successfully - version: 4.0.5 - missing functions: none
symbol engine: initialized successfully - sym options: 0x614 - pdb path: .;C:\Program Files\Java\jdk-13.0.2\bin;C:\windows\SYSTEM32;C:\windows\WinSxS\amd64_microsoft.windows.common-controls_6595b64144ccf1df_6.0.18362.1139_none_9e7bf2d3e4605ac6;C:\Program Files\Java\jdk-13.0.2\bin\server

VM Arguments:
jvm_args: -Dcom.sun.management.jmxremote -Dcom.sun.management.jmxremote.port=50284 -Dcom.sun.management.jmxremote.authenticate=false -Dcom.sun.management.jmxremote.ssl=false -Djava.rmi.server.hostname=localhost -Dspring.jmx.enabled=true -Dspring.application.admin.enabled=true -Xverify:none -XX:TieredStopAtLevel=1 -Dspring.boot.project.name=springboot-registration-login4 -Dfile.encoding=UTF-8 
<<<<<<< HEAD
java_command: com.daneeats.auth.WebApplication --spring.output.ansi.enabled=always
=======
java_command: com.cloudpacks.site.WebApplication --spring.output.ansi.enabled=always
>>>>>>> a54f919673522c80f514cff5366626549ecf014d
java_class_path (initial): C:\Users\Utsav\Documents\workspace-spring-tool-suite-4-4.7.1.RELEASE\springboot-registration-login4\target\classes;C:\Users\Utsav\.m2\repository\org\springframework\boot\spring-boot-starter-web\2.2.3.RELEASE\spring-boot-starter-web-2.2.3.RELEASE.jar;C:\Users\Utsav\.m2\repository\org\springframework\boot\spring-boot-starter\2.2.3.RELEASE\spring-boot-starter-2.2.3.RELEASE.jar;C:\Users\Utsav\.m2\repository\org\springframework\boot\spring-boot-starter-logging\2.2.3.RELEASE\spring-boot-starter-logging-2.2.3.RELEASE.jar;C:\Users\Utsav\.m2\repository\ch\qos\logback\logback-classic\1.2.3\logback-classic-1.2.3.jar;C:\Users\Utsav\.m2\repository\ch\qos\logback\logback-core\1.2.3\logback-core-1.2.3.jar;C:\Users\Utsav\.m2\repository\org\apache\logging\log4j\log4j-to-slf4j\2.12.1\log4j-to-slf4j-2.12.1.jar;C:\Users\Utsav\.m2\repository\org\apache\logging\log4j\log4j-api\2.12.1\log4j-api-2.12.1.jar;C:\Users\Utsav\.m2\repository\org\slf4j\jul-to-slf4j\1.7.30\jul-to-slf4j-1.7.30.jar;C:\Users\Utsav\.m2\repository\jakarta\annotation\jakarta.annotation-api\1.3.5\jakarta.annotation-api-1.3.5.jar;C:\Users\Utsav\.m2\repository\org\springframework\spring-core\5.2.3.RELEASE\spring-core-5.2.3.RELEASE.jar;C:\Users\Utsav\.m2\repository\org\springframework\spring-jcl\5.2.3.RELEASE\spring-jcl-5.2.3.RELEASE.jar;C:\Users\Utsav\.m2\repository\org\yaml\snakeyaml\1.25\snakeyaml-1.25.jar;C:\Users\Utsav\.m2\repository\org\springframework\boot\spring-boot-starter-json\2.2.3.RELEASE\spring-boot-starter-json-2.2.3.RELEASE.jar;C:\Users\Utsav\.m2\repository\com\fasterxml\jackson\core\jackson-databind\2.10.2\jackson-databind-2.10.2.jar;C:\Users\Utsav\.m2\repository\com\fasterxml\jackson\core\jackson-annotations\2.10.2\jackson-annotations-2.10.2.jar;C:\Users\Utsav\.m2\repository\com\fasterxml\jackson\core\jackson-core\2.10.2\jackson-core-2.10.2.jar;C:\Users\Utsav\.m2\repository\com\fasterxml\jackson\datatype\jackson-datatype-jdk8\2.10.2\jackson-datatype-jdk8-2.10.2.jar;C:\Users\Uts
Launcher Type: SUN_STANDARD

[Global flags]
     intx CICompilerCount                          = 4                                         {product} {ergonomic}
     uint ConcGCThreads                            = 2                                         {product} {ergonomic}
     uint G1ConcRefinementThreads                  = 8                                         {product} {ergonomic}
   size_t G1HeapRegionSize                         = 1048576                                   {product} {ergonomic}
    uintx GCDrainStackTargetSize                   = 64                                        {product} {ergonomic}
   size_t InitialHeapSize                          = 132120576                                 {product} {ergonomic}
     bool ManagementServer                         = true                                      {product} {command line}
   size_t MarkStackSize                            = 4194304                                   {product} {ergonomic}
   size_t MaxHeapSize                              = 2084569088                                {product} {ergonomic}
   size_t MaxNewSize                               = 1249902592                                {product} {ergonomic}
   size_t MinHeapDeltaBytes                        = 1048576                                   {product} {ergonomic}
   size_t MinHeapSize                              = 8388608                                   {product} {ergonomic}
    uintx NonNMethodCodeHeapSize                   = 7549744                                {pd product} {ergonomic}
    uintx NonProfiledCodeHeapSize                  = 244108496                              {pd product} {ergonomic}
    uintx ProfiledCodeHeapSize                     = 0                                      {pd product} {ergonomic}
    uintx ReservedCodeCacheSize                    = 251658240                              {pd product} {ergonomic}
     bool SegmentedCodeCache                       = true                                      {product} {ergonomic}
   size_t SoftMaxHeapSize                          = 2084569088                             {manageable} {ergonomic}
     intx TieredStopAtLevel                        = 1                                         {product} {command line}
     bool UseCompressedClassPointers               = true                                 {lp64_product} {ergonomic}
     bool UseCompressedOops                        = true                                 {lp64_product} {ergonomic}
     bool UseG1GC                                  = true                                      {product} {ergonomic}
     bool UseLargePagesIndividualAllocation        = false                                  {pd product} {ergonomic}

Logging:
Log output configuration:
 #0: stdout all=warning uptime,level,tags
 #1: stderr all=off uptime,level,tags

Environment Variables:
JAVA_HOME=C:\Program Files\Java\jdk-13.0.2
PATH=C:/Program Files/Java/jdk-13.0.2/bin/server;C:/Program Files/Java/jdk-13.0.2/bin;C:\windows\system32;C:\windows;C:\windows\System32\Wbem;C:\windows\System32\WindowsPowerShell\v1.0\;C:\windows\System32\OpenSSH\;C:\Program Files (x86)\SMLNJ\bin\;C:\Program Files\PuTTY\;C:\Program Files\Java\jdk-13.0.2\bin;C:\Program Files\nodejs\;D:\Ex_Files_Web_Apps_Ajax\Ex_Files_Web_Apps_Ajax\Exercise Files\Ch02\02_02\start;C:\Program Files\Notepad++;C:\Program Files (x86)\DevDesktop\tools;C:\Program Files (x86)\DevDesktop\drush_10;C:\Program Files\dotnet\;C:\Program Files\Microsoft SQL Server\130\Tools\Binn\;C:\Program Files\Microsoft SQL Server\Client SDK\ODBC\170\Tools\Binn\;C:\Program Files (x86)\Microsoft SQL Server\150\Tools\Binn\;C:\Program Files\Microsoft SQL Server\150\Tools\Binn\;C:\Program Files\Microsoft SQL Server\150\DTS\Binn\;C:\Program Files (x86)\Microsoft SQL Server\150\DTS\Binn\;C:\Program Files\Docker Toolbox;C:\Program Files\apache-maven-3.6.3\bin;C:\Program Files\Git\cmd;C:\Program Files\MySQL\MySQL Shell 8.0\bin\;C:\Python27;C:\Users\Utsav\AppData\Local\Programs\Microsoft VS Code\bin;C:\Users\Utsav\Downloads\sts-4.7.1.RELEASE;
USERNAME=Utsav
OS=Windows_NT
PROCESSOR_IDENTIFIER=Intel64 Family 6 Model 126 Stepping 5, GenuineIntel



---------------  S Y S T E M  ---------------

OS: Windows 10 , 64 bit Build 18362 (10.0.18362.1110)

CPU:total 8 (initial active 8) (4 cores per cpu, 2 threads per core) family 6 model 126 stepping 5, cmov, cx8, fxsr, mmx, sse, sse2, sse3, ssse3, sse4.1, sse4.2, popcnt, avx, avx2, aes, clmul, erms, 3dnowpref, lzcnt, ht, tsc, tscinvbit, bmi1, bmi2, adx, evex, sha, fma

Memory: 4k page, system-wide physical 7945M (1044M free)
TotalPageFile size 16985M (AvailPageFile size 5375M)
current process WorkingSet (physical memory assigned to process): 257M, peak: 257M
current process commit charge ("private bytes"): 339M, peak: 339M

vm_info: Java HotSpot(TM) 64-Bit Server VM (13.0.2+8) for windows-amd64 JRE (13.0.2+8), built on Dec 11 2019 09:20:33 by "mach5one" with unknown MS VC++:1916

END.
